=== ANTIAMNESIA UNIFICADO ===
Fecha: Thu Mar 19 14:06:06 EDT 2026
=============================================

--- VERIFICANDO ARCHIVOS SAGRADOS ---
[FALTA] /data/data/com.termux/files/home/soda/00-GOBIERNO/CONSTITUCION.md
[OK] /data/data/com.termux/files/home/soda/00-GOBIERNO/ESTADO/snx_state.json
[OK] /data/data/com.termux/files/home/soda/02-SISTEMA/snx_control_unico.sh
[OK] /data/data/com.termux/files/home/soda/02-SISTEMA/snx_auditor_unificado.sh

--- VERIFICANDO INTEGRIDAD DE MINISTERIOS ---
[00-GOBIERNO] 75 archivos
[01-MEMORIA] 20 archivos
[02-SISTEMA] 65 archivos
[03-OPERACIONES] 12 archivos
[04-REGISTROS] 817 archivos
[05-DOCUMENTACION] 32 archivos
[docs] 10 archivos

--- GENERANDO CONTEXTO PARA IA ---
Contexto guardado en: /data/data/com.termux/files/home/soda/01-MEMORIA/ACTUAL/contexto_actual.json

--- VERIFICANDO SERVICIOS CRÍTICOS ---
[AVISO] Controlador único no está corriendo

=== ANTIAMNESIA COMPLETADA ===
Log guardado en: /data/data/com.termux/files/home/soda/04-REGISTROS/SYSTEM/antiamnesia_20260319_140606.log
Contexto actualizado en: /data/data/com.termux/files/home/soda/01-MEMORIA/ACTUAL/contexto_actual.json
