[2026-03-16 17:32:54] Wake-lock activo.
[2026-03-16 17:32:54] Iniciando limpieza preventiva de procesos zombies...
[2026-03-16 17:54:10] Wake-lock activo.
[2026-03-16 17:54:10] Iniciando limpieza preventiva de procesos zombies...
[2026-03-16 17:54:10] ALERTA: Orquestador V6 no detectado. Reiniciando...
[2026-03-16 17:59:10] Latido V6: Sistema estable.
[2026-03-16 18:04:10] Latido V6: Sistema estable.
[2026-03-16 18:09:10] Latido V6: Sistema estable.
[2026-03-16 18:14:10] Latido V6: Sistema estable.
[2026-03-16 18:19:10] Latido V6: Sistema estable.
[2026-03-16 18:24:10] Latido V6: Sistema estable.
[2026-03-16 18:29:10] Latido V6: Sistema estable.
[2026-03-16 18:33:08] Wake-lock activo.
[2026-03-16 18:33:08] Iniciando limpieza preventiva de procesos zombies...
[2026-03-16 18:33:09] ALERTA: Orquestador V6 no detectado. Reiniciando...
[2026-03-16 18:36:38] Wake-lock activo.
[2026-03-16 18:36:38] Iniciando limpieza preventiva de procesos zombies...
[2026-03-16 18:36:38] ALERTA: Orquestador V6 no detectado. Reiniciando...
[2026-03-16 18:36:56] Wake-lock activo.
[2026-03-16 18:36:56] Iniciando limpieza preventiva de procesos zombies...
[2026-03-16 18:41:48] Wake-lock activo.
[2026-03-16 18:41:48] Iniciando limpieza preventiva de procesos zombies...
[2026-03-16 18:46:08] Wake-lock activo.
[2026-03-16 18:46:08] Iniciando limpieza preventiva de procesos zombies...
[2026-03-16 18:46:48] Latido V6: Sistema estable.
[2026-03-16 18:51:08] Latido V6: Sistema estable.
[2026-03-16 18:51:08] ALERTA: Orquestador V6 no detectado. Reiniciando...
[2026-03-16 18:54:14] Wake-lock activo.
[2026-03-16 18:54:14] Iniciando limpieza preventiva de procesos zombies...
[2026-03-16 18:56:08] Latido V6: Sistema estable.
[2026-03-16 18:59:14] Latido V6: Sistema estable.
[2026-03-16 18:59:14] ALERTA: Orquestador V6 no detectado. Reiniciando...
[2026-03-16 19:04:14] Latido V6: Sistema estable.
[2026-03-16 19:09:14] Latido V6: Sistema estable.
[2026-03-16 19:14:14] Latido V6: Sistema estable.
[2026-03-16 19:19:14] Latido V6: Sistema estable.
[2026-03-16 19:24:14] Latido V6: Sistema estable.
[2026-03-16 19:29:14] Latido V6: Sistema estable.
[2026-03-16 19:34:14] Latido V6: Sistema estable.
[2026-03-16 19:39:14] Latido V6: Sistema estable.
[2026-03-16 19:44:14] Latido V6: Sistema estable.
[2026-03-16 19:49:15] Latido V6: Sistema estable.
[2026-03-16 19:54:15] Latido V6: Sistema estable.
[2026-03-16 19:59:15] Latido V6: Sistema estable.
[2026-03-16 20:04:15] Latido V6: Sistema estable.
[2026-03-16 20:07:41] Wake-lock activo.
[2026-03-16 20:07:41] Iniciando limpieza preventiva de procesos zombies...
[2026-03-16 20:12:41] Latido V6: Sistema estable.
[2026-03-16 20:12:41] ALERTA: Orquestador V6 no detectado. Reiniciando...
[2026-03-16 20:16:55] Wake-lock activo.
[2026-03-16 20:16:55] Iniciando limpieza preventiva de procesos zombies...
[2026-03-16 20:21:55] Latido V6: Sistema estable.
[2026-03-16 20:26:55] Latido V6: Sistema estable.
[2026-03-16 20:30:38] Wake-lock activo.
[2026-03-16 20:30:38] Iniciando limpieza preventiva de procesos zombies...
[2026-03-16 20:30:44] Wake-lock activo.
[2026-03-16 20:30:44] Iniciando limpieza preventiva de procesos zombies...
[2026-03-16 20:30:44] ALERTA: Orquestador V6 no detectado. Reiniciando...
[2026-03-16 20:30:55] Wake-lock activo.
[2026-03-16 20:30:55] Iniciando limpieza preventiva de procesos zombies...
[2026-03-16 20:30:55] ALERTA: Orquestador V6 no detectado. Reiniciando...
[2026-03-16 20:32:23] Wake-lock activo.
[2026-03-16 20:32:23] Iniciando limpieza preventiva de procesos zombies...
[2026-03-16 20:32:23] ALERTA: Orquestador V6 no detectado. Reiniciando...
[2026-03-16 20:33:16] Wake-lock activo.
[2026-03-16 20:33:16] Iniciando limpieza preventiva de procesos zombies...
[2026-03-16 20:33:17] ALERTA: Orquestador V6 no detectado. Reiniciando...
[2026-03-16 20:33:31] Wake-lock activo.
[2026-03-16 20:33:31] Iniciando limpieza preventiva de procesos zombies...
[2026-03-16 20:33:31] ALERTA: Orquestador V6 no detectado. Reiniciando...
[2026-03-16 20:35:44] Wake-lock activo.
[2026-03-16 20:35:44] Iniciando limpieza preventiva de procesos zombies...
[2026-03-16 20:35:44] ALERTA: Orquestador V6 no detectado. Reiniciando...
[2026-03-16 20:40:44] Latido V6: Sistema estable.
[2026-03-16 20:41:28] Wake-lock activo.
[2026-03-16 20:41:28] Iniciando limpieza preventiva de procesos zombies...
[2026-03-16 20:46:29] Latido V6: Sistema estable.
[2026-03-16 20:51:29] Latido V6: Sistema estable.
[2026-03-16 20:53:12] Wake-lock activo.
[2026-03-16 20:53:12] Iniciando limpieza preventiva de procesos zombies...
[2026-03-16 20:53:12] ALERTA: Orquestador V6 no detectado. Reiniciando...
[2026-03-16 20:58:12] Latido V6: Sistema estable.
[2026-03-16 21:01:01] Wake-lock activo.
[2026-03-16 21:01:01] Iniciando limpieza preventiva de procesos zombies...
[2026-03-16 21:06:01] Latido V6: Sistema estable.
[2026-03-16 21:06:01] ALERTA: Orquestador V6 no detectado. Reiniciando...
[2026-03-16 21:08:01] Wake-lock activo.
[2026-03-16 21:08:01] Iniciando limpieza preventiva de procesos zombies...
[2026-03-16 21:13:01] Latido V6: Sistema estable.
[2026-03-16 21:18:01] Latido V6: Sistema estable.
[2026-03-16 21:18:01] ALERTA: Orquestador V6 no detectado. Reiniciando...
[2026-03-16 21:23:01] Latido V6: Sistema estable.
[2026-03-16 21:28:01] Latido V6: Sistema estable.
[2026-03-16 21:33:01] Latido V6: Sistema estable.
[2026-03-16 21:33:11] Wake-lock activo.
[2026-03-16 21:33:11] Iniciando limpieza preventiva de procesos zombies...
[2026-03-16 21:38:11] Latido V6: Sistema estable.
[2026-03-16 21:38:11] ALERTA: Orquestador V6 no detectado. Reiniciando...
[2026-03-16 21:40:02] Wake-lock activo.
[2026-03-16 21:40:02] Iniciando limpieza preventiva de procesos zombies...
[2026-03-16 21:45:02] Latido V6: Sistema estable.
[2026-03-16 21:50:02] Latido V6: Sistema estable.
[2026-03-16 21:55:02] Latido V6: Sistema estable.
[2026-03-16 22:00:02] Latido V6: Sistema estable.
[2026-03-16 22:05:02] Latido V6: Sistema estable.
[2026-03-16 22:08:11] Wake-lock activo.
[2026-03-16 22:08:11] Iniciando limpieza preventiva de procesos zombies...
[2026-03-16 22:08:11] ALERTA: Orquestador V6 no detectado. Reiniciando...
[2026-03-16 22:13:11] Latido V6: Sistema estable.
[2026-03-16 22:18:12] Wake-lock activo.
[2026-03-16 22:18:12] Iniciando limpieza preventiva de procesos zombies...
[2026-03-16 22:18:12] ALERTA: Orquestador V6 no detectado. Reiniciando...
[2026-03-16 22:23:12] Latido V6: Sistema estable.
[2026-03-16 22:28:12] Latido V6: Sistema estable.
[2026-03-16 22:33:12] Latido V6: Sistema estable.
[2026-03-16 22:38:12] Latido V6: Sistema estable.
[2026-03-16 22:43:12] Latido V6: Sistema estable.
[2026-03-16 22:48:12] Latido V6: Sistema estable.
[2026-03-16 22:53:12] Latido V6: Sistema estable.
[2026-03-16 22:58:12] Latido V6: Sistema estable.
[2026-03-16 23:03:12] Latido V6: Sistema estable.
[2026-03-16 23:08:12] Latido V6: Sistema estable.
[2026-03-16 23:13:12] Latido V6: Sistema estable.
[2026-03-16 23:18:13] Latido V6: Sistema estable.
[2026-03-16 23:23:13] Latido V6: Sistema estable.
[2026-03-16 23:27:08] Wake-lock activo.
[2026-03-16 23:27:09] Iniciando limpieza preventiva de procesos zombies...
[2026-03-16 23:32:09] Latido V6: Sistema estable.
[2026-03-16 23:32:09] ALERTA: Orquestador V6 no detectado. Reiniciando...
[2026-03-16 23:33:33] Wake-lock activo.
[2026-03-16 23:33:33] Iniciando limpieza preventiva de procesos zombies...
[2026-03-16 23:35:42] Wake-lock activo.
[2026-03-16 23:35:42] Iniciando limpieza preventiva de procesos zombies...
[2026-03-16 23:35:42] ALERTA: Orquestador V6 no detectado. Reiniciando...
[2026-03-16 23:40:42] Latido V6: Sistema estable.
[2026-03-16 23:43:17] Wake-lock activo.
[2026-03-16 23:43:17] Iniciando limpieza preventiva de procesos zombies...
[2026-03-16 23:48:17] Latido V6: Sistema estable.
[2026-03-16 23:48:17] ALERTA: Orquestador V6 no detectado. Reiniciando...
[2026-03-16 23:53:17] Latido V6: Sistema estable.
[2026-03-16 23:58:17] Latido V6: Sistema estable.
[2026-03-17 00:03:17] Latido V6: Sistema estable.
[2026-03-17 00:08:17] Latido V6: Sistema estable.
[2026-03-17 00:13:17] Latido V6: Sistema estable.
[2026-03-17 00:18:17] Latido V6: Sistema estable.
[2026-03-17 00:23:17] Latido V6: Sistema estable.
[2026-03-17 00:28:17] Latido V6: Sistema estable.
[2026-03-17 00:33:17] Latido V6: Sistema estable.
[2026-03-17 00:38:17] Latido V6: Sistema estable.
[2026-03-17 00:43:17] Latido V6: Sistema estable.
[2026-03-17 00:48:17] Latido V6: Sistema estable.
[2026-03-17 00:53:17] Latido V6: Sistema estable.
[2026-03-17 00:58:17] Latido V6: Sistema estable.
[2026-03-17 01:03:18] Latido V6: Sistema estable.
[2026-03-17 01:08:18] Latido V6: Sistema estable.
[2026-03-17 01:13:18] Latido V6: Sistema estable.
[2026-03-17 01:18:18] Latido V6: Sistema estable.
[2026-03-17 01:23:18] Latido V6: Sistema estable.
[2026-03-17 01:28:18] Latido V6: Sistema estable.
[2026-03-17 01:33:18] Latido V6: Sistema estable.
[2026-03-17 01:38:18] Latido V6: Sistema estable.
[2026-03-17 01:43:18] Latido V6: Sistema estable.
[2026-03-17 01:48:18] Latido V6: Sistema estable.
[2026-03-17 01:53:18] Latido V6: Sistema estable.
[2026-03-17 01:58:18] Latido V6: Sistema estable.
[2026-03-17 02:03:18] Latido V6: Sistema estable.
[2026-03-17 02:08:18] Latido V6: Sistema estable.
[2026-03-17 02:13:18] Latido V6: Sistema estable.
[2026-03-17 02:18:18] Latido V6: Sistema estable.
[2026-03-17 02:23:18] Latido V6: Sistema estable.
[2026-03-17 02:28:19] Latido V6: Sistema estable.
[2026-03-17 02:33:19] Latido V6: Sistema estable.
[2026-03-17 02:38:19] Latido V6: Sistema estable.
[2026-03-17 02:43:19] Latido V6: Sistema estable.
[2026-03-17 02:48:19] Latido V6: Sistema estable.
[2026-03-17 02:53:19] Latido V6: Sistema estable.
[2026-03-17 02:58:19] Latido V6: Sistema estable.
[2026-03-17 03:03:19] Latido V6: Sistema estable.
[2026-03-17 03:08:19] Latido V6: Sistema estable.
[2026-03-17 03:13:19] Latido V6: Sistema estable.
[2026-03-17 03:18:19] Latido V6: Sistema estable.
[2026-03-17 03:23:19] Latido V6: Sistema estable.
[2026-03-17 03:28:19] Latido V6: Sistema estable.
[2026-03-17 03:33:19] Latido V6: Sistema estable.
[2026-03-17 03:38:19] Latido V6: Sistema estable.
[2026-03-17 03:43:19] Latido V6: Sistema estable.
[2026-03-17 03:48:19] Latido V6: Sistema estable.
[2026-03-17 03:53:19] Latido V6: Sistema estable.
[2026-03-17 03:58:19] Latido V6: Sistema estable.
[2026-03-17 04:03:20] Latido V6: Sistema estable.
[2026-03-17 04:08:20] Latido V6: Sistema estable.
[2026-03-17 04:13:20] Latido V6: Sistema estable.
[2026-03-17 04:18:20] Latido V6: Sistema estable.
[2026-03-17 04:23:20] Latido V6: Sistema estable.
[2026-03-17 04:28:20] Latido V6: Sistema estable.
[2026-03-17 04:33:20] Latido V6: Sistema estable.
[2026-03-17 04:38:20] Latido V6: Sistema estable.
[2026-03-17 04:43:20] Latido V6: Sistema estable.
[2026-03-17 04:48:20] Latido V6: Sistema estable.
[2026-03-17 04:53:20] Latido V6: Sistema estable.
[2026-03-17 04:58:20] Latido V6: Sistema estable.
[2026-03-17 05:03:20] Latido V6: Sistema estable.
[2026-03-17 05:08:20] Latido V6: Sistema estable.
[2026-03-17 05:13:20] Latido V6: Sistema estable.
[2026-03-17 05:18:20] Latido V6: Sistema estable.
[2026-03-17 05:23:20] Latido V6: Sistema estable.
[2026-03-17 05:28:20] Latido V6: Sistema estable.
[2026-03-17 05:33:21] Latido V6: Sistema estable.
[2026-03-17 05:38:21] Latido V6: Sistema estable.
[2026-03-17 05:43:21] Latido V6: Sistema estable.
[2026-03-17 05:48:21] Latido V6: Sistema estable.
[2026-03-17 05:53:21] Latido V6: Sistema estable.
[2026-03-17 05:58:21] Latido V6: Sistema estable.
[2026-03-17 06:03:21] Latido V6: Sistema estable.
[2026-03-17 06:08:21] Latido V6: Sistema estable.
[2026-03-17 06:13:21] Latido V6: Sistema estable.
[2026-03-17 06:18:21] Latido V6: Sistema estable.
[2026-03-17 06:23:21] Latido V6: Sistema estable.
[2026-03-17 06:28:21] Latido V6: Sistema estable.
[2026-03-17 06:33:21] Latido V6: Sistema estable.
[2026-03-17 06:38:21] Latido V6: Sistema estable.
[2026-03-17 06:43:21] Latido V6: Sistema estable.
[2026-03-17 06:48:21] Latido V6: Sistema estable.
[2026-03-17 06:53:21] Latido V6: Sistema estable.
[2026-03-17 06:58:21] Latido V6: Sistema estable.
[2026-03-17 07:03:22] Latido V6: Sistema estable.
[2026-03-17 07:08:22] Latido V6: Sistema estable.
[2026-03-17 07:13:22] Latido V6: Sistema estable.
[2026-03-17 07:18:22] Latido V6: Sistema estable.
[2026-03-17 07:23:22] Latido V6: Sistema estable.
[2026-03-17 07:28:22] Latido V6: Sistema estable.
[2026-03-17 07:33:22] Latido V6: Sistema estable.
[2026-03-17 07:38:22] Latido V6: Sistema estable.
[2026-03-17 07:43:22] Latido V6: Sistema estable.
[2026-03-17 07:48:22] Latido V6: Sistema estable.
[2026-03-17 07:53:22] Latido V6: Sistema estable.
[2026-03-17 07:58:22] Latido V6: Sistema estable.
[2026-03-17 08:03:22] Latido V6: Sistema estable.
[2026-03-17 08:08:22] Latido V6: Sistema estable.
[2026-03-17 08:13:22] Latido V6: Sistema estable.
[2026-03-17 08:18:22] Latido V6: Sistema estable.
[2026-03-17 08:23:22] Latido V6: Sistema estable.
[2026-03-17 08:28:22] Latido V6: Sistema estable.
[2026-03-17 08:33:23] Latido V6: Sistema estable.
[2026-03-17 08:38:23] Latido V6: Sistema estable.
[2026-03-17 08:43:23] Latido V6: Sistema estable.
[2026-03-17 08:48:23] Latido V6: Sistema estable.
[2026-03-17 08:53:23] Latido V6: Sistema estable.
[2026-03-17 08:58:23] Latido V6: Sistema estable.
[2026-03-17 09:03:23] Latido V6: Sistema estable.
[2026-03-17 09:08:23] Latido V6: Sistema estable.
[2026-03-17 09:13:23] Latido V6: Sistema estable.
[2026-03-17 09:18:23] Latido V6: Sistema estable.
[2026-03-17 09:23:23] Latido V6: Sistema estable.
[2026-03-17 09:28:23] Latido V6: Sistema estable.
[2026-03-17 09:33:23] Latido V6: Sistema estable.
[2026-03-17 09:38:23] Latido V6: Sistema estable.
[2026-03-17 09:43:23] Latido V6: Sistema estable.
[2026-03-17 09:48:23] Latido V6: Sistema estable.
[2026-03-17 09:53:23] Latido V6: Sistema estable.
[2026-03-17 09:58:23] Latido V6: Sistema estable.
[2026-03-17 10:03:23] Latido V6: Sistema estable.
[2026-03-17 10:08:24] Latido V6: Sistema estable.
[2026-03-17 10:13:24] Latido V6: Sistema estable.
[2026-03-17 10:18:24] Latido V6: Sistema estable.
[2026-03-17 10:23:24] Latido V6: Sistema estable.
[2026-03-17 10:28:24] Latido V6: Sistema estable.
[2026-03-17 10:33:24] Latido V6: Sistema estable.
[2026-03-17 10:38:24] Latido V6: Sistema estable.
[2026-03-17 10:43:24] Latido V6: Sistema estable.
[2026-03-17 10:48:24] Latido V6: Sistema estable.
[2026-03-17 10:53:24] Latido V6: Sistema estable.
[2026-03-17 10:58:24] Latido V6: Sistema estable.
[2026-03-17 11:03:24] Latido V6: Sistema estable.
[2026-03-17 11:08:24] Latido V6: Sistema estable.
[2026-03-17 11:13:24] Latido V6: Sistema estable.
[2026-03-17 11:18:24] Latido V6: Sistema estable.
[2026-03-17 11:23:24] Latido V6: Sistema estable.
[2026-03-17 11:28:24] Latido V6: Sistema estable.
[2026-03-17 11:33:24] Latido V6: Sistema estable.
[2026-03-17 11:38:25] Latido V6: Sistema estable.
[2026-03-17 11:43:25] Latido V6: Sistema estable.
[2026-03-17 11:48:25] Latido V6: Sistema estable.
[2026-03-17 11:53:25] Latido V6: Sistema estable.
[2026-03-17 11:58:25] Latido V6: Sistema estable.
[2026-03-17 12:03:25] Latido V6: Sistema estable.
[2026-03-17 12:08:25] Latido V6: Sistema estable.
[2026-03-17 12:13:25] Latido V6: Sistema estable.
[2026-03-17 12:18:25] Latido V6: Sistema estable.
[2026-03-17 12:23:25] Latido V6: Sistema estable.
[2026-03-17 12:28:25] Latido V6: Sistema estable.
[2026-03-17 12:33:25] Latido V6: Sistema estable.
[2026-03-17 12:38:25] Latido V6: Sistema estable.
[2026-03-17 12:43:25] Latido V6: Sistema estable.
[2026-03-17 12:48:25] Latido V6: Sistema estable.
[2026-03-17 12:53:25] Latido V6: Sistema estable.
[2026-03-17 12:58:25] Latido V6: Sistema estable.
[2026-03-17 13:03:25] Latido V6: Sistema estable.
[2026-03-17 13:08:26] Latido V6: Sistema estable.
[2026-03-17 13:13:26] Latido V6: Sistema estable.
[2026-03-17 13:18:26] Latido V6: Sistema estable.
[2026-03-17 13:23:26] Latido V6: Sistema estable.
[2026-03-17 13:28:26] Latido V6: Sistema estable.
[2026-03-17 13:33:26] Latido V6: Sistema estable.
[2026-03-17 13:38:26] Latido V6: Sistema estable.
[2026-03-17 13:43:26] Latido V6: Sistema estable.
[2026-03-17 13:48:26] Latido V6: Sistema estable.
[2026-03-17 13:53:26] Latido V6: Sistema estable.
[2026-03-17 13:58:26] Latido V6: Sistema estable.
[2026-03-17 14:03:26] Latido V6: Sistema estable.
[2026-03-17 14:08:26] Latido V6: Sistema estable.
[2026-03-17 14:13:26] Latido V6: Sistema estable.
[2026-03-17 14:18:26] Latido V6: Sistema estable.
[2026-03-17 14:23:26] Latido V6: Sistema estable.
[2026-03-17 14:28:26] Latido V6: Sistema estable.
[2026-03-17 14:33:26] Latido V6: Sistema estable.
[2026-03-17 14:38:26] Latido V6: Sistema estable.
[2026-03-17 14:43:27] Latido V6: Sistema estable.
[2026-03-17 14:48:27] Latido V6: Sistema estable.
[2026-03-17 14:53:27] Latido V6: Sistema estable.
[2026-03-17 14:58:27] Latido V6: Sistema estable.
[2026-03-17 15:03:27] Latido V6: Sistema estable.
[2026-03-17 15:08:27] Latido V6: Sistema estable.
[2026-03-17 15:13:27] Latido V6: Sistema estable.
[2026-03-17 15:18:27] Latido V6: Sistema estable.
[2026-03-17 15:23:27] Latido V6: Sistema estable.
[2026-03-17 15:28:27] Latido V6: Sistema estable.
[2026-03-17 15:33:27] Latido V6: Sistema estable.
[2026-03-17 15:38:27] Latido V6: Sistema estable.
[2026-03-17 15:43:27] Latido V6: Sistema estable.
[2026-03-17 15:48:27] Latido V6: Sistema estable.
[2026-03-17 15:53:27] Latido V6: Sistema estable.
[2026-03-17 15:58:27] Latido V6: Sistema estable.
[2026-03-17 16:03:27] Latido V6: Sistema estable.
[2026-03-17 16:08:27] Latido V6: Sistema estable.
[2026-03-17 16:13:28] Latido V6: Sistema estable.
[2026-03-17 16:18:28] Latido V6: Sistema estable.
[2026-03-17 16:23:28] Latido V6: Sistema estable.
[2026-03-17 16:28:28] Latido V6: Sistema estable.
[2026-03-17 16:33:28] Latido V6: Sistema estable.
[2026-03-17 16:38:28] Latido V6: Sistema estable.
[2026-03-17 16:43:28] Latido V6: Sistema estable.
[2026-03-17 16:48:28] Latido V6: Sistema estable.
[2026-03-17 16:53:28] Latido V6: Sistema estable.
[2026-03-17 16:58:28] Latido V6: Sistema estable.
[2026-03-17 17:03:28] Latido V6: Sistema estable.
[2026-03-17 17:08:28] Latido V6: Sistema estable.
[2026-03-17 17:13:28] Latido V6: Sistema estable.
[2026-03-17 17:18:28] Latido V6: Sistema estable.
[2026-03-17 17:23:28] Latido V6: Sistema estable.
[2026-03-17 17:28:28] Latido V6: Sistema estable.
[2026-03-17 17:33:28] Latido V6: Sistema estable.
[2026-03-17 17:38:28] Latido V6: Sistema estable.
[2026-03-17 17:43:28] Latido V6: Sistema estable.
[2026-03-17 17:48:29] Latido V6: Sistema estable.
[2026-03-17 17:53:29] Latido V6: Sistema estable.
[2026-03-17 17:58:29] Latido V6: Sistema estable.
[2026-03-17 18:03:29] Latido V6: Sistema estable.
[2026-03-17 18:08:29] Latido V6: Sistema estable.
[2026-03-17 18:13:29] Latido V6: Sistema estable.
[2026-03-17 18:18:29] Latido V6: Sistema estable.
[2026-03-17 18:23:29] Latido V6: Sistema estable.
[2026-03-17 18:28:29] Latido V6: Sistema estable.
[2026-03-17 18:33:29] Latido V6: Sistema estable.
[2026-03-17 18:38:29] Latido V6: Sistema estable.
[2026-03-17 18:43:29] Latido V6: Sistema estable.
[2026-03-17 18:48:29] Latido V6: Sistema estable.
[2026-03-17 18:53:29] Latido V6: Sistema estable.
[2026-03-17 18:58:29] Latido V6: Sistema estable.
[2026-03-17 19:03:29] Latido V6: Sistema estable.
[2026-03-17 19:08:29] Latido V6: Sistema estable.
[2026-03-17 19:13:29] Latido V6: Sistema estable.
[2026-03-17 19:18:30] Latido V6: Sistema estable.
[2026-03-17 19:23:30] Latido V6: Sistema estable.
[2026-03-17 19:28:30] Latido V6: Sistema estable.
[2026-03-17 19:33:30] Latido V6: Sistema estable.
[2026-03-17 19:38:30] Latido V6: Sistema estable.
[2026-03-17 19:43:30] Latido V6: Sistema estable.
[2026-03-17 19:48:30] Latido V6: Sistema estable.
[2026-03-17 19:53:30] Latido V6: Sistema estable.
[2026-03-17 19:58:30] Latido V6: Sistema estable.
[2026-03-17 20:03:30] Latido V6: Sistema estable.
[2026-03-17 20:08:30] Latido V6: Sistema estable.
[2026-03-17 20:13:30] Latido V6: Sistema estable.
[2026-03-17 20:18:30] Latido V6: Sistema estable.
[2026-03-17 20:23:30] Latido V6: Sistema estable.
[2026-03-17 20:28:30] Latido V6: Sistema estable.
[2026-03-17 20:33:30] Latido V6: Sistema estable.
[2026-03-17 20:38:30] Latido V6: Sistema estable.
[2026-03-17 20:43:30] Latido V6: Sistema estable.
[2026-03-17 20:48:31] Latido V6: Sistema estable.
[2026-03-17 20:53:31] Latido V6: Sistema estable.
[2026-03-17 20:58:31] Latido V6: Sistema estable.
[2026-03-17 21:03:31] Latido V6: Sistema estable.
[2026-03-17 21:08:31] Latido V6: Sistema estable.
[2026-03-17 21:13:31] Latido V6: Sistema estable.
[2026-03-18 12:15:31] Wake-lock activo.
[2026-03-18 12:15:31] Iniciando limpieza preventiva de procesos zombies...
[2026-03-18 12:15:31] ALERTA: Orquestador V6 no detectado. Reiniciando...
[2026-03-18 12:20:31] Latido V6: Sistema estable.
[2026-03-18 12:25:31] Latido V6: Sistema estable.
[2026-03-18 12:25:34] Wake-lock activo.
[2026-03-18 12:25:34] Iniciando limpieza preventiva de procesos zombies...
[2026-03-18 12:28:34] Wake-lock activo.
[2026-03-18 12:28:34] Iniciando limpieza preventiva de procesos zombies...
[2026-03-18 12:28:34] ALERTA: Orquestador V6 no detectado. Reiniciando...
[2026-03-18 12:33:34] Latido V6: Sistema estable.
[2026-03-18 12:38:32] Wake-lock activo.
[2026-03-18 12:38:32] Iniciando limpieza preventiva de procesos zombies...
[2026-03-18 12:38:34] Latido V6: Sistema estable.
[2026-03-18 12:43:32] Latido V6: Sistema estable.
[2026-03-18 12:43:32] ALERTA: Orquestador V6 no detectado. Reiniciando...
[2026-03-18 12:48:32] Latido V6: Sistema estable.
[2026-03-18 12:49:19] Wake-lock activo.
[2026-03-18 12:49:19] Iniciando limpieza preventiva de procesos zombies...
[2026-03-18 12:51:05] Wake-lock activo.
[2026-03-18 12:51:05] Iniciando limpieza preventiva de procesos zombies...
[2026-03-18 12:51:05] ALERTA: Orquestador V6 no detectado. Reiniciando...
[2026-03-18 12:53:19] Wake-lock activo.
[2026-03-18 12:53:19] Iniciando limpieza preventiva de procesos zombies...
[2026-03-18 12:58:19] Latido V6: Sistema estable.
[2026-03-18 12:58:19] ALERTA: Orquestador V6 no detectado. Reiniciando...
[2026-03-18 13:01:21] Wake-lock activo.
[2026-03-18 13:01:21] Iniciando limpieza preventiva de procesos zombies...
[2026-03-18 13:06:21] Latido V6: Sistema estable.
[2026-03-18 13:08:35] Wake-lock activo.
[2026-03-18 13:08:35] Iniciando limpieza preventiva de procesos zombies...
[2026-03-18 13:13:36] Latido V6: Sistema estable.
[2026-03-18 13:18:36] Latido V6: Sistema estable.
[2026-03-18 13:23:36] Latido V6: Sistema estable.
[2026-03-18 13:28:36] Latido V6: Sistema estable.
[2026-03-18 13:33:36] Latido V6: Sistema estable.
[2026-03-18 13:38:36] Latido V6: Sistema estable.
[2026-03-18 13:43:36] Latido V6: Sistema estable.
[2026-03-18 13:48:36] Latido V6: Sistema estable.
[2026-03-18 13:53:36] Latido V6: Sistema estable.
[2026-03-18 13:58:36] Latido V6: Sistema estable.
[2026-03-18 14:03:36] Latido V6: Sistema estable.
[2026-03-18 14:08:36] Latido V6: Sistema estable.
[2026-03-18 14:13:36] Latido V6: Sistema estable.
[2026-03-18 14:18:36] Latido V6: Sistema estable.
[2026-03-18 14:23:36] Latido V6: Sistema estable.
[2026-03-18 14:28:36] Latido V6: Sistema estable.
[2026-03-18 14:33:37] Latido V6: Sistema estable.
[2026-03-18 14:38:37] Latido V6: Sistema estable.
[2026-03-18 14:43:37] Latido V6: Sistema estable.
[2026-03-18 14:43:37] ALERTA: Orquestador V6 no detectado. Reiniciando...
[2026-03-18 14:48:37] Latido V6: Sistema estable.
[2026-03-18 15:16:26] Latido V6: Sistema estable.
[2026-03-18 15:28:23] Wake-lock activo.
[2026-03-18 15:28:23] Iniciando limpieza preventiva de procesos zombies...
[2026-03-18 15:33:23] Latido V6: Sistema estable.
[2026-03-18 15:33:23] ALERTA: Orquestador V6 no detectado. Reiniciando...
[2026-03-18 15:38:23] Latido V6: Sistema estable.
[2026-03-18 15:43:23] Latido V6: Sistema estable.
[2026-03-18 15:48:24] Latido V6: Sistema estable.
[2026-03-18 15:53:24] Latido V6: Sistema estable.
[2026-03-18 15:58:24] Latido V6: Sistema estable.
[2026-03-18 16:03:24] Latido V6: Sistema estable.
[2026-03-18 16:08:24] Latido V6: Sistema estable.
[2026-03-18 16:11:31] Wake-lock activo.
[2026-03-18 16:11:31] Iniciando limpieza preventiva de procesos zombies...
[2026-03-18 16:16:31] Latido V6: Sistema estable.
[2026-03-18 16:16:32] ALERTA: Orquestador V6 no detectado. Reiniciando...
[2026-03-18 16:21:32] Latido V6: Sistema estable.
[2026-03-18 16:24:30] Wake-lock activo.
[2026-03-18 16:24:30] Iniciando limpieza preventiva de procesos zombies...
[2026-03-18 16:29:30] Latido V6: Sistema estable.
[2026-03-18 16:29:31] ALERTA: Orquestador V6 no detectado. Reiniciando...
[2026-03-18 16:34:31] Latido V6: Sistema estable.
[2026-03-18 16:39:31] Latido V6: Sistema estable.
[2026-03-18 16:44:31] Latido V6: Sistema estable.
[2026-03-18 16:49:31] Latido V6: Sistema estable.
[2026-03-18 16:54:31] Latido V6: Sistema estable.
[2026-03-18 16:59:31] Latido V6: Sistema estable.
[2026-03-18 17:04:31] Latido V6: Sistema estable.
[2026-03-18 17:09:31] Latido V6: Sistema estable.
[2026-03-18 17:14:31] Latido V6: Sistema estable.
[2026-03-18 17:19:31] Latido V6: Sistema estable.
[2026-03-18 17:24:31] Latido V6: Sistema estable.
[2026-03-18 17:29:31] Latido V6: Sistema estable.
[2026-03-18 17:34:31] Latido V6: Sistema estable.
[2026-03-18 17:39:31] Latido V6: Sistema estable.
[2026-03-18 17:44:31] Latido V6: Sistema estable.
[2026-03-18 17:49:31] Latido V6: Sistema estable.
[2026-03-18 17:54:31] Latido V6: Sistema estable.
[2026-03-18 17:59:31] Latido V6: Sistema estable.
[2026-03-18 18:04:32] Latido V6: Sistema estable.
[2026-03-18 18:09:32] Latido V6: Sistema estable.
[2026-03-18 18:14:32] Latido V6: Sistema estable.
[2026-03-18 18:19:32] Latido V6: Sistema estable.
[2026-03-18 18:24:32] Latido V6: Sistema estable.
[2026-03-18 18:29:32] Latido V6: Sistema estable.
[2026-03-18 18:34:32] Latido V6: Sistema estable.
[2026-03-18 18:39:32] Latido V6: Sistema estable.
[2026-03-18 18:44:32] Latido V6: Sistema estable.
[2026-03-18 18:49:32] Latido V6: Sistema estable.
[2026-03-18 18:54:32] Latido V6: Sistema estable.
[2026-03-18 18:59:32] Latido V6: Sistema estable.
[2026-03-18 19:04:32] Latido V6: Sistema estable.
[2026-03-18 19:09:32] Latido V6: Sistema estable.
[2026-03-18 19:14:32] Latido V6: Sistema estable.
[2026-03-18 19:19:32] Latido V6: Sistema estable.
[2026-03-18 19:24:32] Latido V6: Sistema estable.
[2026-03-18 19:29:32] Latido V6: Sistema estable.
[2026-03-18 19:34:33] Latido V6: Sistema estable.
[2026-03-18 19:39:33] Latido V6: Sistema estable.
[2026-03-18 19:44:33] Latido V6: Sistema estable.
[2026-03-18 19:49:33] Latido V6: Sistema estable.
[2026-03-18 19:54:33] Latido V6: Sistema estable.
[2026-03-18 19:59:33] Latido V6: Sistema estable.
[2026-03-18 20:04:33] Latido V6: Sistema estable.
[2026-03-18 20:09:16] Wake-lock activo.
[2026-03-18 20:09:16] Iniciando limpieza preventiva de procesos zombies...
[2026-03-18 20:14:16] Latido V6: Sistema estable.
[2026-03-18 20:14:16] ALERTA: Orquestador V6 no detectado. Reiniciando...
[2026-03-18 20:16:13] Wake-lock activo.
[2026-03-18 20:16:13] Iniciando limpieza preventiva de procesos zombies...
[2026-03-18 20:16:13] ALERTA: Orquestador V6 no detectado. Reiniciando...
[2026-03-18 20:16:32] Wake-lock activo.
[2026-03-18 20:16:32] Iniciando limpieza preventiva de procesos zombies...
[2026-03-18 20:21:32] Latido V6: Sistema estable.
[2026-03-18 20:21:32] ALERTA: Orquestador V6 no detectado. Reiniciando...
[2026-03-18 20:26:32] Latido V6: Sistema estable.
[2026-03-18 20:31:32] Latido V6: Sistema estable.
[2026-03-18 20:35:15] Wake-lock activo.
[2026-03-18 20:35:15] Iniciando limpieza preventiva de procesos zombies...
[2026-03-18 20:40:15] Latido V6: Sistema estable.
[2026-03-18 20:40:15] ALERTA: Orquestador V6 no detectado. Reiniciando...
[2026-03-18 20:45:15] Latido V6: Sistema estable.
[2026-03-18 20:50:15] Latido V6: Sistema estable.
[2026-03-18 20:55:15] Latido V6: Sistema estable.
[2026-03-18 21:00:15] Latido V6: Sistema estable.
[2026-03-18 21:05:15] Latido V6: Sistema estable.
[2026-03-18 21:10:15] Latido V6: Sistema estable.
[2026-03-18 21:15:15] Latido V6: Sistema estable.
[2026-03-18 21:20:15] Latido V6: Sistema estable.
[2026-03-18 21:25:15] Latido V6: Sistema estable.
[2026-03-18 21:30:16] Latido V6: Sistema estable.
[2026-03-18 21:35:16] Latido V6: Sistema estable.
[2026-03-18 21:35:19] Wake-lock activo.
[2026-03-18 21:35:19] Iniciando limpieza preventiva de procesos zombies...
[2026-03-18 21:40:19] Latido V6: Sistema estable.
[2026-03-18 21:40:19] ALERTA: Orquestador V6 no detectado. Reiniciando...
[2026-03-18 21:40:46] Wake-lock activo.
[2026-03-18 21:40:46] Iniciando limpieza preventiva de procesos zombies...
[2026-03-18 21:45:46] Latido V6: Sistema estable.
[2026-03-18 21:50:46] Latido V6: Sistema estable.
[2026-03-18 21:55:47] Latido V6: Sistema estable.
[2026-03-18 22:00:47] Latido V6: Sistema estable.
[2026-03-18 22:05:47] Latido V6: Sistema estable.
[2026-03-18 22:10:47] Latido V6: Sistema estable.
[2026-03-18 22:15:39] Wake-lock activo.
[2026-03-18 22:15:39] Iniciando limpieza preventiva de procesos zombies...
[2026-03-18 22:15:39] ALERTA: Orquestador V6 no detectado. Reiniciando...
[2026-03-18 22:20:39] Latido V6: Sistema estable.
[2026-03-18 22:21:40] Wake-lock activo.
[2026-03-18 22:21:40] Iniciando limpieza preventiva de procesos zombies...
[2026-03-18 22:26:40] Latido V6: Sistema estable.
[2026-03-18 22:26:40] ALERTA: Orquestador V6 no detectado. Reiniciando...
[2026-03-18 22:27:24] Wake-lock activo.
[2026-03-18 22:27:24] Iniciando limpieza preventiva de procesos zombies...
[2026-03-18 22:32:24] Latido V6: Sistema estable.
[2026-03-18 22:36:57] Wake-lock activo.
[2026-03-18 22:36:57] Iniciando limpieza preventiva de procesos zombies...
[2026-03-18 22:36:57] ALERTA: Orquestador V6 no detectado. Reiniciando...
[2026-03-18 22:37:24] Latido V6: Sistema estable.
[2026-03-18 22:41:57] Latido V6: Sistema estable.
[2026-03-18 22:41:57] ALERTA: Orquestador V6 no detectado. Reiniciando...
[2026-03-18 22:46:42] Wake-lock activo.
[2026-03-18 22:46:42] Iniciando limpieza preventiva de procesos zombies...
[2026-03-18 22:46:57] Latido V6: Sistema estable.
[2026-03-18 22:51:42] Latido V6: Sistema estable.
[2026-03-18 22:51:42] ALERTA: Orquestador V6 no detectado. Reiniciando...
[2026-03-18 22:56:42] Latido V6: Sistema estable.
[2026-03-18 23:01:42] Latido V6: Sistema estable.
[2026-03-18 23:18:12] Wake-lock activo.
[2026-03-18 23:18:12] Iniciando limpieza preventiva de procesos zombies...
[2026-03-18 23:18:12] ALERTA: Orquestador V6 no detectado. Reiniciando...
[2026-03-18 23:21:01] Wake-lock activo.
[2026-03-18 23:21:01] Iniciando limpieza preventiva de procesos zombies...
[2026-03-18 23:21:01] ALERTA: Orquestador V6 no detectado. Reiniciando...
[2026-03-18 23:23:57] Wake-lock activo.
[2026-03-18 23:23:57] Iniciando limpieza preventiva de procesos zombies...
[2026-03-18 23:26:01] Latido V6: Sistema estable.
[2026-03-18 23:28:58] Latido V6: Sistema estable.
[2026-03-18 23:28:58] ALERTA: Orquestador V6 no detectado. Reiniciando...
[2026-03-18 23:33:58] Latido V6: Sistema estable.
[2026-03-18 23:38:58] Latido V6: Sistema estable.
[2026-03-18 23:43:58] Latido V6: Sistema estable.
[2026-03-18 23:48:58] Latido V6: Sistema estable.
[2026-03-18 23:53:58] Latido V6: Sistema estable.
[2026-03-18 23:58:58] Latido V6: Sistema estable.
[2026-03-19 00:03:58] Latido V6: Sistema estable.
[2026-03-19 00:08:58] Latido V6: Sistema estable.
[2026-03-19 00:13:58] Latido V6: Sistema estable.
[2026-03-19 00:18:58] Latido V6: Sistema estable.
[2026-03-19 00:23:58] Latido V6: Sistema estable.
[2026-03-19 00:28:58] Latido V6: Sistema estable.
[2026-03-19 00:33:58] Latido V6: Sistema estable.
[2026-03-19 00:38:58] Latido V6: Sistema estable.
[2026-03-19 00:43:58] Latido V6: Sistema estable.
[2026-03-19 00:48:58] Latido V6: Sistema estable.
[2026-03-19 00:53:58] Latido V6: Sistema estable.
[2026-03-19 00:58:59] Latido V6: Sistema estable.
[2026-03-19 01:03:59] Latido V6: Sistema estable.
[2026-03-19 01:08:59] Latido V6: Sistema estable.
[2026-03-19 01:13:59] Latido V6: Sistema estable.
[2026-03-19 01:18:59] Latido V6: Sistema estable.
[2026-03-19 01:23:59] Latido V6: Sistema estable.
[2026-03-19 01:28:59] Latido V6: Sistema estable.
[2026-03-19 01:33:59] Latido V6: Sistema estable.
[2026-03-19 01:38:59] Latido V6: Sistema estable.
[2026-03-19 01:43:59] Latido V6: Sistema estable.
[2026-03-19 01:48:59] Latido V6: Sistema estable.
[2026-03-19 01:53:59] Latido V6: Sistema estable.
[2026-03-19 01:58:59] Latido V6: Sistema estable.
[2026-03-19 02:04:00] Latido V6: Sistema estable.
[2026-03-19 02:09:00] Latido V6: Sistema estable.
[2026-03-19 02:14:00] Latido V6: Sistema estable.
[2026-03-19 02:19:00] Latido V6: Sistema estable.
[2026-03-19 02:24:00] Latido V6: Sistema estable.
[2026-03-19 02:29:00] Latido V6: Sistema estable.
[2026-03-19 02:34:00] Latido V6: Sistema estable.
[2026-03-19 02:39:00] Latido V6: Sistema estable.
[2026-03-19 02:44:00] Latido V6: Sistema estable.
[2026-03-19 02:49:00] Latido V6: Sistema estable.
[2026-03-19 02:54:00] Latido V6: Sistema estable.
[2026-03-19 02:59:00] Latido V6: Sistema estable.
[2026-03-19 03:04:00] Latido V6: Sistema estable.
[2026-03-19 03:09:00] Latido V6: Sistema estable.
[2026-03-19 03:14:00] Latido V6: Sistema estable.
[2026-03-19 03:19:00] Latido V6: Sistema estable.
[2026-03-19 03:24:00] Latido V6: Sistema estable.
[2026-03-19 03:29:00] Latido V6: Sistema estable.
[2026-03-19 03:34:00] Latido V6: Sistema estable.
[2026-03-19 03:39:01] Latido V6: Sistema estable.
[2026-03-19 03:44:01] Latido V6: Sistema estable.
[2026-03-19 03:49:01] Latido V6: Sistema estable.
[2026-03-19 03:54:01] Latido V6: Sistema estable.
[2026-03-19 03:59:01] Latido V6: Sistema estable.
[2026-03-19 04:04:01] Latido V6: Sistema estable.
[2026-03-19 04:09:01] Latido V6: Sistema estable.
[2026-03-19 04:14:01] Latido V6: Sistema estable.
[2026-03-19 04:19:01] Latido V6: Sistema estable.
[2026-03-19 04:24:01] Latido V6: Sistema estable.
[2026-03-19 04:29:01] Latido V6: Sistema estable.
[2026-03-19 04:34:01] Latido V6: Sistema estable.
[2026-03-19 04:39:01] Latido V6: Sistema estable.
[2026-03-19 04:44:01] Latido V6: Sistema estable.
[2026-03-19 04:49:01] Latido V6: Sistema estable.
[2026-03-19 04:54:01] Latido V6: Sistema estable.
[2026-03-19 04:59:01] Latido V6: Sistema estable.
[2026-03-19 05:04:01] Latido V6: Sistema estable.
[2026-03-19 05:09:02] Latido V6: Sistema estable.
[2026-03-19 05:14:02] Latido V6: Sistema estable.
[2026-03-19 05:19:02] Latido V6: Sistema estable.
[2026-03-19 05:24:02] Latido V6: Sistema estable.
[2026-03-19 05:29:02] Latido V6: Sistema estable.
[2026-03-19 05:34:02] Latido V6: Sistema estable.
[2026-03-19 05:39:02] Latido V6: Sistema estable.
[2026-03-19 05:44:02] Latido V6: Sistema estable.
[2026-03-19 05:49:02] Latido V6: Sistema estable.
[2026-03-19 05:54:02] Latido V6: Sistema estable.
[2026-03-19 05:59:02] Latido V6: Sistema estable.
[2026-03-19 06:04:02] Latido V6: Sistema estable.
[2026-03-19 06:09:02] Latido V6: Sistema estable.
[2026-03-19 06:14:02] Latido V6: Sistema estable.
[2026-03-19 06:19:02] Latido V6: Sistema estable.
[2026-03-19 06:24:02] Latido V6: Sistema estable.
[2026-03-19 06:29:02] Latido V6: Sistema estable.
[2026-03-19 06:34:02] Latido V6: Sistema estable.
[2026-03-19 06:39:02] Latido V6: Sistema estable.
[2026-03-19 06:44:03] Latido V6: Sistema estable.
[2026-03-19 06:49:03] Latido V6: Sistema estable.
[2026-03-19 06:54:03] Latido V6: Sistema estable.
[2026-03-19 06:59:03] Latido V6: Sistema estable.
[2026-03-19 07:04:03] Latido V6: Sistema estable.
[2026-03-19 07:09:03] Latido V6: Sistema estable.
[2026-03-19 07:14:03] Latido V6: Sistema estable.
[2026-03-19 07:19:03] Latido V6: Sistema estable.
[2026-03-19 07:24:03] Latido V6: Sistema estable.
[2026-03-19 07:29:03] Latido V6: Sistema estable.
[2026-03-19 07:34:03] Latido V6: Sistema estable.
[2026-03-19 07:39:03] Latido V6: Sistema estable.
[2026-03-19 07:44:03] Latido V6: Sistema estable.
[2026-03-19 07:49:03] Latido V6: Sistema estable.
[2026-03-19 07:54:03] Latido V6: Sistema estable.
[2026-03-19 07:59:03] Latido V6: Sistema estable.
[2026-03-19 08:04:03] Latido V6: Sistema estable.
[2026-03-19 08:09:03] Latido V6: Sistema estable.
[2026-03-19 08:14:04] Latido V6: Sistema estable.
[2026-03-19 08:19:04] Latido V6: Sistema estable.
[2026-03-19 08:24:04] Latido V6: Sistema estable.
[2026-03-19 08:29:04] Latido V6: Sistema estable.
[2026-03-19 08:34:04] Latido V6: Sistema estable.
[2026-03-19 08:39:04] Latido V6: Sistema estable.
[2026-03-19 08:44:04] Latido V6: Sistema estable.
[2026-03-19 08:49:04] Latido V6: Sistema estable.
[2026-03-19 08:54:04] Latido V6: Sistema estable.
[2026-03-19 08:59:04] Latido V6: Sistema estable.
[2026-03-19 09:04:04] Latido V6: Sistema estable.
[2026-03-19 09:09:04] Latido V6: Sistema estable.
[2026-03-19 09:14:04] Latido V6: Sistema estable.
[2026-03-19 09:19:04] Latido V6: Sistema estable.
[2026-03-19 09:24:04] Latido V6: Sistema estable.
[2026-03-19 09:29:04] Latido V6: Sistema estable.
[2026-03-19 09:34:04] Latido V6: Sistema estable.
[2026-03-19 09:39:04] Latido V6: Sistema estable.
[2026-03-19 09:44:05] Latido V6: Sistema estable.
[2026-03-19 09:49:05] Latido V6: Sistema estable.
[2026-03-19 09:54:05] Latido V6: Sistema estable.
[2026-03-19 09:59:05] Latido V6: Sistema estable.
[2026-03-19 10:04:05] Latido V6: Sistema estable.
[2026-03-19 10:09:05] Latido V6: Sistema estable.
[2026-03-19 10:14:05] Latido V6: Sistema estable.
[2026-03-19 10:19:05] Latido V6: Sistema estable.
[2026-03-19 10:24:05] Latido V6: Sistema estable.
[2026-03-19 10:29:05] Latido V6: Sistema estable.
[2026-03-19 10:34:05] Latido V6: Sistema estable.
[2026-03-19 10:39:05] Latido V6: Sistema estable.
[2026-03-19 10:44:05] Latido V6: Sistema estable.
[2026-03-19 10:49:05] Latido V6: Sistema estable.
[2026-03-19 10:54:05] Latido V6: Sistema estable.
[2026-03-19 10:59:05] Latido V6: Sistema estable.
[2026-03-19 11:04:05] Latido V6: Sistema estable.
[2026-03-19 11:09:05] Latido V6: Sistema estable.
[2026-03-19 11:12:16] Wake-lock activo.
[2026-03-19 11:12:16] Iniciando limpieza preventiva de procesos zombies...
[2026-03-19 11:14:30] Wake-lock activo.
[2026-03-19 11:14:30] Iniciando limpieza preventiva de procesos zombies...
[2026-03-19 11:14:30] ALERTA: Orquestador V6 no detectado. Reiniciando...
[2026-03-19 11:15:59] Wake-lock activo.
[2026-03-19 11:15:59] Iniciando limpieza preventiva de procesos zombies...
[2026-03-19 11:15:59] ALERTA: Orquestador V6 no detectado. Reiniciando...
[2026-03-19 11:19:29] Wake-lock activo.
[2026-03-19 11:19:29] Iniciando limpieza preventiva de procesos zombies...
[2026-03-19 11:24:29] Latido V6: Sistema estable.
[2026-03-19 11:24:29] ALERTA: Orquestador V6 no detectado. Reiniciando...
[2026-03-19 11:26:45] Wake-lock activo.
[2026-03-19 11:26:45] Iniciando limpieza preventiva de procesos zombies...
[2026-03-19 11:26:45] ALERTA: Orquestador V6 no detectado. Reiniciando...
[2026-03-19 11:29:52] Wake-lock activo.
[2026-03-19 11:29:52] Iniciando limpieza preventiva de procesos zombies...
[2026-03-19 11:37:07] Wake-lock activo.
[2026-03-19 11:37:07] Iniciando limpieza preventiva de procesos zombies...
[2026-03-19 11:37:07] ALERTA: Orquestador V6 no detectado. Reiniciando...
[2026-03-19 11:42:07] Latido V6: Sistema estable.
[2026-03-19 11:47:07] Latido V6: Sistema estable.
[2026-03-19 11:52:07] Latido V6: Sistema estable.
[2026-03-19 11:57:07] Latido V6: Sistema estable.
[2026-03-19 12:02:07] Latido V6: Sistema estable.
[2026-03-19 12:07:07] Latido V6: Sistema estable.
[2026-03-19 12:12:07] Latido V6: Sistema estable.
[2026-03-19 12:17:07] Latido V6: Sistema estable.
[2026-03-19 12:22:07] Latido V6: Sistema estable.
[2026-03-19 12:27:08] Latido V6: Sistema estable.
[2026-03-19 12:32:08] Latido V6: Sistema estable.
[2026-03-19 12:37:08] Latido V6: Sistema estable.
[2026-03-19 12:42:08] Latido V6: Sistema estable.
[2026-03-19 12:47:08] Latido V6: Sistema estable.
[2026-03-19 12:52:08] Latido V6: Sistema estable.
[2026-03-19 12:57:08] Latido V6: Sistema estable.
[2026-03-19 13:02:08] Latido V6: Sistema estable.
[2026-03-19 13:07:08] Latido V6: Sistema estable.
[2026-03-19 13:12:08] Latido V6: Sistema estable.
[2026-03-19 13:17:08] Latido V6: Sistema estable.
[2026-03-19 13:22:08] Latido V6: Sistema estable.
[2026-03-19 13:27:08] Latido V6: Sistema estable.
[2026-03-19 13:32:08] Latido V6: Sistema estable.
[2026-03-19 13:37:08] Latido V6: Sistema estable.
[2026-03-19 13:42:08] Latido V6: Sistema estable.
[2026-03-19 13:47:08] Latido V6: Sistema estable.
[2026-03-19 13:52:09] Latido V6: Sistema estable.
[2026-03-19 13:57:09] Latido V6: Sistema estable.
[2026-03-19 14:02:09] Latido V6: Sistema estable.
[2026-03-19 14:07:09] Latido V6: Sistema estable.
[2026-03-19 14:12:09] Latido V6: Sistema estable.
