2026-02-28 14:45:40 — Clonando repositorio jeengrasi/affiliate-site.2025...
Cloning into '/data/data/com.termux/files/home/soda/99-TMP/push_repo'...
remote: Invalid username or token. Password authentication is not supported for Git operations.
fatal: Authentication failed for 'https://github.com/jeengrasi/affiliate-site.2025.git/'
2026-02-28 14:46:10 — ERROR: fallo al clonar repositorio.
2026-02-28 14:46:16 — Clonando repositorio jeengrasi/affiliate-site.2025...
Cloning into '/data/data/com.termux/files/home/soda/99-TMP/push_repo'...
2026-02-28 14:50:10 — Clonando repositorio jeengrasi/affiliate-site.2025...
Cloning into '/data/data/com.termux/files/home/soda/99-TMP/push_repo'...
2026-02-28 14:56:27 — Clonando repositorio jeengrasi/affiliate-site.2025...
Cloning into '/data/data/com.termux/files/home/soda/99-TMP/push_repo'...
2026-02-28 14:58:12 — Clonando repositorio jeengrasi/affiliate-site.2025...
Cloning into '/data/data/com.termux/files/home/soda/99-TMP/push_repo'...
2026-02-28 22:26:25 — Clonando repositorio jeengrasi/affiliate-site.2025...
Cloning into '/data/data/com.termux/files/home/soda/99-TMP/push_repo'...
2026-02-28 22:28:05 — Clonando repositorio jeengrasi/affiliate-site.2025...
Cloning into '/data/data/com.termux/files/home/soda/99-TMP/push_repo'...
2026-02-28 22:30:41 — Clonando repositorio jeengrasi/affiliate-site.2025...
Cloning into '/data/data/com.termux/files/home/soda/99-TMP/push_repo'...
2026-02-28 22:36:00 — Clonando repositorio jeengrasi/affiliate-site.2025...
Cloning into '/data/data/com.termux/files/home/soda/99-TMP/push_repo'...
remote: Invalid username or token. Password authentication is not supported for Git operations.
fatal: Authentication failed for 'https://github.com/jeengrasi/affiliate-site.2025.git/'
2026-02-28 22:36:56 — ERROR: fallo al clonar repositorio.
2026-02-28 22:42:09 — Clonando repositorio jeengrasi/affiliate-site.2025...
Cloning into '/data/data/com.termux/files/home/soda/99-TMP/push_repo'...
remote: Invalid username or token. Password authentication is not supported for Git operations.
fatal: Authentication failed for 'https://github.com/jeengrasi/affiliate-site.2025.git/'
2026-02-28 22:42:39 — ERROR: fallo al clonar repositorio.
