[2026-03-07 22:22:02] [00-GOBIERNO] INICIO ciclo IA ministerial
[2026-03-07 22:22:02] [00-GOBIERNO] MEMORIA: actualizando estado del ministerio
[2026-03-07 22:22:02] [00-GOBIERNO] CONTEXTO: asegurando contexto del ministerio
[2026-03-07 22:22:02] [00-GOBIERNO] ANTIAMNESIA: verificando archivos y rutas sagradas (si existen definiciones)
[2026-03-07 22:22:02] [00-GOBIERNO] AUDITORIA: listando estructura básica del ministerio
[2026-03-07 22:22:02] [00-GOBIERNO] ENGRANAJE: registrando relaciones clave con otros ministerios
[2026-03-07 22:22:02] [00-GOBIERNO] SINCRONIZACION: reflejando estado en snx_state.json (si existe)
[2026-03-07 22:22:02] [00-GOBIERNO] REPORTE: ciclo de IA ministerial completado
[2026-03-07 22:22:02] [00-GOBIERNO] FIN ciclo IA ministerial
[2026-03-07 22:35:12] [00-GOBIERNO] INICIO ciclo IA ministerial
[2026-03-07 22:35:12] [00-GOBIERNO] MEMORIA: actualizando estado del ministerio
[2026-03-07 22:35:12] [00-GOBIERNO] CONTEXTO: asegurando contexto del ministerio
[2026-03-07 22:35:12] [00-GOBIERNO] ANTIAMNESIA: verificando archivos y rutas sagradas (si existen definiciones)
[2026-03-07 22:35:12] [00-GOBIERNO] AUDITORIA: listando estructura básica del ministerio
[2026-03-07 22:35:12] [00-GOBIERNO] ENGRANAJE: registrando relaciones clave con otros ministerios
[2026-03-07 22:35:12] [00-GOBIERNO] SINCRONIZACION: reflejando estado en snx_state.json (si existe)
[2026-03-07 22:35:12] [00-GOBIERNO] REPORTE: ciclo de IA ministerial completado
[2026-03-07 22:35:12] [00-GOBIERNO] FIN ciclo IA ministerial
[2026-03-07 22:36:37] [00-GOBIERNO] INICIO ciclo IA ministerial
[2026-03-07 22:36:37] [00-GOBIERNO] MEMORIA: actualizando estado del ministerio
[2026-03-07 22:36:37] [00-GOBIERNO] CONTEXTO: asegurando contexto del ministerio
[2026-03-07 22:36:37] [00-GOBIERNO] ANTIAMNESIA: verificando archivos y rutas sagradas (si existen definiciones)
[2026-03-07 22:36:37] [00-GOBIERNO] AUDITORIA: listando estructura básica del ministerio
[2026-03-07 22:36:37] [00-GOBIERNO] ENGRANAJE: registrando relaciones clave con otros ministerios
[2026-03-07 22:36:37] [00-GOBIERNO] SINCRONIZACION: reflejando estado en snx_state.json (si existe)
[2026-03-07 22:36:37] [00-GOBIERNO] REPORTE: ciclo de IA ministerial completado
[2026-03-07 22:36:37] [00-GOBIERNO] FIN ciclo IA ministerial
[2026-03-07 22:49:37] [00-GOBIERNO] INICIO
[2026-03-07 22:49:37] [00-GOBIERNO] FIN
[2026-03-09 11:36:14] [00-GOBIERNO] INICIO
[2026-03-09 11:36:14] [00-GOBIERNO] FIN
[2026-03-09 11:43:41] [00-GOBIERNO] INICIO
[2026-03-09 11:43:41] [00-GOBIERNO] FIN
[2026-03-09 12:07:36] [00-GOBIERNO] INICIO
[2026-03-09 12:07:36] [00-GOBIERNO] FIN
[2026-03-09 12:26:14] [00-GOBIERNO] INICIO
[2026-03-09 12:26:14] [00-GOBIERNO] FIN
[2026-03-09 12:29:02] [00-GOBIERNO] INICIO
[2026-03-09 12:29:02] [00-GOBIERNO] FIN
[2026-03-09 12:31:32] [00-GOBIERNO] INICIO
[2026-03-09 12:31:32] [00-GOBIERNO] FIN
[2026-03-09 12:34:35] [00-GOBIERNO] INICIO
[2026-03-09 12:34:35] [00-GOBIERNO] FIN
[2026-03-09 12:43:32] [00-GOBIERNO] INICIO
[2026-03-09 12:43:32] [00-GOBIERNO] FIN
[2026-03-09 13:46:22] [00-GOBIERNO] INICIO
[2026-03-09 13:46:22] [00-GOBIERNO] FIN
[2026-03-09 14:20:22] [00-GOBIERNO] INICIO
[2026-03-09 14:20:23] [00-GOBIERNO] FIN
[2026-03-09 14:24:01] [00-GOBIERNO] INICIO
[2026-03-09 14:24:02] [00-GOBIERNO] FIN
[2026-03-09 14:24:40] [00-GOBIERNO] INICIO
[2026-03-09 14:24:40] [00-GOBIERNO] FIN
[2026-03-09 14:25:20] [00-GOBIERNO] INICIO
[2026-03-09 14:25:20] [00-GOBIERNO] FIN
[2026-03-09 14:25:56] [00-GOBIERNO] INICIO
[2026-03-09 14:25:56] [00-GOBIERNO] FIN
[2026-03-09 14:38:40] [00-GOBIERNO] INICIO
[2026-03-09 14:38:40] [00-GOBIERNO] FIN
[2026-03-09 14:41:29] [00-GOBIERNO] INICIO
[2026-03-09 14:41:30] [00-GOBIERNO] FIN
[2026-03-09 14:52:59] [00-GOBIERNO] INICIO
[2026-03-09 14:52:59] [00-GOBIERNO] FIN
[2026-03-09 14:53:29] [00-GOBIERNO] INICIO
[2026-03-09 14:53:29] [00-GOBIERNO] FIN
[2026-03-09 14:53:44] [00-GOBIERNO] INICIO
[2026-03-09 14:53:44] [00-GOBIERNO] FIN
