/data/data/com.termux/files/home/soda/00-GOBIERNO
в”њв”Ђв”Ђ ESTADO
в”‚В В  в””в”Ђв”Ђ snx_state.json
в”њв”Ђв”Ђ HERRAMIENTAS
в”‚В В  в”њв”Ђв”Ђ snx_fix_final.sh
в”‚В В  в”њв”Ђв”Ђ snx_fix_logs.sh
в”‚В В  в”њв”Ђв”Ђ snx_guardian_gobierno.sh
в”‚В В  в””в”Ђв”Ђ snx_remove_legacy.sh
в”њв”Ђв”Ђ LOGS
в”‚В В  в”њв”Ђв”Ђ central.log
в”‚В В  в”њв”Ђв”Ђ daemon.log
в”‚В В  в””в”Ђв”Ђ push_state.log
в”њв”Ђв”Ђ META
в”‚В В  в””в”Ђв”Ђ central.meta
в”њв”Ђв”Ђ SNX-ANTIAMNESIA-V1.md
в”њв”Ђв”Ђ VAULT
в”‚В В  в”њв”Ђв”Ђ central.backup
в”‚В В  в”њв”Ђв”Ђ cloudflare_tunnel.token
в”‚В В  в”њв”Ђв”Ђ github.env
в”‚В В  в”њв”Ђв”Ђ github_fix.sh
в”‚В В  в”њв”Ђв”Ђ github_save.sh
в”‚В В  в””в”Ђв”Ђ tunnel.env
в””в”Ђв”Ђ snx_ia_gobierno.sh

6 directories, 17 files
