[2026-03-07 22:22:02] [01-MEMORIA] INICIO ciclo IA ministerial
[2026-03-07 22:22:02] [01-MEMORIA] MEMORIA: consolidando resumen actual de memoria
[2026-03-07 22:22:02] [01-MEMORIA] CONTEXTO: asegurando contexto del ministerio
[2026-03-07 22:22:02] [01-MEMORIA] ANTIAMNESIA: verificando que existan archivos clave de memoria
[2026-03-07 22:22:02] [01-MEMORIA] AUDITORIA: registrando tamaño y número de backups
[2026-03-07 22:22:02] [01-MEMORIA] ENGRANAJE: declarando relaciones con otros ministerios
[2026-03-07 22:22:03] [01-MEMORIA] SINCRONIZACION: marcando timestamp de última consolidación
[2026-03-07 22:22:03] [01-MEMORIA] REPORTE: ciclo IA memoria completado
[2026-03-07 22:22:03] [01-MEMORIA] FIN ciclo IA ministerial
[2026-03-07 22:35:13] [01-MEMORIA] INICIO ciclo IA ministerial
[2026-03-07 22:35:13] [01-MEMORIA] MEMORIA: consolidando resumen actual de memoria
[2026-03-07 22:35:13] [01-MEMORIA] CONTEXTO: asegurando contexto del ministerio
[2026-03-07 22:35:13] [01-MEMORIA] ANTIAMNESIA: verificando que existan archivos clave de memoria
[2026-03-07 22:35:13] [01-MEMORIA] AUDITORIA: registrando tamaño y número de backups
[2026-03-07 22:35:13] [01-MEMORIA] ENGRANAJE: declarando relaciones con otros ministerios
[2026-03-07 22:35:13] [01-MEMORIA] SINCRONIZACION: marcando timestamp de última consolidación
[2026-03-07 22:35:13] [01-MEMORIA] REPORTE: ciclo IA memoria completado
[2026-03-07 22:35:13] [01-MEMORIA] FIN ciclo IA ministerial
[2026-03-07 22:36:37] [01-MEMORIA] INICIO ciclo IA ministerial
[2026-03-07 22:36:37] [01-MEMORIA] MEMORIA: consolidando resumen actual de memoria
[2026-03-07 22:36:37] [01-MEMORIA] CONTEXTO: asegurando contexto del ministerio
[2026-03-07 22:36:37] [01-MEMORIA] ANTIAMNESIA: verificando que existan archivos clave de memoria
[2026-03-07 22:36:37] [01-MEMORIA] AUDITORIA: registrando tamaño y número de backups
[2026-03-07 22:36:37] [01-MEMORIA] ENGRANAJE: declarando relaciones con otros ministerios
[2026-03-07 22:36:37] [01-MEMORIA] SINCRONIZACION: marcando timestamp de última consolidación
[2026-03-07 22:36:37] [01-MEMORIA] REPORTE: ciclo IA memoria completado
[2026-03-07 22:36:37] [01-MEMORIA] FIN ciclo IA ministerial
[2026-03-07 22:49:37] [01-MEMORIA] INICIO
[2026-03-07 22:49:37] [01-MEMORIA] FIN
[2026-03-09 11:36:15] [01-MEMORIA] INICIO
[2026-03-09 11:36:15] [01-MEMORIA] FIN
[2026-03-09 11:43:41] [01-MEMORIA] INICIO
[2026-03-09 11:43:41] [01-MEMORIA] FIN
[2026-03-09 12:07:36] [01-MEMORIA] INICIO
[2026-03-09 12:07:36] [01-MEMORIA] FIN
[2026-03-09 12:26:14] [01-MEMORIA] INICIO
[2026-03-09 12:26:14] [01-MEMORIA] FIN
[2026-03-09 12:29:02] [01-MEMORIA] INICIO
[2026-03-09 12:29:02] [01-MEMORIA] FIN
[2026-03-09 12:31:32] [01-MEMORIA] INICIO
[2026-03-09 12:31:32] [01-MEMORIA] FIN
[2026-03-09 12:34:35] [01-MEMORIA] INICIO
[2026-03-09 12:34:35] [01-MEMORIA] FIN
[2026-03-09 12:43:32] [01-MEMORIA] INICIO
[2026-03-09 12:43:32] [01-MEMORIA] FIN
[2026-03-09 13:46:23] [01-MEMORIA] INICIO
[2026-03-09 13:46:23] [01-MEMORIA] Estado generado: estado_01-MEMORIA.json
[2026-03-09 13:46:23] [01-MEMORIA] FIN
[2026-03-09 14:20:23] [01-MEMORIA] INICIO
[2026-03-09 14:20:23] [01-MEMORIA] Estado generado: estado_01-MEMORIA.json
[2026-03-09 14:20:23] [01-MEMORIA] FIN
[2026-03-09 14:24:02] [01-MEMORIA] INICIO
[2026-03-09 14:24:02] [01-MEMORIA] Estado generado: estado_01-MEMORIA.json
[2026-03-09 14:24:02] [01-MEMORIA] FIN
[2026-03-09 14:24:40] [01-MEMORIA] INICIO
[2026-03-09 14:24:40] [01-MEMORIA] Estado generado: estado_01-MEMORIA.json
[2026-03-09 14:24:40] [01-MEMORIA] FIN
[2026-03-09 14:25:20] [01-MEMORIA] INICIO
[2026-03-09 14:25:20] [01-MEMORIA] Estado generado: estado_01-MEMORIA.json
[2026-03-09 14:25:20] [01-MEMORIA] FIN
[2026-03-09 14:25:56] [01-MEMORIA] INICIO
[2026-03-09 14:25:56] [01-MEMORIA] Estado generado: estado_01-MEMORIA.json
[2026-03-09 14:25:56] [01-MEMORIA] FIN
[2026-03-09 14:38:40] [01-MEMORIA] INICIO
[2026-03-09 14:38:41] [01-MEMORIA] Estado generado: estado_01-MEMORIA.json
[2026-03-09 14:38:41] [01-MEMORIA] FIN
[2026-03-09 14:41:30] [01-MEMORIA] INICIO
[2026-03-09 14:41:30] [01-MEMORIA] Estado generado: estado_01-MEMORIA.json
[2026-03-09 14:41:30] [01-MEMORIA] FIN
[2026-03-09 14:53:00] [01-MEMORIA] INICIO
[2026-03-09 14:53:00] [01-MEMORIA] Estado generado: estado_01-MEMORIA.json
[2026-03-09 14:53:00] [01-MEMORIA] FIN
[2026-03-09 14:53:29] [01-MEMORIA] INICIO
[2026-03-09 14:53:29] [01-MEMORIA] Estado generado: estado_01-MEMORIA.json
[2026-03-09 14:53:29] [01-MEMORIA] FIN
[2026-03-09 14:53:44] [01-MEMORIA] INICIO
[2026-03-09 14:53:44] [01-MEMORIA] Estado generado: estado_01-MEMORIA.json
[2026-03-09 14:53:44] [01-MEMORIA] FIN
