[2026-03-07 22:22:03] [03-OPERACIONES] INICIO ciclo IA ministerial
[2026-03-07 22:22:03] [03-OPERACIONES] MEMORIA: inventario de interfaces y backend operativo
[2026-03-07 22:22:03] [03-OPERACIONES] CONTEXTO: contexto de operaciones (web, monitor, telegram)
[2026-03-07 22:22:03] [03-OPERACIONES] ANTIAMNESIA: verificando presencia de WEBAPP y monitor
[2026-03-07 22:22:03] [03-OPERACIONES] AUDITORIA: verificando archivos clave de WebApp
[2026-03-07 22:22:03] [03-OPERACIONES] ENGRANAJE: declarando relación con 02-SISTEMA y 06-MONITOR
[2026-03-07 22:22:03] [03-OPERACIONES] SINCRONIZACION: snapshot de archivos HTML principales
[2026-03-07 22:22:03] [03-OPERACIONES] REPORTE: ciclo IA operaciones completado
[2026-03-07 22:22:04] [03-OPERACIONES] FIN ciclo IA ministerial
[2026-03-07 22:35:14] [03-OPERACIONES] INICIO ciclo IA ministerial
[2026-03-07 22:35:14] [03-OPERACIONES] MEMORIA: inventario de interfaces y backend operativo
[2026-03-07 22:35:14] [03-OPERACIONES] CONTEXTO: contexto de operaciones (web, monitor, telegram)
[2026-03-07 22:35:14] [03-OPERACIONES] ANTIAMNESIA: verificando presencia de WEBAPP y monitor
[2026-03-07 22:35:14] [03-OPERACIONES] AUDITORIA: verificando archivos clave de WebApp
[2026-03-07 22:35:14] [03-OPERACIONES] ENGRANAJE: declarando relación con 02-SISTEMA y 06-MONITOR
[2026-03-07 22:35:14] [03-OPERACIONES] SINCRONIZACION: snapshot de archivos HTML principales
[2026-03-07 22:35:14] [03-OPERACIONES] REPORTE: ciclo IA operaciones completado
[2026-03-07 22:35:14] [03-OPERACIONES] FIN ciclo IA ministerial
[2026-03-07 22:36:38] [03-OPERACIONES] INICIO ciclo IA ministerial
[2026-03-07 22:36:38] [03-OPERACIONES] MEMORIA: inventario de interfaces y backend operativo
[2026-03-07 22:36:38] [03-OPERACIONES] CONTEXTO: contexto de operaciones (web, monitor, telegram)
[2026-03-07 22:36:38] [03-OPERACIONES] ANTIAMNESIA: verificando presencia de WEBAPP y monitor
[2026-03-07 22:36:38] [03-OPERACIONES] AUDITORIA: verificando archivos clave de WebApp
[2026-03-07 22:36:38] [03-OPERACIONES] ENGRANAJE: declarando relación con 02-SISTEMA y 06-MONITOR
[2026-03-07 22:36:38] [03-OPERACIONES] SINCRONIZACION: snapshot de archivos HTML principales
[2026-03-07 22:36:38] [03-OPERACIONES] REPORTE: ciclo IA operaciones completado
[2026-03-07 22:36:38] [03-OPERACIONES] FIN ciclo IA ministerial
[2026-03-07 22:49:38] [03-OPERACIONES] INICIO
[2026-03-07 22:49:38] [03-OPERACIONES] FIN
[2026-03-09 11:36:15] [03-OPERACIONES] INICIO
[2026-03-09 11:36:15] [03-OPERACIONES] FIN
[2026-03-09 11:43:41] [03-OPERACIONES] INICIO
[2026-03-09 11:43:42] [03-OPERACIONES] FIN
[2026-03-09 12:07:37] [03-OPERACIONES] INICIO
[2026-03-09 12:07:37] [03-OPERACIONES] FIN
[2026-03-09 12:26:14] [03-OPERACIONES] INICIO
[2026-03-09 12:26:15] [03-OPERACIONES] FIN
[2026-03-09 12:29:03] [03-OPERACIONES] INICIO
[2026-03-09 12:29:03] [03-OPERACIONES] FIN
[2026-03-09 12:31:32] [03-OPERACIONES] INICIO
[2026-03-09 12:31:32] [03-OPERACIONES] FIN
[2026-03-09 12:34:36] [03-OPERACIONES] INICIO
[2026-03-09 12:34:36] [03-OPERACIONES] FIN
[2026-03-09 12:43:32] [03-OPERACIONES] INICIO
[2026-03-09 12:43:32] [03-OPERACIONES] FIN
[2026-03-09 13:46:23] [03-OPERACIONES] INICIO
[2026-03-09 13:46:23] [03-OPERACIONES] FIN
[2026-03-09 14:20:23] [03-OPERACIONES] INICIO
[2026-03-09 14:20:23] [03-OPERACIONES] FIN
[2026-03-09 14:24:02] [03-OPERACIONES] INICIO
[2026-03-09 14:24:03] [03-OPERACIONES] Estado generado: estado_03-OPERACIONES.json
[2026-03-09 14:24:03] [03-OPERACIONES] FIN
[2026-03-09 14:24:41] [03-OPERACIONES] INICIO
[2026-03-09 14:24:41] [03-OPERACIONES] Estado generado: estado_03-OPERACIONES.json
[2026-03-09 14:24:41] [03-OPERACIONES] FIN
[2026-03-09 14:25:21] [03-OPERACIONES] INICIO
[2026-03-09 14:25:21] [03-OPERACIONES] Estado generado: estado_03-OPERACIONES.json
[2026-03-09 14:25:21] [03-OPERACIONES] FIN
[2026-03-09 14:25:57] [03-OPERACIONES] INICIO
[2026-03-09 14:25:57] [03-OPERACIONES] Estado generado: estado_03-OPERACIONES.json
[2026-03-09 14:25:57] [03-OPERACIONES] FIN
[2026-03-09 14:38:41] [03-OPERACIONES] INICIO
[2026-03-09 14:38:41] [03-OPERACIONES] Estado generado: estado_03-OPERACIONES.json
[2026-03-09 14:38:41] [03-OPERACIONES] FIN
[2026-03-09 14:41:30] [03-OPERACIONES] INICIO
[2026-03-09 14:41:31] [03-OPERACIONES] Estado generado: estado_03-OPERACIONES.json
[2026-03-09 14:41:31] [03-OPERACIONES] FIN
[2026-03-09 14:53:00] [03-OPERACIONES] INICIO
[2026-03-09 14:53:01] [03-OPERACIONES] Estado generado: estado_03-OPERACIONES.json
[2026-03-09 14:53:01] [03-OPERACIONES] FIN
[2026-03-09 14:53:30] [03-OPERACIONES] INICIO
[2026-03-09 14:53:30] [03-OPERACIONES] Estado generado: estado_03-OPERACIONES.json
[2026-03-09 14:53:30] [03-OPERACIONES] FIN
[2026-03-09 14:53:45] [03-OPERACIONES] INICIO
[2026-03-09 14:53:45] [03-OPERACIONES] Estado generado: estado_03-OPERACIONES.json
[2026-03-09 14:53:45] [03-OPERACIONES] FIN
