[2026-03-07 22:22:04] [04-REGISTROS] INICIO ciclo IA ministerial
[2026-03-07 22:22:04] [04-REGISTROS] MEMORIA: índice de logs por subcarpeta
[2026-03-07 22:22:04] [04-REGISTROS] CONTEXTO: contexto de registros y auditoría
[2026-03-07 22:22:04] [04-REGISTROS] ANTIAMNESIA: verificando presencia de carpetas clave de registros
[2026-03-07 22:22:04] [04-REGISTROS] AUDITORIA: tamaño total de logs
[2026-03-07 22:22:04] [04-REGISTROS] ENGRANAJE: declarando relación con todos los ministerios
[2026-03-07 22:22:04] [04-REGISTROS] SINCRONIZACION: marcando snapshot de últimos logs del monitor
[2026-03-07 22:22:04] [04-REGISTROS] REPORTE: ciclo IA registros completado
[2026-03-07 22:22:04] [04-REGISTROS] FIN ciclo IA ministerial
[2026-03-07 22:35:14] [04-REGISTROS] INICIO ciclo IA ministerial
[2026-03-07 22:35:14] [04-REGISTROS] MEMORIA: índice de logs por subcarpeta
[2026-03-07 22:35:14] [04-REGISTROS] CONTEXTO: contexto de registros y auditoría
[2026-03-07 22:35:14] [04-REGISTROS] ANTIAMNESIA: verificando presencia de carpetas clave de registros
[2026-03-07 22:35:14] [04-REGISTROS] AUDITORIA: tamaño total de logs
[2026-03-07 22:35:14] [04-REGISTROS] ENGRANAJE: declarando relación con todos los ministerios
[2026-03-07 22:35:14] [04-REGISTROS] SINCRONIZACION: marcando snapshot de últimos logs del monitor
[2026-03-07 22:35:14] [04-REGISTROS] REPORTE: ciclo IA registros completado
[2026-03-07 22:35:14] [04-REGISTROS] FIN ciclo IA ministerial
[2026-03-07 22:49:38] [04-REGISTROS] INICIO
[2026-03-07 22:49:38] [04-REGISTROS] FIN
[2026-03-09 11:36:15] [04-REGISTROS] INICIO
[2026-03-09 11:36:15] [04-REGISTROS] FIN
[2026-03-09 11:43:42] [04-REGISTROS] INICIO
[2026-03-09 11:43:42] [04-REGISTROS] FIN
[2026-03-09 12:07:37] [04-REGISTROS] INICIO
[2026-03-09 12:07:37] [04-REGISTROS] FIN
[2026-03-09 12:26:15] [04-REGISTROS] INICIO
[2026-03-09 12:26:15] [04-REGISTROS] FIN
[2026-03-09 12:29:03] [04-REGISTROS] INICIO
[2026-03-09 12:29:03] [04-REGISTROS] FIN
[2026-03-09 12:31:32] [04-REGISTROS] INICIO
[2026-03-09 12:31:33] [04-REGISTROS] FIN
[2026-03-09 12:34:36] [04-REGISTROS] INICIO
[2026-03-09 12:34:36] [04-REGISTROS] FIN
[2026-03-09 12:43:32] [04-REGISTROS] INICIO
[2026-03-09 12:43:33] [04-REGISTROS] FIN
[2026-03-09 13:46:23] [04-REGISTROS] INICIO
[2026-03-09 13:46:24] [04-REGISTROS] FIN
[2026-03-09 14:20:24] [04-REGISTROS] INICIO
[2026-03-09 14:20:24] [04-REGISTROS] FIN
[2026-03-09 14:24:03] [04-REGISTROS] INICIO
[2026-03-09 14:24:03] [04-REGISTROS] FIN
[2026-03-09 14:24:41] [04-REGISTROS] INICIO
[2026-03-09 14:24:41] [04-REGISTROS] Estado generado: estado_04-REGISTROS.json
[2026-03-09 14:24:41] [04-REGISTROS] FIN
[2026-03-09 14:25:21] [04-REGISTROS] INICIO
[2026-03-09 14:25:22] [04-REGISTROS] Estado generado: estado_04-REGISTROS.json
[2026-03-09 14:25:22] [04-REGISTROS] FIN
[2026-03-09 14:25:57] [04-REGISTROS] INICIO
[2026-03-09 14:25:57] [04-REGISTROS] Estado generado: estado_04-REGISTROS.json
[2026-03-09 14:25:57] [04-REGISTROS] FIN
[2026-03-09 14:38:42] [04-REGISTROS] INICIO
[2026-03-09 14:38:42] [04-REGISTROS] Estado generado: estado_04-REGISTROS.json
[2026-03-09 14:38:42] [04-REGISTROS] FIN
[2026-03-09 14:41:31] [04-REGISTROS] INICIO
[2026-03-09 14:41:31] [04-REGISTROS] Estado generado: estado_04-REGISTROS.json
[2026-03-09 14:41:31] [04-REGISTROS] FIN
[2026-03-09 14:53:01] [04-REGISTROS] INICIO
[2026-03-09 14:53:01] [04-REGISTROS] Estado generado: estado_04-REGISTROS.json
[2026-03-09 14:53:01] [04-REGISTROS] FIN
[2026-03-13 12:51:18] [04-REGISTROS] INICIO
[2026-03-13 12:51:18] [04-REGISTROS] Estado generado: estado_04-REGISTROS.json
[2026-03-13 12:51:18] [04-REGISTROS] FIN
