[2026-03-07 22:22:04] [05-DOCUMENTACION] INICIO ciclo IA ministerial
[2026-03-07 22:22:04] [05-DOCUMENTACION] MEMORIA: índice de leyes y documentos clave
[2026-03-07 22:22:04] [05-DOCUMENTACION] CONTEXTO: contexto de documentación y leyes
[2026-03-07 22:22:04] [05-DOCUMENTACION] ANTIAMNESIA: verificando presencia de leyes críticas
[2026-03-07 22:22:04] [05-DOCUMENTACION] AUDITORIA: detectando documentos sin prefijo SNX-
[2026-03-07 22:22:04] [05-DOCUMENTACION] ENGRANAJE: declarando relación documental con todos los ministerios
[2026-03-07 22:22:04] [05-DOCUMENTACION] SINCRONIZACION: snapshot de TODO_EL_SISTEMA.txt si existe
[2026-03-07 22:22:04] [05-DOCUMENTACION] REPORTE: ciclo IA documentación completado
[2026-03-07 22:22:04] [05-DOCUMENTACION] FIN ciclo IA ministerial
[2026-03-07 22:35:14] [05-DOCUMENTACION] INICIO ciclo IA ministerial
[2026-03-07 22:35:14] [05-DOCUMENTACION] MEMORIA: índice de leyes y documentos clave
[2026-03-07 22:35:14] [05-DOCUMENTACION] CONTEXTO: contexto de documentación y leyes
[2026-03-07 22:35:14] [05-DOCUMENTACION] ANTIAMNESIA: verificando presencia de leyes críticas
[2026-03-07 22:35:14] [05-DOCUMENTACION] AUDITORIA: detectando documentos sin prefijo SNX-
[2026-03-07 22:35:14] [05-DOCUMENTACION] ENGRANAJE: declarando relación documental con todos los ministerios
[2026-03-07 22:35:14] [05-DOCUMENTACION] SINCRONIZACION: snapshot de TODO_EL_SISTEMA.txt si existe
[2026-03-07 22:35:14] [05-DOCUMENTACION] REPORTE: ciclo IA documentación completado
[2026-03-07 22:35:15] [05-DOCUMENTACION] FIN ciclo IA ministerial
[2026-03-07 22:49:38] [05-DOCUMENTACION] INICIO
[2026-03-07 22:49:38] [05-DOCUMENTACION] FIN
[2026-03-09 11:36:15] [05-DOCUMENTACION] INICIO
[2026-03-09 11:36:16] [05-DOCUMENTACION] FIN
[2026-03-09 11:43:42] [05-DOCUMENTACION] INICIO
[2026-03-09 11:43:42] [05-DOCUMENTACION] FIN
[2026-03-09 12:07:37] [05-DOCUMENTACION] INICIO
[2026-03-09 12:07:37] [05-DOCUMENTACION] FIN
[2026-03-09 12:26:15] [05-DOCUMENTACION] INICIO
[2026-03-09 12:26:15] [05-DOCUMENTACION] FIN
[2026-03-09 12:29:03] [05-DOCUMENTACION] INICIO
[2026-03-09 12:29:03] [05-DOCUMENTACION] FIN
[2026-03-09 12:31:33] [05-DOCUMENTACION] INICIO
[2026-03-09 12:31:33] [05-DOCUMENTACION] FIN
[2026-03-09 12:34:36] [05-DOCUMENTACION] INICIO
[2026-03-09 12:34:36] [05-DOCUMENTACION] FIN
[2026-03-09 12:43:33] [05-DOCUMENTACION] INICIO
[2026-03-09 12:43:33] [05-DOCUMENTACION] FIN
[2026-03-09 13:46:24] [05-DOCUMENTACION] INICIO
[2026-03-09 13:46:24] [05-DOCUMENTACION] FIN
[2026-03-09 14:20:24] [05-DOCUMENTACION] INICIO
[2026-03-09 14:20:24] [05-DOCUMENTACION] FIN
[2026-03-09 14:24:03] [05-DOCUMENTACION] INICIO
[2026-03-09 14:24:03] [05-DOCUMENTACION] FIN
[2026-03-09 14:24:41] [05-DOCUMENTACION] INICIO
[2026-03-09 14:24:41] [05-DOCUMENTACION] FIN
[2026-03-09 14:25:22] [05-DOCUMENTACION] INICIO
[2026-03-09 14:25:22] [05-DOCUMENTACION] Estado generado: estado_05-DOCUMENTACION.json
[2026-03-09 14:25:22] [05-DOCUMENTACION] FIN
[2026-03-09 14:25:57] [05-DOCUMENTACION] INICIO
[2026-03-09 14:25:57] [05-DOCUMENTACION] Estado generado: estado_05-DOCUMENTACION.json
[2026-03-09 14:25:57] [05-DOCUMENTACION] FIN
[2026-03-09 14:38:42] [05-DOCUMENTACION] INICIO
[2026-03-09 14:38:42] [05-DOCUMENTACION] Estado generado: estado_05-DOCUMENTACION.json
[2026-03-09 14:38:42] [05-DOCUMENTACION] FIN
[2026-03-09 14:41:31] [05-DOCUMENTACION] INICIO
[2026-03-09 14:41:31] [05-DOCUMENTACION] Estado generado: estado_05-DOCUMENTACION.json
[2026-03-09 14:41:31] [05-DOCUMENTACION] FIN
[2026-03-09 14:53:01] [05-DOCUMENTACION] INICIO
[2026-03-09 14:53:01] [05-DOCUMENTACION] Estado generado: estado_05-DOCUMENTACION.json
[2026-03-09 14:53:01] [05-DOCUMENTACION] FIN
[2026-03-13 12:52:14] [05-DOCUMENTACION] INICIO
[2026-03-13 12:52:14] [05-DOCUMENTACION] Estado generado: estado_05-DOCUMENTACION.json
[2026-03-13 12:52:14] [05-DOCUMENTACION] FIN
