[2026-03-07 22:22:04] [06-MONITOR] INICIO ciclo IA ministerial
[2026-03-07 22:22:04] [06-MONITOR] MEMORIA: inventario de versiones del monitor
[2026-03-07 22:22:04] [06-MONITOR] CONTEXTO: contexto del monitor soberano
[2026-03-07 22:22:04] [06-MONITOR] ANTIAMNESIA: verificando presencia de V3 (monitor soberano)
[2026-03-07 22:22:04] [06-MONITOR] AUDITORIA: verificando archivos clave de V3
[2026-03-07 22:22:04] [06-MONITOR] ENGRANAJE: declarando relación con OPERACIONES y REGISTROS
[2026-03-07 22:22:04] [06-MONITOR] SINCRONIZACION: snapshot de monitor_data.json si existe
[2026-03-07 22:22:04] [06-MONITOR] REPORTE: ciclo IA monitor completado
[2026-03-07 22:22:05] [06-MONITOR] FIN ciclo IA ministerial
[2026-03-07 22:35:15] [06-MONITOR] INICIO ciclo IA ministerial
[2026-03-07 22:35:15] [06-MONITOR] MEMORIA: inventario de versiones del monitor
[2026-03-07 22:35:15] [06-MONITOR] CONTEXTO: contexto del monitor soberano
[2026-03-07 22:35:15] [06-MONITOR] ANTIAMNESIA: verificando presencia de V3 (monitor soberano)
[2026-03-07 22:35:15] [06-MONITOR] AUDITORIA: verificando archivos clave de V3
[2026-03-07 22:35:15] [06-MONITOR] ENGRANAJE: declarando relación con OPERACIONES y REGISTROS
[2026-03-07 22:35:15] [06-MONITOR] SINCRONIZACION: snapshot de monitor_data.json si existe
[2026-03-07 22:35:15] [06-MONITOR] REPORTE: ciclo IA monitor completado
[2026-03-07 22:35:15] [06-MONITOR] FIN ciclo IA ministerial
[2026-03-07 22:36:38] [06-MONITOR] INICIO ciclo IA ministerial
[2026-03-07 22:36:38] [06-MONITOR] MEMORIA: inventario de versiones del monitor
[2026-03-07 22:36:38] [06-MONITOR] CONTEXTO: contexto del monitor soberano
[2026-03-07 22:36:38] [06-MONITOR] ANTIAMNESIA: verificando presencia de V3 (monitor soberano)
[2026-03-07 22:36:38] [06-MONITOR] AUDITORIA: verificando archivos clave de V3
[2026-03-07 22:36:38] [06-MONITOR] ENGRANAJE: declarando relación con OPERACIONES y REGISTROS
[2026-03-07 22:36:38] [06-MONITOR] SINCRONIZACION: snapshot de monitor_data.json si existe
[2026-03-07 22:36:38] [06-MONITOR] REPORTE: ciclo IA monitor completado
[2026-03-07 22:36:38] [06-MONITOR] FIN ciclo IA ministerial
[2026-03-07 22:49:38] [06-MONITOR] INICIO
[2026-03-07 22:49:38] [06-MONITOR] FIN
[2026-03-09 11:36:16] [06-MONITOR] INICIO
[2026-03-09 11:36:16] [06-MONITOR] FIN
[2026-03-09 11:43:42] [06-MONITOR] INICIO
[2026-03-09 11:43:42] [06-MONITOR] FIN
[2026-03-09 12:07:37] [06-MONITOR] INICIO
[2026-03-09 12:07:37] [06-MONITOR] FIN
[2026-03-09 12:26:15] [06-MONITOR] INICIO
[2026-03-09 12:26:15] [06-MONITOR] FIN
[2026-03-09 12:29:03] [06-MONITOR] INICIO
[2026-03-09 12:29:03] [06-MONITOR] FIN
[2026-03-09 12:31:33] [06-MONITOR] INICIO
[2026-03-09 12:31:33] [06-MONITOR] FIN
[2026-03-09 12:34:36] [06-MONITOR] INICIO
[2026-03-09 12:34:36] [06-MONITOR] FIN
[2026-03-09 12:43:33] [06-MONITOR] INICIO
[2026-03-09 12:43:33] [06-MONITOR] FIN
[2026-03-09 13:46:24] [06-MONITOR] INICIO
[2026-03-09 13:46:24] [06-MONITOR] FIN
[2026-03-09 14:20:24] [06-MONITOR] INICIO
[2026-03-09 14:20:24] [06-MONITOR] FIN
[2026-03-09 14:24:03] [06-MONITOR] INICIO
[2026-03-09 14:24:03] [06-MONITOR] FIN
[2026-03-09 14:24:42] [06-MONITOR] INICIO
[2026-03-09 14:24:42] [06-MONITOR] FIN
[2026-03-09 14:25:22] [06-MONITOR] INICIO
[2026-03-09 14:25:22] [06-MONITOR] FIN
[2026-03-09 14:25:57] [06-MONITOR] INICIO
[2026-03-09 14:25:58] [06-MONITOR] Estado generado: estado_06-MONITOR.json
[2026-03-09 14:25:58] [06-MONITOR] FIN
[2026-03-09 14:38:42] [06-MONITOR] INICIO
[2026-03-09 14:38:42] [06-MONITOR] Estado generado: estado_06-MONITOR.json
[2026-03-09 14:38:42] [06-MONITOR] FIN
[2026-03-09 14:41:31] [06-MONITOR] INICIO
[2026-03-09 14:41:32] [06-MONITOR] Estado generado: estado_06-MONITOR.json
[2026-03-09 14:41:32] [06-MONITOR] FIN
[2026-03-09 14:53:01] [06-MONITOR] INICIO
[2026-03-09 14:53:02] [06-MONITOR] Estado generado: estado_06-MONITOR.json
[2026-03-09 14:53:02] [06-MONITOR] FIN
[2026-03-09 14:53:30] [06-MONITOR] INICIO
[2026-03-09 14:53:30] [06-MONITOR] Estado generado: estado_06-MONITOR.json
[2026-03-09 14:53:30] [06-MONITOR] FIN
[2026-03-09 14:53:45] [06-MONITOR] INICIO
[2026-03-09 14:53:45] [06-MONITOR] Estado generado: estado_06-MONITOR.json
[2026-03-09 14:53:45] [06-MONITOR] FIN
