[2026-03-09 14:30:31] [AUDITORIA] INICIO AUDITORIA FINAL
[2026-03-09 14:30:31] [AUDITORIA] Verificando estados ministeriales...
[2026-03-09 14:30:31] [AUDITORIA] OK estado_00-GOBIERNO.json
[2026-03-09 14:30:31] [AUDITORIA] OK estado_01-MEMORIA.json
[2026-03-09 14:30:31] [AUDITORIA] OK estado_02-SISTEMA.json
[2026-03-09 14:30:31] [AUDITORIA] OK estado_03-OPERACIONES.json
[2026-03-09 14:30:31] [AUDITORIA] OK estado_04-REGISTROS.json
[2026-03-09 14:30:31] [AUDITORIA] OK estado_05-DOCUMENTACION.json
[2026-03-09 14:30:31] [AUDITORIA] OK estado_06-MONITOR.json
[2026-03-09 14:30:31] [AUDITORIA] Verificando engranajes...
[2026-03-09 14:30:31] [AUDITORIA] OK engranaje_00-GOBIERNO.json
[2026-03-09 14:30:31] [AUDITORIA] OK engranaje_01-MEMORIA.json
[2026-03-09 14:30:31] [AUDITORIA] OK engranaje_02-SISTEMA.json
[2026-03-09 14:30:31] [AUDITORIA] OK engranaje_03-OPERACIONES.json
[2026-03-09 14:30:31] [AUDITORIA] OK engranaje_04-REGISTROS.json
[2026-03-09 14:30:31] [AUDITORIA] OK engranaje_05-DOCUMENTACION.json
[2026-03-09 14:30:31] [AUDITORIA] OK engranaje_06-MONITOR.json
[2026-03-09 14:30:31] [AUDITORIA] Verificando sync...
[2026-03-09 14:30:31] [AUDITORIA] OK sync_00-GOBIERNO.json
[2026-03-09 14:30:31] [AUDITORIA] OK sync_01-MEMORIA.json
[2026-03-09 14:30:31] [AUDITORIA] OK sync_02-SISTEMA.json
[2026-03-09 14:30:31] [AUDITORIA] OK sync_03-OPERACIONES.json
[2026-03-09 14:30:31] [AUDITORIA] OK sync_04-REGISTROS.json
[2026-03-09 14:30:31] [AUDITORIA] OK sync_05-DOCUMENTACION.json
[2026-03-09 14:30:31] [AUDITORIA] OK sync_06-MONITOR.json
[2026-03-09 14:30:32] [AUDITORIA] Auditoría final completada
[2026-03-09 14:30:32] [AUDITORIA] Informe generado: /data/data/com.termux/files/home/soda/05-DOCUMENTACION/INFORMES/INFORME-AUDITORIA-FINAL.md
[2026-03-09 14:37:09] [AUDITORIA] INICIO AUDITORIA FINAL
[2026-03-09 14:37:09] [AUDITORIA] OK estado_00-GOBIERNO.json
[2026-03-09 14:37:09] [AUDITORIA] OK estado_01-MEMORIA.json
[2026-03-09 14:37:09] [AUDITORIA] OK estado_02-SISTEMA.json
[2026-03-09 14:37:09] [AUDITORIA] OK estado_03-OPERACIONES.json
[2026-03-09 14:37:09] [AUDITORIA] OK estado_04-REGISTROS.json
[2026-03-09 14:37:09] [AUDITORIA] OK estado_05-DOCUMENTACION.json
[2026-03-09 14:37:09] [AUDITORIA] OK estado_06-MONITOR.json
[2026-03-09 14:37:09] [AUDITORIA] OK engranaje_00-GOBIERNO.json
[2026-03-09 14:37:09] [AUDITORIA] OK engranaje_01-MEMORIA.json
[2026-03-09 14:37:09] [AUDITORIA] OK engranaje_02-SISTEMA.json
[2026-03-09 14:37:09] [AUDITORIA] OK engranaje_03-OPERACIONES.json
[2026-03-09 14:37:09] [AUDITORIA] OK engranaje_04-REGISTROS.json
[2026-03-09 14:37:09] [AUDITORIA] OK engranaje_05-DOCUMENTACION.json
[2026-03-09 14:37:10] [AUDITORIA] OK engranaje_06-MONITOR.json
[2026-03-09 14:37:10] [AUDITORIA] OK sync_00-GOBIERNO.json
[2026-03-09 14:37:10] [AUDITORIA] OK sync_01-MEMORIA.json
[2026-03-09 14:37:10] [AUDITORIA] OK sync_02-SISTEMA.json
[2026-03-09 14:37:10] [AUDITORIA] OK sync_03-OPERACIONES.json
[2026-03-09 14:37:10] [AUDITORIA] OK sync_04-REGISTROS.json
[2026-03-09 14:37:10] [AUDITORIA] OK sync_05-DOCUMENTACION.json
[2026-03-09 14:37:10] [AUDITORIA] OK sync_06-MONITOR.json
[2026-03-09 14:37:10] [AUDITORIA] Auditoría final completada
[2026-03-09 14:37:10] [AUDITORIA] Informe generado: /data/data/com.termux/files/home/soda/05-DOCUMENTACION/INFORMES/INFORME-AUDITORIA-FINAL.md
