[2026-02-27 07:31:27] === INICIO DE AUDITORГЌA DEL SISTEMA SODAвЂ‘NEXUS ===
[2026-02-27 07:31:27] Carpetas principales:
[2026-02-27 07:31:27] вњ” 00-VAULT existe
[2026-02-27 07:31:27] вќЊ 01-DATA NO existe
[2026-02-27 07:31:27] вњ” 02-SISTEMA existe
[2026-02-27 07:31:27] вњ” 02-SCRIPTS existe
[2026-02-27 07:31:27] вќЊ 03-MODULOS NO existe
[2026-02-27 07:31:27] вќЊ 04-WEBAPP NO existe
[2026-02-27 07:31:27] вњ” 05-LOGS existe
[2026-02-27 07:31:27] 
[2026-02-27 07:31:27] ГЃrbol completo con permisos:
[drwx------ u0_a287  u0_a287  3.4K Feb 26 18:22]  /data/data/com.termux/files/home/soda
в”њв”Ђв”Ђ [drwx------ u0_a287  u0_a287  3.4K Feb 26 18:16]  00-DOCS
в”‚В В  в””в”Ђв”Ђ [-rw------- u0_a287  u0_a287  5.6K Feb 26 18:16]  SNX-TUNNEL-2026.md
в”њв”Ђв”Ђ [drwx------ u0_a287  u0_a287  3.4K Feb 24 15:40]  00-GOBIERNO
в”‚В В  в”њв”Ђв”Ђ [drwx------ u0_a287  u0_a287  3.4K Feb 24 15:40]  ESTADO
в”‚В В  в”њв”Ђв”Ђ [drwx------ u0_a287  u0_a287  3.4K Feb 24 15:40]  HERRAMIENTAS
в”‚В В  в”њв”Ђв”Ђ [drwx------ u0_a287  u0_a287  3.4K Feb 22 22:02]  KEYS
в”‚В В  в””в”Ђв”Ђ [drwx------ u0_a287  u0_a287  3.4K Feb 22 22:02]  VAULT
в”њв”Ђв”Ђ [drwx------ u0_a287  u0_a287  3.4K Feb 26 14:22]  00-VAULT
в”‚В В  в””в”Ђв”Ђ [-rw------- u0_a287  u0_a287    60 Feb 27 07:31]  tunnel.env
в”њв”Ђв”Ђ [drwx------ u0_a287  u0_a287  3.4K Feb 24 15:41]  01-ARCHIVO-HISTORICO
в”‚В В  в”њв”Ђв”Ђ [drwx------ u0_a287  u0_a287  3.4K Feb 24 15:40]  00-VAULT
в”‚В В  в”‚В В  в””в”Ђв”Ђ [drwx------ u0_a287  u0_a287  3.4K Feb 20 14:35]  TEMPLATES
в”‚В В  в”њв”Ђв”Ђ [drwx------ u0_a287  u0_a287  3.4K Feb 24 15:40]  01-STATE
в”‚В В  в”‚В В  в”њв”Ђв”Ђ [drwx------ u0_a287  u0_a287  3.4K Feb 20 14:46]  ENGINE
в”‚В В  в”‚В В  в”њв”Ђв”Ђ [drwx------ u0_a287  u0_a287  3.4K Feb 20 14:36]  GUARDIAN
в”‚В В  в”‚В В  в”њв”Ђв”Ђ [drwx------ u0_a287  u0_a287  3.4K Feb 24 15:40]  IMMUNITY
в”‚В В  в”‚В В  в””в”Ђв”Ђ [drwx------ u0_a287  u0_a287  3.4K Feb 24 15:40]  MIM
в”‚В В  в”‚В В      в””в”Ђв”Ђ [drwx------ u0_a287  u0_a287  3.4K Feb 24 15:40]  DATA
в”‚В В  в”њв”Ђв”Ђ [drwx------ u0_a287  u0_a287  3.4K Feb 24 15:41]  02-SCRIPTS
в”‚В В  в”‚В В  в”њв”Ђв”Ђ [drwx------ u0_a287  u0_a287  3.4K Feb 24 15:41]  AUDIT
в”‚В В  в”‚В В  в”‚В В  в””в”Ђв”Ђ [lrwxrwxrwx u0_a287  u0_a287    82 Feb 22 22:18]  AUDIT -> /data/data/com.termux/files/home/soda/01-ARCHIVO-HISTORICO/02-SCRIPTS/AUDIT
в”‚В В  в”‚В В  в”њв”Ђв”Ђ [drwx------ u0_a287  u0_a287  3.4K Feb 24 15:41]  ENGINE
в”‚В В  в”‚В В  в”‚В В  в””в”Ђв”Ђ [lrwxrwxrwx u0_a287  u0_a287    82 Feb 22 22:18]  ENGINE -> /data/data/com.termux/files/home/soda/01-ARCHIVO-HISTORICO/02-SCRIPTS/ENGINE
в”‚В В  в”‚В В  в”њв”Ђв”Ђ [drwx------ u0_a287  u0_a287  3.4K Feb 24 15:40]  GLOBAL
в”‚В В  в”‚В В  в”‚В В  в””в”Ђв”Ђ [lrwxrwxrwx u0_a287  u0_a287    82 Feb 22 22:18]  GLOBAL -> /data/data/com.termux/files/home/soda/01-ARCHIVO-HISTORICO/02-SCRIPTS/GLOBAL
в”‚В В  в”‚В В  в”њв”Ђв”Ђ [drwx------ u0_a287  u0_a287  3.4K Feb 24 15:41]  GUARDIAN
в”‚В В  в”‚В В  в”њв”Ђв”Ђ [drwx------ u0_a287  u0_a287  3.4K Feb 24 15:41]  IMMUNITY
в”‚В В  в”‚В В  в”њв”Ђв”Ђ [drwx------ u0_a287  u0_a287  3.4K Feb 24 15:41]  MIM
в”‚В В  в”‚В В  в””в”Ђв”Ђ [drwx------ u0_a287  u0_a287  3.4K Feb 16 15:47]  MODULES
в”‚В В  в”‚В В      в”њв”Ђв”Ђ [drwx------ u0_a287  u0_a287  3.4K Feb 24 15:41]  ECONOMY
в”‚В В  в”‚В В      в”‚В В  в”њв”Ђв”Ђ [lrwxrwxrwx u0_a287  u0_a287    98 Feb 22 22:18]  ECONOMY -> /data/data/com.termux/files/home/soda/01-ARCHIVO-HISTORICO/02-SCRIPTS/MODULES/ECONOMY
в”‚В В  в”‚В В      в”‚В В  в””в”Ђв”Ђ [drwx------ u0_a287  u0_a287  3.4K Feb 24 15:41]  SODA
в”‚В В  в”‚В В      в””в”Ђв”Ђ [drwx------ u0_a287  u0_a287  3.4K Feb 16 12:32]  GENERATOR
в”‚В В  в”‚В В          в””в”Ђв”Ђ [drwx------ u0_a287  u0_a287  3.4K Feb 24 15:41]  MIM
в”‚В В  в”‚В В              в”њв”Ђв”Ђ [drwx------ u0_a287  u0_a287  3.4K Feb 24 15:40]  core
в”‚В В  в”‚В В              в”њв”Ђв”Ђ [drwx------ u0_a287  u0_a287  3.4K Feb 24 15:41]  data
в”‚В В  в”‚В В              в”њв”Ђв”Ђ [drwx------ u0_a287  u0_a287  3.4K Feb 24 15:41]  logs
в”‚В В  в”‚В В              в””в”Ђв”Ђ [drwx------ u0_a287  u0_a287  3.4K Feb 16 12:35]  tmp
в”‚В В  в”њв”Ђв”Ђ [drwx------ u0_a287  u0_a287  3.4K Feb 24 15:41]  03-LOG
в”‚В В  в”‚В В  в”њв”Ђв”Ђ [drwx------ u0_a287  u0_a287  3.4K Feb 24 15:41]  AUDIT
в”‚В В  в”‚В В  в”њв”Ђв”Ђ [drwx------ u0_a287  u0_a287  3.4K Feb 24 15:41]  audit
в”‚В В  в”‚В В  в”њв”Ђв”Ђ [drwx------ u0_a287  u0_a287  3.4K Feb 15 22:19]  corruption
в”‚В В  в”‚В В  в”њв”Ђв”Ђ [drwx------ u0_a287  u0_a287  3.4K Feb 15 22:19]  decisions
в”‚В В  в”‚В В  в”њв”Ђв”Ђ [drwx------ u0_a287  u0_a287  3.4K Feb 24 15:41]  economy
в”‚В В  в”‚В В  в”њв”Ђв”Ђ [drwx------ u0_a287  u0_a287  3.4K Feb 24 15:41]  incidents
в”‚В В  в”‚В В  в””в”Ђв”Ђ [drwx------ u0_a287  u0_a287  3.4K Feb 24 15:41]  milestones
в”‚В В  в”њв”Ђв”Ђ [drwx------ u0_a287  u0_a287  3.4K Feb 24 15:41]  04-DOCS
в”‚В В  в”‚В В  в””в”Ђв”Ђ [drwx------ u0_a287  u0_a287  3.4K Feb 15 22:19]  versiones
в”‚В В  в””в”Ђв”Ђ [drwx------ u0_a287  u0_a287  3.4K Feb 24 15:41]  BACKUPS
в”њв”Ђв”Ђ [drwx------ u0_a287  u0_a287  3.4K Feb 24 15:41]  01-MEMORIA
в”‚В В  в”њв”Ђв”Ђ [drwx------ u0_a287  u0_a287  3.4K Feb 24 15:28]  DECISIONES
в”‚В В  в”‚В В  в””в”Ђв”Ђ [drwx------ u0_a287  u0_a287  3.4K Feb 24 15:28]  2026
в”‚В В  в”‚В В      в””в”Ђв”Ђ [drwx------ u0_a287  u0_a287  3.4K Feb 24 15:41]  02
в”‚В В  в”њв”Ђв”Ђ [drwx------ u0_a287  u0_a287  3.4K Feb 24 15:41]  EVENTOS
в”‚В В  в”њв”Ђв”Ђ [drwx------ u0_a287  u0_a287  3.4K Feb 24 15:41]  LECCIONES
в”‚В В  в””в”Ђв”Ђ [drwx------ u0_a287  u0_a287  3.4K Feb 24 15:27]  REFERENCIAS
в”њв”Ђв”Ђ [drwx------ u0_a287  u0_a287  3.4K Feb 23 20:50]  01-MINISTERIOS
в”њв”Ђв”Ђ [drwx------ u0_a287  u0_a287  3.4K Feb 27 07:31]  02-SCRIPTS
в”‚В В  в”њв”Ђв”Ђ [drwx------ u0_a287  u0_a287  3.4K Feb 27 07:31]  GLOBAL
в”‚В В  в”‚В В  в””в”Ђв”Ђ [-rwx------ u0_a287  u0_a287  1008 Feb 27 07:31]  snx_tree.sh
в”‚В В  в””в”Ђв”Ђ [drwx------ u0_a287  u0_a287  3.4K Feb 26 21:15]  TUNNEL
в”‚В В      в”њв”Ђв”Ђ [-rwx------ u0_a287  u0_a287  5.0K Feb 26 14:22]  snx_tunnel_init.sh
в”‚В В      в”њв”Ђв”Ђ [-rwx------ u0_a287  u0_a287  1.4K Feb 26 14:25]  snx_tunnel_login.sh
в”‚В В      в””в”Ђв”Ђ [-rwx------ u0_a287  u0_a287   960 Feb 26 21:15]  snx_tunnel_manager.sh
в”њв”Ђв”Ђ [drwx------ u0_a287  u0_a287  3.4K Feb 24 15:57]  02-SISTEMA
в”‚В В  в”њв”Ђв”Ђ [drwx------ u0_a287  u0_a287  3.4K Feb 26 19:10]  API
в”‚В В  в”‚В В  в”њв”Ђв”Ђ [-rw------- u0_a287  u0_a287   233 Feb 26 19:10]  api.py
в”‚В В  в”‚В В  в””в”Ђв”Ђ [-rw------- u0_a287  u0_a287    34 Feb 25 09:33]  snx_bridge.py
в”‚В В  в”њв”Ђв”Ђ [drwx------ u0_a287  u0_a287  3.4K Feb 24 15:57]  BACKEND
в”‚В В  в”‚В В  в””в”Ђв”Ђ [-rwx------ u0_a287  u0_a287   673 Feb 24 23:44]  snx_backend.sh
в”‚В В  в”њв”Ђв”Ђ [drwx------ u0_a287  u0_a287  3.4K Feb 24 15:44]  CORE
в”‚В В  в”‚В В  в””в”Ђв”Ђ [-rwx------ u0_a287  u0_a287  2.0K Feb 24 15:44]  snx_doc_backup.sh
в”‚В В  в”њв”Ђв”Ђ [drwx------ u0_a287  u0_a287  3.4K Feb 26 23:45]  DAEMON
в”‚В В  в”‚В В  в”њв”Ђв”Ђ [-rwx------ u0_a287  u0_a287   377 Feb 24 23:22]  snx_daemon.sh
в”‚В В  в”‚В В  в””в”Ђв”Ђ [-rwxr-xr-x u0_a287  u0_a287  3.3K Feb 27 00:04]  snx_tunnel_persistent.sh
в”‚В В  в”њв”Ђв”Ђ [drwx------ u0_a287  u0_a287  3.4K Feb 24 15:41]  ENGINE
в”‚В В  в”њв”Ђв”Ђ [drwx------ u0_a287  u0_a287  3.4K Feb 24 15:41]  ESTADO
в”‚В В  в”њв”Ђв”Ђ [drwx------ u0_a287  u0_a287  3.4K Feb 24 15:41]  GLOBAL
в”‚В В  в”њв”Ђв”Ђ [drwx------ u0_a287  u0_a287  3.4K Feb 24 15:41]  GUARDIAN
в”‚В В  в”њв”Ђв”Ђ [drwx------ u0_a287  u0_a287  3.4K Feb 24 15:41]  IMMUNITY
в”‚В В  в”њв”Ђв”Ђ [drwx------ u0_a287  u0_a287  3.4K Feb 22 22:02]  LIB
в”‚В В  в”‚В В  в”њв”Ђв”Ђ [drwx------ u0_a287  u0_a287  3.4K Feb 22 22:02]  bash
в”‚В В  в”‚В В  в””в”Ђв”Ђ [drwx------ u0_a287  u0_a287  3.4K Feb 22 22:02]  python
в”‚В В  в”њв”Ђв”Ђ [drwx------ u0_a287  u0_a287  3.4K Feb 24 15:41]  MIM
в”‚В В  в””в”Ђв”Ђ [drwx------ u0_a287  u0_a287  3.4K Feb 24 15:41]  REGISTRO
в”њв”Ђв”Ђ [drwx------ u0_a287  u0_a287  3.4K Feb 26 14:22]  03-CONFIG
в”‚В В  в””в”Ђв”Ђ [drwx------ u0_a287  u0_a287  3.4K Feb 26 14:22]  tunnel
в”‚В В      в””в”Ђв”Ђ [-rw------- u0_a287  u0_a287     0 Feb 26 14:22]  config.yml
в”њв”Ђв”Ђ [drwx------ u0_a287  u0_a287  3.4K Feb 23 05:59]  03-OPERACIONES
в”‚В В  в”њв”Ђв”Ђ [drwx------ u0_a287  u0_a287  3.4K Feb 22 22:02]  BRIDGES
в”‚В В  в”њв”Ђв”Ђ [drwx------ u0_a287  u0_a287  3.4K Feb 24 15:41]  ECONOMY
в”‚В В  в”њв”Ђв”Ђ [drwx------ u0_a287  u0_a287  3.4K Feb 22 22:02]  LEGACY
в”‚В В  в”‚В В  в”њв”Ђв”Ђ [lrwxrwxrwx u0_a287  u0_a287    82 Feb 22 22:02]  AUDIT -> /data/data/com.termux/files/home/soda/01-ARCHIVO-HISTORICO/02-SCRIPTS/AUDIT
в”‚В В  в”‚В В  в”њв”Ђв”Ђ [lrwxrwxrwx u0_a287  u0_a287    98 Feb 22 22:02]  ECONOMY -> /data/data/com.termux/files/home/soda/01-ARCHIVO-HISTORICO/02-SCRIPTS/MODULES/ECONOMY
в”‚В В  в”‚В В  в”њв”Ђв”Ђ [lrwxrwxrwx u0_a287  u0_a287    82 Feb 22 22:02]  ENGINE -> /data/data/com.termux/files/home/soda/01-ARCHIVO-HISTORICO/02-SCRIPTS/ENGINE
в”‚В В  в”‚В В  в””в”Ђв”Ђ [lrwxrwxrwx u0_a287  u0_a287    82 Feb 22 22:02]  GLOBAL -> /data/data/com.termux/files/home/soda/01-ARCHIVO-HISTORICO/02-SCRIPTS/GLOBAL
в”‚В В  в””в”Ђв”Ђ [drwx------ u0_a287  u0_a287  4.0K Feb 24 15:41]  NATIVOS
в”њв”Ђв”Ђ [drwx------ u0_a287  u0_a287  3.4K Feb 24 15:41]  04-COMUNICACIONES
в”‚В В  в”њв”Ђв”Ђ [drwx------ u0_a287  u0_a287  3.4K Feb 22 22:02]  CLI
в”‚В В  в”њв”Ђв”Ђ [drwx------ u0_a287  u0_a287  3.4K Feb 24 15:41]  TELEGRAM
в”‚В В  в”њв”Ђв”Ђ [drwx------ u0_a287  u0_a287  3.4K Feb 25 09:32]  WEBAPP
в”‚В В  в”‚В В  в”њв”Ђв”Ђ [drwx------ u0_a287  u0_a287  3.4K Feb 25 09:32]  node_modules
в”‚В В  в”‚В В  в”‚В В  в”њв”Ђв”Ђ [drwx------ u0_a287  u0_a287  3.4K Feb 25 09:32]  @ampproject
в”‚В В  в”‚В В  в”‚В В  в”њв”Ђв”Ђ [drwx------ u0_a287  u0_a287  3.4K Feb 25 09:32]  @esbuild
в”‚В В  в”‚В В  в”‚В В  в”њв”Ђв”Ђ [drwx------ u0_a287  u0_a287  3.4K Feb 25 09:32]  @jridgewell
в”‚В В  в”‚В В  в”‚В В  в”њв”Ђв”Ђ [drwx------ u0_a287  u0_a287  3.4K Feb 25 09:32]  @rollup
в”‚В В  в”‚В В  в”‚В В  в”њв”Ђв”Ђ [drwx------ u0_a287  u0_a287  3.4K Feb 25 09:32]  @sveltejs
в”‚В В  в”‚В В  в”‚В В  в””в”Ђв”Ђ [drwx------ u0_a287  u0_a287  3.4K Feb 25 09:32]  @types
в”‚В В  в”‚В В  в”њв”Ђв”Ђ [-rw------- u0_a287  u0_a287    85 Feb 25 09:32]  package-lock.json
в”‚В В  в”‚В В  в””в”Ђв”Ђ [drwx------ u0_a287  u0_a287  3.4K Feb 25 09:12]  src
в”‚В В  в”‚В В      в”њв”Ђв”Ђ [-rw------- u0_a287  u0_a287    74 Feb 25 09:12]  App.svelte
в”‚В В  в”‚В В      в”њв”Ђв”Ђ [-rw------- u0_a287  u0_a287   549 Feb 25 09:11]  Monitor.svelte
в”‚В В  в”‚В В      в””в”Ђв”Ђ [drwx------ u0_a287  u0_a287  3.4K Feb 24 15:41]  lib
в”‚В В  в””в”Ђв”Ђ [drwx------ u0_a287  u0_a287  3.4K Feb 24 15:41]  WEBAPP_BACKUP_20260223222530
в”‚В В      в”њв”Ђв”Ђ [drwx------ u0_a287  u0_a287  3.4K Feb 24 15:41]  node_modules
в”‚В В      в”‚В В  в”њв”Ђв”Ђ [drwx------ u0_a287  u0_a287  3.4K Feb 23 21:00]  @esbuild
в”‚В В      в”‚В В  в”‚В В  в””в”Ђв”Ђ [drwx------ u0_a287  u0_a287  3.4K Feb 24 15:41]  android-arm64
в”‚В В      в”‚В В  в”‚В В      в””в”Ђв”Ђ [drwx------ u0_a287  u0_a287  3.4K Feb 24 15:41]  bin
в”‚В В      в”‚В В  в”њв”Ђв”Ђ [drwx------ u0_a287  u0_a287  3.4K Feb 23 21:00]  @jridgewell
в”‚В В      в”‚В В  в”‚В В  в”њв”Ђв”Ђ [drwx------ u0_a287  u0_a287  3.4K Feb 24 15:41]  gen-mapping
в”‚В В      в”‚В В  в”‚В В  в”‚В В  в”њв”Ђв”Ђ [drwx------ u0_a287  u0_a287  3.4K Feb 24 15:41]  dist
в”‚В В      в”‚В В  в”‚В В  в”‚В В  в”‚В В  в””в”Ђв”Ђ [drwx------ u0_a287  u0_a287  3.4K Feb 24 15:41]  types
в”‚В В      в”‚В В  в”‚В В  в”‚В В  в”њв”Ђв”Ђ [drwx------ u0_a287  u0_a287  3.4K Feb 24 15:41]  src
в”‚В В      в”‚В В  в”‚В В  в”‚В В  в””в”Ђв”Ђ [drwx------ u0_a287  u0_a287  3.4K Feb 24 15:41]  types
в”‚В В      в”‚В В  в”‚В В  в”њв”Ђв”Ђ [drwx------ u0_a287  u0_a287  3.4K Feb 24 15:41]  remapping
в”‚В В      в”‚В В  в”‚В В  в”‚В В  в”њв”Ђв”Ђ [drwx------ u0_a287  u0_a287  3.4K Feb 24 15:41]  dist
в”‚В В      в”‚В В  в”‚В В  в”‚В В  в”њв”Ђв”Ђ [drwx------ u0_a287  u0_a287  3.4K Feb 24 15:41]  src
в”‚В В      в”‚В В  в”‚В В  в”‚В В  в””в”Ђв”Ђ [drwx------ u0_a287  u0_a287  3.4K Feb 24 15:41]  types
в”‚В В      в”‚В В  в”‚В В  в”њв”Ђв”Ђ [drwx------ u0_a287  u0_a287  3.4K Feb 24 15:41]  resolve-uri
в”‚В В      в”‚В В  в”‚В В  в”‚В В  в””в”Ђв”Ђ [drwx------ u0_a287  u0_a287  3.4K Feb 24 15:41]  dist
в”‚В В      в”‚В В  в”‚В В  в”‚В В      в””в”Ђв”Ђ [drwx------ u0_a287  u0_a287  3.4K Feb 24 15:41]  types
в”‚В В      в”‚В В  в”‚В В  в”њв”Ђв”Ђ [drwx------ u0_a287  u0_a287  3.4K Feb 24 15:41]  sourcemap-codec
в”‚В В      в”‚В В  в”‚В В  в”‚В В  в”њв”Ђв”Ђ [drwx------ u0_a287  u0_a287  3.4K Feb 24 15:41]  dist
в”‚В В      в”‚В В  в”‚В В  в”‚В В  в”њв”Ђв”Ђ [drwx------ u0_a287  u0_a287  3.4K Feb 24 15:41]  src
в”‚В В      в”‚В В  в”‚В В  в”‚В В  в””в”Ђв”Ђ [drwx------ u0_a287  u0_a287  3.4K Feb 24 15:41]  types
в”‚В В      в”‚В В  в”‚В В  в””в”Ђв”Ђ [drwx------ u0_a287  u0_a287  3.4K Feb 24 15:41]  trace-mapping
в”‚В В      в”‚В В  в”‚В В      в”њв”Ђв”Ђ [drwx------ u0_a287  u0_a287  3.4K Feb 24 15:41]  dist
в”‚В В      в”‚В В  в”‚В В      в”њв”Ђв”Ђ [drwx------ u0_a287  u0_a287  3.4K Feb 24 15:41]  src
в”‚В В      в”‚В В  в”‚В В      в””в”Ђв”Ђ [drwx------ u0_a287  u0_a287  3.4K Feb 24 15:41]  types
в”‚В В      в”‚В В  в”њв”Ђв”Ђ [drwx------ u0_a287  u0_a287  3.4K Feb 23 21:00]  @rollup
в”‚В В      в”‚В В  в”‚В В  в””в”Ђв”Ђ [drwx------ u0_a287  u0_a287  3.4K Feb 24 15:41]  rollup-android-arm64
в”‚В В      в”‚В В  в”њв”Ђв”Ђ [drwx------ u0_a287  u0_a287  3.4K Feb 23 21:00]  @sveltejs
в”‚В В      в”‚В В  в”‚В В  в”њв”Ђв”Ђ [drwx------ u0_a287  u0_a287  3.4K Feb 24 15:41]  acorn-typescript
в”‚В В      в”‚В В  в”‚В В  в””в”Ђв”Ђ [drwx------ u0_a287  u0_a287  3.4K Feb 24 15:41]  vite-plugin-svelte
в”‚В В      в”‚В В  в”‚В В      в”њв”Ђв”Ђ [drwx------ u0_a287  u0_a287  3.4K Feb 24 15:41]  src
в”‚В В      в”‚В В  в”‚В В      в”‚В В  в”њв”Ђв”Ђ [drwx------ u0_a287  u0_a287  3.4K Feb 24 15:41]  plugins
в”‚В В      в”‚В В  в”‚В В      в”‚В В  в”‚В В  в””в”Ђв”Ђ [drwx------ u0_a287  u0_a287  3.4K Feb 24 15:41]  inspector
в”‚В В      в”‚В В  в”‚В В      в”‚В В  в”‚В В      в””в”Ђв”Ђ [drwx------ u0_a287  u0_a287  3.4K Feb 24 15:41]  runtime
в”‚В В      в”‚В В  в”‚В В      в”‚В В  в”њв”Ђв”Ђ [drwx------ u0_a287  u0_a287  3.4K Feb 24 15:41]  types
в”‚В В      в”‚В В  в”‚В В      в”‚В В  в””в”Ђв”Ђ [drwx------ u0_a287  u0_a287  3.4K Feb 24 15:41]  utils
в”‚В В      в”‚В В  в”‚В В      в””в”Ђв”Ђ [drwx------ u0_a287  u0_a287  3.4K Feb 24 15:41]  types
в”‚В В      в”‚В В  в”њв”Ђв”Ђ [drwx------ u0_a287  u0_a287  3.4K Feb 23 21:00]  @types
в”‚В В      в”‚В В  в”‚В В  в”њв”Ђв”Ђ [drwx------ u0_a287  u0_a287  3.4K Feb 24 15:41]  estree
в”‚В В      в”‚В В  в”‚В В  в””в”Ђв”Ђ [drwx------ u0_a287  u0_a287  3.4K Feb 24 15:41]  trusted-types
в”‚В В      в”‚В В  в”‚В В      в””в”Ђв”Ђ [drwx------ u0_a287  u0_a287  3.4K Feb 24 15:41]  lib
в”‚В В      в”‚В В  в”њв”Ђв”Ђ [drwx------ u0_a287  u0_a287  3.4K Feb 24 15:41]  acorn
в”‚В В      в”‚В В  в”‚В В  в”њв”Ђв”Ђ [drwx------ u0_a287  u0_a287  3.4K Feb 24 15:41]  bin
в”‚В В      в”‚В В  в”‚В В  в””в”Ђв”Ђ [drwx------ u0_a287  u0_a287  3.4K Feb 24 15:41]  dist
в”‚В В      в”‚В В  в”њв”Ђв”Ђ [drwx------ u0_a287  u0_a287  3.4K Feb 24 15:41]  aria-query
в”‚В В      в”‚В В  в”‚В В  в””в”Ђв”Ђ [drwx------ u0_a287  u0_a287  3.4K Feb 24 15:41]  lib
в”‚В В      в”‚В В  в”‚В В      в”њв”Ђв”Ђ [drwx------ u0_a287  u0_a287  3.4K Feb 23 21:00]  etc
в”‚В В      в”‚В В  в”‚В В      в”‚В В  в””в”Ђв”Ђ [drwx------ u0_a287  u0_a287  3.4K Feb 24 15:41]  roles
в”‚В В      в”‚В В  в”‚В В      в”‚В В      в”њв”Ђв”Ђ [drwx------ u0_a287  u0_a287  3.4K Feb 24 15:41]  abstract
в”‚В В      в”‚В В  в”‚В В      в”‚В В      в”њв”Ђв”Ђ [drwx------ u0_a287  u0_a287  3.4K Feb 24 15:41]  dpub
в”‚В В      в”‚В В  в”‚В В      в”‚В В      в”њв”Ђв”Ђ [drwx------ u0_a287  u0_a287  3.4K Feb 24 15:41]  graphics
в”‚В В      в”‚В В  в”‚В В      в”‚В В      в””в”Ђв”Ђ [drwx------ u0_a287  u0_a287  4.0K Feb 24 15:41]  literal
в”‚В В      в”‚В В  в”‚В В      в””в”Ђв”Ђ [drwx------ u0_a287  u0_a287  3.4K Feb 24 15:41]  util
в”‚В В      в”‚В В  в”њв”Ђв”Ђ [drwx------ u0_a287  u0_a287  3.4K Feb 24 15:41]  axobject-query
в”‚В В      в”‚В В  в”‚В В  в””в”Ђв”Ђ [drwx------ u0_a287  u0_a287  3.4K Feb 24 15:41]  lib
в”‚В В      в”‚В В  в”‚В В      в”њв”Ђв”Ђ [drwx------ u0_a287  u0_a287  3.4K Feb 23 21:00]  etc
в”‚В В      в”‚В В  в”‚В В      в”‚В В  в””в”Ђв”Ђ [drwx------ u0_a287  u0_a287  8.0K Feb 24 15:41]  objects
в”‚В В      в”‚В В  в”‚В В      в””в”Ђв”Ђ [drwx------ u0_a287  u0_a287  3.4K Feb 24 15:41]  util
в”‚В В      в”‚В В  в”њв”Ђв”Ђ [drwx------ u0_a287  u0_a287  3.4K Feb 24 15:41]  clsx
в”‚В В      в”‚В В  в”‚В В  в””в”Ђв”Ђ [drwx------ u0_a287  u0_a287  3.4K Feb 24 15:41]  dist
в”‚В В      в”‚В В  в”њв”Ђв”Ђ [drwx------ u0_a287  u0_a287  3.4K Feb 24 15:41]  deepmerge
в”‚В В      в”‚В В  в”‚В В  в””в”Ђв”Ђ [drwx------ u0_a287  u0_a287  3.4K Feb 24 15:41]  dist
в”‚В В      в”‚В В  в”њв”Ђв”Ђ [drwx------ u0_a287  u0_a287  3.4K Feb 24 15:41]  devalue
в”‚В В      в”‚В В  в”‚В В  в”њв”Ђв”Ђ [drwx------ u0_a287  u0_a287  3.4K Feb 24 15:41]  src
в”‚В В      в”‚В В  в”‚В В  в””в”Ђв”Ђ [drwx------ u0_a287  u0_a287  3.4K Feb 24 15:41]  types
в”‚В В      в”‚В В  в”њв”Ђв”Ђ [drwx------ u0_a287  u0_a287  3.4K Feb 24 15:41]  esbuild
в”‚В В      в”‚В В  в”‚В В  в”њв”Ђв”Ђ [drwx------ u0_a287  u0_a287  3.4K Feb 24 15:41]  bin
в”‚В В      в”‚В В  в”‚В В  в””в”Ђв”Ђ [drwx------ u0_a287  u0_a287  3.4K Feb 24 15:41]  lib
в”‚В В      в”‚В В  в”њв”Ђв”Ђ [drwx------ u0_a287  u0_a287  3.4K Feb 24 15:41]  esm-env
в”‚В В      в”‚В В  в”њв”Ђв”Ђ [drwx------ u0_a287  u0_a287  3.4K Feb 24 15:41]  esrap
в”‚В В      в”‚В В  в”‚В В  в”њв”Ђв”Ђ [drwx------ u0_a287  u0_a287  3.4K Feb 24 15:41]  src
в”‚В В      в”‚В В  в”‚В В  в”‚В В  в””в”Ђв”Ђ [drwx------ u0_a287  u0_a287  3.4K Feb 24 15:41]  languages
в”‚В В      в”‚В В  в”‚В В  в”‚В В      в”њв”Ђв”Ђ [drwx------ u0_a287  u0_a287  3.4K Feb 24 15:41]  ts
в”‚В В      в”‚В В  в”‚В В  в”‚В В      в””в”Ђв”Ђ [drwx------ u0_a287  u0_a287  3.4K Feb 24 15:41]  tsx
в”‚В В      в”‚В В  в”‚В В  в””в”Ђв”Ђ [drwx------ u0_a287  u0_a287  3.4K Feb 24 15:41]  types
в”‚В В      в”‚В В  в”њв”Ђв”Ђ [drwx------ u0_a287  u0_a287  3.4K Feb 24 15:41]  fdir
в”‚В В      в”‚В В  в”‚В В  в””в”Ђв”Ђ [drwx------ u0_a287  u0_a287  3.4K Feb 24 15:41]  dist
в”‚В В      в”‚В В  в”њв”Ђв”Ђ [drwx------ u0_a287  u0_a287  3.4K Feb 24 15:41]  is-reference
в”‚В В      в”‚В В  в”‚В В  в”њв”Ђв”Ђ [drwx------ u0_a287  u0_a287  3.4K Feb 24 15:41]  src
в”‚В В      в”‚В В  в”‚В В  в””в”Ђв”Ђ [drwx------ u0_a287  u0_a287  3.4K Feb 24 15:41]  types
в”‚В В      в”‚В В  в”њв”Ђв”Ђ [drwx------ u0_a287  u0_a287  3.4K Feb 24 15:41]  locate-character
в”‚В В      в”‚В В  в”‚В В  в”њв”Ђв”Ђ [drwx------ u0_a287  u0_a287  3.4K Feb 24 15:41]  src
в”‚В В      в”‚В В  в”‚В В  в””в”Ђв”Ђ [drwx------ u0_a287  u0_a287  3.4K Feb 24 15:41]  types
в”‚В В      в”‚В В  в”њв”Ђв”Ђ [drwx------ u0_a287  u0_a287  3.4K Feb 24 15:41]  magic-string
в”‚В В      в”‚В В  в”‚В В  в””в”Ђв”Ђ [drwx------ u0_a287  u0_a287  3.4K Feb 24 15:41]  dist
в”‚В В      в”‚В В  в”њв”Ђв”Ђ [drwx------ u0_a287  u0_a287  3.4K Feb 24 15:41]  nanoid
в”‚В В      в”‚В В  в”‚В В  в”њв”Ђв”Ђ [drwx------ u0_a287  u0_a287  3.4K Feb 24 15:41]  async
в”‚В В      в”‚В В  в”‚В В  в”њв”Ђв”Ђ [drwx------ u0_a287  u0_a287  3.4K Feb 24 15:41]  bin
в”‚В В      в”‚В В  в”‚В В  в”њв”Ђв”Ђ [drwx------ u0_a287  u0_a287  3.4K Feb 24 15:41]  non-secure
в”‚В В      в”‚В В  в”‚В В  в””в”Ђв”Ђ [drwx------ u0_a287  u0_a287  3.4K Feb 24 15:41]  url-alphabet
в”‚В В      в”‚В В  в”њв”Ђв”Ђ [drwx------ u0_a287  u0_a287  3.4K Feb 24 15:41]  obug
в”‚В В      в”‚В В  в”‚В В  в””в”Ђв”Ђ [drwx------ u0_a287  u0_a287  3.4K Feb 24 15:41]  dist
в”‚В В      в”‚В В  в”њв”Ђв”Ђ [drwx------ u0_a287  u0_a287  3.4K Feb 24 15:41]  picocolors
в”‚В В      в”‚В В  в”њв”Ђв”Ђ [drwx------ u0_a287  u0_a287  3.4K Feb 24 15:41]  picomatch
в”‚В В      в”‚В В  в”‚В В  в””в”Ђв”Ђ [drwx------ u0_a287  u0_a287  3.4K Feb 24 15:41]  lib
в”‚В В      в”‚В В  в”њв”Ђв”Ђ [drwx------ u0_a287  u0_a287  3.4K Feb 24 15:41]  postcss
в”‚В В      в”‚В В  в”‚В В  в””в”Ђв”Ђ [drwx------ u0_a287  u0_a287  3.4K Feb 24 15:41]  lib
в”‚В В      в”‚В В  в”њв”Ђв”Ђ [drwx------ u0_a287  u0_a287  3.4K Feb 24 15:41]  regexparam
в”‚В В      в”‚В В  в”‚В В  в””в”Ђв”Ђ [drwx------ u0_a287  u0_a287  3.4K Feb 24 15:41]  dist
в”‚В В      в”‚В В  в”њв”Ђв”Ђ [drwx------ u0_a287  u0_a287  3.4K Feb 24 15:41]  rollup
в”‚В В      в”‚В В  в”‚В В  в””в”Ђв”Ђ [drwx------ u0_a287  u0_a287  3.4K Feb 24 15:41]  dist
в”‚В В      в”‚В В  в”‚В В      в”њв”Ђв”Ђ [drwx------ u0_a287  u0_a287  3.4K Feb 24 15:41]  bin
в”‚В В      в”‚В В  в”‚В В      в”њв”Ђв”Ђ [drwx------ u0_a287  u0_a287  3.4K Feb 24 15:41]  es
в”‚В В      в”‚В В  в”‚В В      в”‚В В  в””в”Ђв”Ђ [drwx------ u0_a287  u0_a287  3.4K Feb 24 15:41]  shared
в”‚В В      в”‚В В  в”‚В В      в””в”Ђв”Ђ [drwx------ u0_a287  u0_a287  3.4K Feb 24 15:41]  shared
в”‚В В      в”‚В В  в”њв”Ђв”Ђ [drwx------ u0_a287  u0_a287  3.4K Feb 24 15:41]  source-map-js
в”‚В В      в”‚В В  в”‚В В  в””в”Ђв”Ђ [drwx------ u0_a287  u0_a287  3.4K Feb 24 15:41]  lib
в”‚В В      в”‚В В  в”њв”Ђв”Ђ [drwx------ u0_a287  u0_a287  3.4K Feb 24 15:41]  svelte
в”‚В В      в”‚В В  в”‚В В  в”њв”Ђв”Ђ [drwx------ u0_a287  u0_a287  3.4K Feb 24 15:41]  compiler
в”‚В В      в”‚В В  в”‚В В  в”њв”Ђв”Ђ [drwx------ u0_a287  u0_a287  3.4K Feb 24 15:41]  src
в”‚В В      в”‚В В  в”‚В В  в”‚В В  в”њв”Ђв”Ђ [drwx------ u0_a287  u0_a287  3.4K Feb 24 15:41]  animate
в”‚В В      в”‚В В  в”‚В В  в”‚В В  в”њв”Ђв”Ђ [drwx------ u0_a287  u0_a287  3.4K Feb 24 15:41]  attachments
в”‚В В      в”‚В В  в”‚В В  в”‚В В  в”њв”Ђв”Ђ [drwx------ u0_a287  u0_a287  3.4K Feb 24 15:41]  compiler
в”‚В В      в”‚В В  в”‚В В  в”‚В В  в”‚В В  в”њв”Ђв”Ђ [drwx------ u0_a287  u0_a287  3.4K Feb 24 15:41]  migrate
в”‚В В      в”‚В В  в”‚В В  в”‚В В  в”‚В В  в”њв”Ђв”Ђ [drwx------ u0_a287  u0_a287  3.4K Feb 24 15:41]  phases
в”‚В В      в”‚В В  в”‚В В  в”‚В В  в”‚В В  в”‚В В  в”њв”Ђв”Ђ [drwx------ u0_a287  u0_a287  3.4K Feb 24 15:41]  1-parse
в”‚В В      в”‚В В  в”‚В В  в”‚В В  в”‚В В  в”‚В В  в”‚В В  в”њв”Ђв”Ђ [drwx------ u0_a287  u0_a287  3.4K Feb 24 15:41]  read
в”‚В В      в”‚В В  в”‚В В  в”‚В В  в”‚В В  в”‚В В  в”‚В В  в”њв”Ђв”Ђ [drwx------ u0_a287  u0_a287  3.4K Feb 24 15:41]  state
в”‚В В      в”‚В В  в”‚В В  в”‚В В  в”‚В В  в”‚В В  в”‚В В  в””в”Ђв”Ђ [drwx------ u0_a287  u0_a287  3.4K Feb 24 15:41]  utils
в”‚В В      в”‚В В  в”‚В В  в”‚В В  в”‚В В  в”‚В В  в”њв”Ђв”Ђ [drwx------ u0_a287  u0_a287  3.4K Feb 24 15:41]  2-analyze
в”‚В В      в”‚В В  в”‚В В  в”‚В В  в”‚В В  в”‚В В  в”‚В В  в”њв”Ђв”Ђ [drwx------ u0_a287  u0_a287  3.4K Feb 24 15:41]  css
в”‚В В      в”‚В В  в”‚В В  в”‚В В  в”‚В В  в”‚В В  в”‚В В  в”њв”Ђв”Ђ [drwx------ u0_a287  u0_a287  3.4K Feb 24 15:41]  utils
в”‚В В      в”‚В В  в”‚В В  в”‚В В  в”‚В В  в”‚В В  в”‚В В  в””в”Ђв”Ђ [drwx------ u0_a287  u0_a287  4.0K Feb 24 15:41]  visitors
в”‚В В      в”‚В В  в”‚В В  в”‚В В  в”‚В В  в”‚В В  в”‚В В      в””в”Ђв”Ђ [drwx------ u0_a287  u0_a287  3.4K Feb 24 15:41]  shared
в”‚В В      в”‚В В  в”‚В В  в”‚В В  в”‚В В  в”‚В В  в”‚В В          в””в”Ђв”Ђ [drwx------ u0_a287  u0_a287  3.4K Feb 24 15:41]  a11y
в”‚В В      в”‚В В  в”‚В В  в”‚В В  в”‚В В  в”‚В В  в””в”Ђв”Ђ [drwx------ u0_a287  u0_a287  3.4K Feb 24 15:41]  3-transform
в”‚В В      в”‚В В  в”‚В В  в”‚В В  в”‚В В  в”‚В В      в”њв”Ђв”Ђ [drwx------ u0_a287  u0_a287  3.4K Feb 24 15:41]  client
в”‚В В      в”‚В В  в”‚В В  в”‚В В  в”‚В В  в”‚В В      в”‚В В  в”њв”Ђв”Ђ [drwx------ u0_a287  u0_a287  3.4K Feb 24 15:41]  transform-template
в”‚В В      в”‚В В  в”‚В В  в”‚В В  в”‚В В  в”‚В В      в”‚В В  в””в”Ђв”Ђ [drwx------ u0_a287  u0_a287  3.4K Feb 24 15:41]  visitors
в”‚В В      в”‚В В  в”‚В В  в”‚В В  в”‚В В  в”‚В В      в”‚В В      в””в”Ђв”Ђ [drwx------ u0_a287  u0_a287  3.4K Feb 24 15:41]  shared
в”‚В В      в”‚В В  в”‚В В  в”‚В В  в”‚В В  в”‚В В      в”њв”Ђв”Ђ [drwx------ u0_a287  u0_a287  3.4K Feb 24 15:41]  css
в”‚В В      в”‚В В  в”‚В В  в”‚В В  в”‚В В  в”‚В В      в”њв”Ђв”Ђ [drwx------ u0_a287  u0_a287  3.4K Feb 24 15:41]  server
в”‚В В      в”‚В В  в”‚В В  в”‚В В  в”‚В В  в”‚В В      в”‚В В  в””в”Ђв”Ђ [drwx------ u0_a287  u0_a287  3.4K Feb 24 15:41]  visitors
в”‚В В      в”‚В В  в”‚В В  в”‚В В  в”‚В В  в”‚В В      в”‚В В      в””в”Ђв”Ђ [drwx------ u0_a287  u0_a287  3.4K Feb 24 15:41]  shared
в”‚В В      в”‚В В  в”‚В В  в”‚В В  в”‚В В  в”‚В В      в””в”Ђв”Ђ [drwx------ u0_a287  u0_a287  3.4K Feb 24 15:41]  shared
в”‚В В      в”‚В В  в”‚В В  в”‚В В  в”‚В В  в”њв”Ђв”Ђ [drwx------ u0_a287  u0_a287  3.4K Feb 24 15:41]  preprocess
в”‚В В      в”‚В В  в”‚В В  в”‚В В  в”‚В В  в”њв”Ђв”Ђ [drwx------ u0_a287  u0_a287  3.4K Feb 24 15:41]  print
в”‚В В      в”‚В В  в”‚В В  в”‚В В  в”‚В В  в””в”Ђв”Ђ [drwx------ u0_a287  u0_a287  3.4K Feb 24 15:41]  utils
в”‚В В      в”‚В В  в”‚В В  в”‚В В  в”њв”Ђв”Ђ [drwx------ u0_a287  u0_a287  3.4K Feb 24 15:41]  easing
в”‚В В      в”‚В В  в”‚В В  в”‚В В  в”њв”Ђв”Ђ [drwx------ u0_a287  u0_a287  3.4K Feb 24 15:41]  events
в”‚В В      в”‚В В  в”‚В В  в”‚В В  в”њв”Ђв”Ђ [drwx------ u0_a287  u0_a287  3.4K Feb 24 15:41]  internal
в”‚В В      в”‚В В  в”‚В В  в”‚В В  в”‚В В  в”њв”Ђв”Ђ [drwx------ u0_a287  u0_a287  3.4K Feb 24 15:41]  client
в”‚В В      в”‚В В  в”‚В В  в”‚В В  в”‚В В  в”‚В В  в”њв”Ђв”Ђ [drwx------ u0_a287  u0_a287  3.4K Feb 24 15:41]  dev
в”‚В В      в”‚В В  в”‚В В  в”‚В В  в”‚В В  в”‚В В  в”њв”Ђв”Ђ [drwx------ u0_a287  u0_a287  3.4K Feb 24 15:41]  dom
в”‚В В      в”‚В В  в”‚В В  в”‚В В  в”‚В В  в”‚В В  в”‚В В  в”њв”Ђв”Ђ [drwx------ u0_a287  u0_a287  3.4K Feb 24 15:41]  blocks
в”‚В В      в”‚В В  в”‚В В  в”‚В В  в”‚В В  в”‚В В  в”‚В В  в”њв”Ђв”Ђ [drwx------ u0_a287  u0_a287  3.4K Feb 24 15:41]  elements
в”‚В В      в”‚В В  в”‚В В  в”‚В В  в”‚В В  в”‚В В  в”‚В В  в”‚В В  в””в”Ђв”Ђ [drwx------ u0_a287  u0_a287  3.4K Feb 24 15:41]  bindings
в”‚В В      в”‚В В  в”‚В В  в”‚В В  в”‚В В  в”‚В В  в”‚В В  в””в”Ђв”Ђ [drwx------ u0_a287  u0_a287  3.4K Feb 24 15:41]  legacy
в”‚В В      в”‚В В  в”‚В В  в”‚В В  в”‚В В  в”‚В В  в””в”Ђв”Ђ [drwx------ u0_a287  u0_a287  3.4K Feb 24 15:41]  reactivity
в”‚В В      в”‚В В  в”‚В В  в”‚В В  в”‚В В  в”њв”Ђв”Ђ [drwx------ u0_a287  u0_a287  3.4K Feb 24 15:41]  flags
в”‚В В      в”‚В В  в”‚В В  в”‚В В  в”‚В В  в”њв”Ђв”Ђ [drwx------ u0_a287  u0_a287  3.4K Feb 24 15:41]  server
в”‚В В      в”‚В В  в”‚В В  в”‚В В  в”‚В В  в”‚В В  в””в”Ђв”Ђ [drwx------ u0_a287  u0_a287  3.4K Feb 24 15:41]  blocks
в”‚В В      в”‚В В  в”‚В В  в”‚В В  в”‚В В  в””в”Ђв”Ђ [drwx------ u0_a287  u0_a287  3.4K Feb 24 15:41]  shared
в”‚В В      в”‚В В  в”‚В В  в”‚В В  в”њв”Ђв”Ђ [drwx------ u0_a287  u0_a287  3.4K Feb 24 15:41]  legacy
в”‚В В      в”‚В В  в”‚В В  в”‚В В  в”њв”Ђв”Ђ [drwx------ u0_a287  u0_a287  3.4K Feb 24 15:41]  motion
в”‚В В      в”‚В В  в”‚В В  в”‚В В  в”њв”Ђв”Ђ [drwx------ u0_a287  u0_a287  3.4K Feb 24 15:41]  reactivity
в”‚В В      в”‚В В  в”‚В В  в”‚В В  в”‚В В  в””в”Ђв”Ђ [drwx------ u0_a287  u0_a287  3.4K Feb 24 15:41]  window
в”‚В В      в”‚В В  в”‚В В  в”‚В В  в”њв”Ђв”Ђ [drwx------ u0_a287  u0_a287  3.4K Feb 24 15:41]  server
в”‚В В      в”‚В В  в”‚В В  в”‚В В  в”њв”Ђв”Ђ [drwx------ u0_a287  u0_a287  3.4K Feb 24 15:41]  store
в”‚В В      в”‚В В  в”‚В В  в”‚В В  в”‚В В  в””в”Ђв”Ђ [drwx------ u0_a287  u0_a287  3.4K Feb 24 15:41]  shared
в”‚В В      в”‚В В  в”‚В В  в”‚В В  в””в”Ђв”Ђ [drwx------ u0_a287  u0_a287  3.4K Feb 24 15:41]  transition
в”‚В В      в”‚В В  в”‚В В  в””в”Ђв”Ђ [drwx------ u0_a287  u0_a287  3.4K Feb 24 15:41]  types
в”‚В В      в”‚В В  в”‚В В      в””в”Ђв”Ђ [drwx------ u0_a287  u0_a287  3.4K Feb 24 15:41]  compiler
в”‚В В      в”‚В В  в”њв”Ђв”Ђ [drwx------ u0_a287  u0_a287  3.4K Feb 24 15:41]  svelte-spa-router
в”‚В В      в”‚В В  в”њв”Ђв”Ђ [drwx------ u0_a287  u0_a287  3.4K Feb 24 15:41]  tinyglobby
в”‚В В      в”‚В В  в”‚В В  в””в”Ђв”Ђ [drwx------ u0_a287  u0_a287  3.4K Feb 24 15:41]  dist
в”‚В В      в”‚В В  в”њв”Ђв”Ђ [drwx------ u0_a287  u0_a287  3.4K Feb 24 15:41]  vite
в”‚В В      в”‚В В  в”‚В В  в”њв”Ђв”Ђ [drwx------ u0_a287  u0_a287  3.4K Feb 24 15:41]  bin
в”‚В В      в”‚В В  в”‚В В  в”њв”Ђв”Ђ [drwx------ u0_a287  u0_a287  3.4K Feb 23 21:00]  dist
в”‚В В      в”‚В В  в”‚В В  в”‚В В  в”њв”Ђв”Ђ [drwx------ u0_a287  u0_a287  3.4K Feb 24 15:41]  client
в”‚В В      в”‚В В  в”‚В В  в”‚В В  в””в”Ђв”Ђ [drwx------ u0_a287  u0_a287  3.4K Feb 24 15:41]  node
в”‚В В      в”‚В В  в”‚В В  в”‚В В      в””в”Ђв”Ђ [drwx------ u0_a287  u0_a287  3.4K Feb 24 15:41]  chunks
в”‚В В      в”‚В В  в”‚В В  в”њв”Ђв”Ђ [drwx------ u0_a287  u0_a287  3.4K Feb 24 15:41]  misc
в”‚В В      в”‚В В  в”‚В В  в””в”Ђв”Ђ [drwx------ u0_a287  u0_a287  3.4K Feb 24 15:41]  types
в”‚В В      в”‚В В  в”‚В В      в””в”Ђв”Ђ [drwx------ u0_a287  u0_a287  3.4K Feb 24 15:41]  internal
в”‚В В      в”‚В В  в”њв”Ђв”Ђ [drwx------ u0_a287  u0_a287  3.4K Feb 24 15:41]  vitefu
в”‚В В      в”‚В В  в”‚В В  в””в”Ђв”Ђ [drwx------ u0_a287  u0_a287  3.4K Feb 24 15:41]  src
в”‚В В      в”‚В В  в””в”Ђв”Ђ [drwx------ u0_a287  u0_a287  3.4K Feb 24 15:41]  zimmerframe
в”‚В В      в”‚В В      в”њв”Ђв”Ђ [drwx------ u0_a287  u0_a287  3.4K Feb 24 15:41]  src
в”‚В В      в”‚В В      в””в”Ђв”Ђ [drwx------ u0_a287  u0_a287  3.4K Feb 24 15:41]  types
в”‚В В      в”њв”Ђв”Ђ [drwx------ u0_a287  u0_a287  3.4K Feb 24 15:41]  public
в”‚В В      в””в”Ђв”Ђ [drwx------ u0_a287  u0_a287  3.4K Feb 24 15:41]  src
в”‚В В          в”њв”Ђв”Ђ [drwx------ u0_a287  u0_a287  3.4K Feb 24 15:41]  components
в”‚В В          в”њв”Ђв”Ђ [drwx------ u0_a287  u0_a287  3.4K Feb 24 15:41]  lib
в”‚В В          в”њв”Ђв”Ђ [drwx------ u0_a287  u0_a287  3.4K Feb 24 15:41]  stores
в”‚В В          в””в”Ђв”Ђ [drwx------ u0_a287  u0_a287  3.4K Feb 24 15:41]  styles
в”њв”Ђв”Ђ [drwx------ u0_a287  u0_a287  3.4K Feb 27 07:31]  05-LOGS
в”‚В В  в”њв”Ђв”Ђ [drwx------ u0_a287  u0_a287  3.4K Feb 27 07:31]  SYSTEM
в”‚В В  в”‚В В  в””в”Ђв”Ђ [-rw------- u0_a287  u0_a287   28K Feb 27 07:31]  tree_20260227_0731.log
в”‚В В  в””в”Ђв”Ђ [drwx------ u0_a287  u0_a287  3.4K Feb 26 23:46]  TUNNEL
в”‚В В      в”њв”Ђв”Ђ [-rw------- u0_a287  u0_a287  473K Feb 27 07:31]  tunnel_202602.log
в”‚В В      в””в”Ђв”Ђ [-rw------- u0_a287  u0_a287   33K Feb 27 00:14]  tunnel_20260226.log
в”њв”Ђв”Ђ [drwx------ u0_a287  u0_a287  3.4K Feb 24 15:41]  05-REGISTROS
в”‚В В  в”њв”Ђв”Ђ [drwx------ u0_a287  u0_a287  3.4K Feb 24 15:41]  ARCHIVO
в”‚В В  в”‚В В  в”њв”Ђв”Ђ [drwx------ u0_a287  u0_a287  3.4K Feb 24 15:41]  AUDIT
в”‚В В  в”‚В В  в”њв”Ђв”Ђ [drwx------ u0_a287  u0_a287  3.4K Feb 24 15:41]  audit
в”‚В В  в”‚В В  в”њв”Ђв”Ђ [drwx------ u0_a287  u0_a287  3.4K Feb 24 15:41]  economy
в”‚В В  в”‚В В  в”њв”Ђв”Ђ [drwx------ u0_a287  u0_a287  3.4K Feb 24 15:41]  incidents
в”‚В В  в”‚В В  в””в”Ђв”Ђ [drwx------ u0_a287  u0_a287  3.4K Feb 24 15:41]  milestones
в”‚В В  в”њв”Ђв”Ђ [drwx------ u0_a287  u0_a287  3.4K Feb 22 22:02]  AUDIT
в”‚В В  в”њв”Ђв”Ђ [drwx------ u0_a287  u0_a287  3.4K Feb 24 15:41]  ECONOMY
в”‚В В  в”‚В В  в””в”Ђв”Ђ [drwx------ u0_a287  u0_a287  3.4K Feb 24 15:41]  snapshots
в”‚В В  в”њв”Ђв”Ђ [drwx------ u0_a287  u0_a287  3.4K Feb 22 22:02]  INCIDENTS
в”‚В В  в”њв”Ђв”Ђ [drwx------ u0_a287  u0_a287  3.4K Feb 24 15:41]  OANDA
в”‚В В  в”њв”Ђв”Ђ [drwx------ u0_a287  u0_a287  3.4K Feb 24 15:41]  SYSTEM
в”‚В В  в””в”Ђв”Ђ [drwx------ u0_a287  u0_a287  3.4K Feb 24 15:41]  WEBAPP
в”њв”Ђв”Ђ [drwx------ u0_a287  u0_a287  3.4K Feb 23 06:00]  06-DOCUMENTACION
в”‚В В  в”њв”Ђв”Ђ [drwx------ u0_a287  u0_a287  3.4K Feb 24 15:41]  ARCHIVO
в”‚В В  в”њв”Ђв”Ђ [drwx------ u0_a287  u0_a287  3.4K Feb 24 15:41]  ARQUITECTURA
в”‚В В  в”њв”Ђв”Ђ [drwx------ u0_a287  u0_a287  3.4K Feb 24 15:41]  DECISIONES
в”‚В В  в”њв”Ђв”Ђ [drwx------ u0_a287  u0_a287  3.4K Feb 24 15:41]  EXPORTS
в”‚В В  в”њв”Ђв”Ђ [drwx------ u0_a287  u0_a287  3.4K Feb 24 15:41]  MANUALES
в”‚В В  в””в”Ђв”Ђ [drwx------ u0_a287  u0_a287  3.4K Feb 24 15:41]  REPORTES
в”њв”Ђв”Ђ [drwx------ u0_a287  u0_a287  3.4K Feb 24 15:40]  API
в”њв”Ђв”Ђ [drwx------ u0_a287  u0_a287  3.4K Feb 24 15:40]  AUDIT
в”‚В В  в”њв”Ђв”Ђ [drwx------ u0_a287  u0_a287  3.4K Feb 24 15:40]  MIGRACIONES_20260223_055958
в”‚В В  в”њв”Ђв”Ђ [drwx------ u0_a287  u0_a287  3.4K Feb 24 15:40]  VAULT_BACKUP_20260223_001542
в”‚В В  в””в”Ђв”Ђ [drwx------ u0_a287  u0_a287  3.4K Feb 24 15:40]  VAULT_BACKUP_20260223_001634
в”њв”Ђв”Ђ [drwx------ u0_a287  u0_a287  3.4K Feb 24 15:40]  CORE
в”њв”Ђв”Ђ [drwx------ u0_a287  u0_a287  3.4K Feb 24 15:40]  DAEMON
в”њв”Ђв”Ђ [drwx------ u0_a287  u0_a287  3.4K Feb 24 15:40]  ECONOMY
в”њв”Ђв”Ђ [drwx------ u0_a287  u0_a287  3.4K Feb 24 15:40]  LOGS
в”њв”Ђв”Ђ [drwx------ u0_a287  u0_a287  3.4K Feb 24 15:40]  MODULES
в”‚В В  в”њв”Ђв”Ђ [drwx------ u0_a287  u0_a287  3.4K Feb 24 15:40]  AUDIT
в”‚В В  в”њв”Ђв”Ђ [drwx------ u0_a287  u0_a287  3.4K Feb 24 15:40]  ECONOMY
в”‚В В  в”њв”Ђв”Ђ [drwx------ u0_a287  u0_a287  3.4K Feb 24 15:40]  MIM
в”‚В В  в””в”Ђв”Ђ [drwx------ u0_a287  u0_a287  3.4K Feb 21 15:47]  TELEGRAM
в”њв”Ђв”Ђ [drwx------ u0_a287  u0_a287  3.4K Feb 24 23:37]  STATE
в”‚В В  в”њв”Ђв”Ђ [-rw------- u0_a287  u0_a287   17K Feb 24 23:37]  logs.txt
в”‚В В  в””в”Ђв”Ђ [-rw------- u0_a287  u0_a287     0 Feb 24 23:37]  state.json
в”њв”Ђв”Ђ [drwx------ u0_a287  u0_a287  3.4K Feb 24 15:40]  TELEGRAM
в”њв”Ђв”Ђ [drwx------ u0_a287  u0_a287  3.4K Feb 24 15:40]  VAULT
в”њв”Ђв”Ђ [drwx------ u0_a287  u0_a287  3.4K Feb 24 15:40]  WEBAPP
в”‚В В  в”њв”Ђв”Ђ [drwx------ u0_a287  u0_a287  3.4K Feb 21 15:47]  static
в”‚В В  в””в”Ђв”Ђ [drwx------ u0_a287  u0_a287  3.4K Feb 24 15:40]  templates
в””в”Ђв”Ђ [drwx------ u0_a287  u0_a287  3.4K Feb 24 15:45]  backups
    в””в”Ђв”Ђ [-rw------- u0_a287  u0_a287  1.8K Feb 24 15:45]  snx_backup_20260224_1545.tar.gz

330 directories, 22 files
[2026-02-27 07:31:27] 
[2026-02-27 07:31:27] Archivos vacГ­os o sospechosos:
/data/data/com.termux/files/home/soda/STATE/state.json
/data/data/com.termux/files/home/soda/03-CONFIG/tunnel/config.yml
[2026-02-27 07:31:27] 
[2026-02-27 07:31:27] Scripts sin permisos de ejecuciГіn:
/data/data/com.termux/files/home/soda/02-SCRIPTS/TUNNEL/snx_tunnel_init.sh
/data/data/com.termux/files/home/soda/02-SCRIPTS/TUNNEL/snx_tunnel_login.sh
/data/data/com.termux/files/home/soda/02-SCRIPTS/TUNNEL/snx_tunnel_manager.sh
/data/data/com.termux/files/home/soda/02-SCRIPTS/GLOBAL/snx_tree.sh
/data/data/com.termux/files/home/soda/02-SISTEMA/CORE/snx_doc_backup.sh
/data/data/com.termux/files/home/soda/02-SISTEMA/DAEMON/snx_daemon.sh
/data/data/com.termux/files/home/soda/02-SISTEMA/BACKEND/snx_backend.sh
[2026-02-27 07:31:27] 
[2026-02-27 07:31:27] Servicios runit activos:
[2026-02-27 07:31:27] 
[2026-02-27 07:31:27] TamaГ±o total del sistema:
1.8M	/data/data/com.termux/files/home/soda
[2026-02-27 07:31:27] 
[2026-02-27 07:31:27] === FIN DE AUDITORГЌA ===
[2026-02-27 07:31:27] Reporte guardado en: /data/data/com.termux/files/home/soda/05-LOGS/SYSTEM/tree_20260227_0731.log
[2026-02-27 07:31:55] === INICIO DE AUDITORГЌA DEL SISTEMA SODAвЂ‘NEXUS ===
[2026-02-27 07:31:55] Carpetas principales:
[2026-02-27 07:31:55] вњ” 00-VAULT existe
[2026-02-27 07:31:55] вќЊ 01-DATA NO existe
[2026-02-27 07:31:55] вњ” 02-SISTEMA existe
[2026-02-27 07:31:56] вњ” 02-SCRIPTS existe
[2026-02-27 07:31:56] вќЊ 03-MODULOS NO existe
[2026-02-27 07:31:56] вќЊ 04-WEBAPP NO existe
[2026-02-27 07:31:56] вњ” 05-LOGS existe
[2026-02-27 07:31:56] 
[2026-02-27 07:31:56] ГЃrbol completo con permisos:
[drwx------ u0_a287  u0_a287  3.4K Feb 26 18:22]  /data/data/com.termux/files/home/soda
в”њв”Ђв”Ђ [drwx------ u0_a287  u0_a287  3.4K Feb 26 18:16]  00-DOCS
в”‚В В  в””в”Ђв”Ђ [-rw------- u0_a287  u0_a287  5.6K Feb 26 18:16]  SNX-TUNNEL-2026.md
в”њв”Ђв”Ђ [drwx------ u0_a287  u0_a287  3.4K Feb 24 15:40]  00-GOBIERNO
в”‚В В  в”њв”Ђв”Ђ [drwx------ u0_a287  u0_a287  3.4K Feb 24 15:40]  ESTADO
в”‚В В  в”њв”Ђв”Ђ [drwx------ u0_a287  u0_a287  3.4K Feb 24 15:40]  HERRAMIENTAS
в”‚В В  в”њв”Ђв”Ђ [drwx------ u0_a287  u0_a287  3.4K Feb 22 22:02]  KEYS
в”‚В В  в””в”Ђв”Ђ [drwx------ u0_a287  u0_a287  3.4K Feb 22 22:02]  VAULT
в”њв”Ђв”Ђ [drwx------ u0_a287  u0_a287  3.4K Feb 27 07:31]  00-VAULT
в”‚В В  в”њв”Ђв”Ђ [-rw------- u0_a287  u0_a287   128 Feb 27 07:31]  state.json
в”‚В В  в””в”Ђв”Ђ [-rw------- u0_a287  u0_a287    60 Feb 27 07:31]  tunnel.env
в”њв”Ђв”Ђ [drwx------ u0_a287  u0_a287  3.4K Feb 24 15:41]  01-ARCHIVO-HISTORICO
в”‚В В  в”њв”Ђв”Ђ [drwx------ u0_a287  u0_a287  3.4K Feb 24 15:40]  00-VAULT
в”‚В В  в”‚В В  в””в”Ђв”Ђ [drwx------ u0_a287  u0_a287  3.4K Feb 20 14:35]  TEMPLATES
в”‚В В  в”њв”Ђв”Ђ [drwx------ u0_a287  u0_a287  3.4K Feb 24 15:40]  01-STATE
в”‚В В  в”‚В В  в”њв”Ђв”Ђ [drwx------ u0_a287  u0_a287  3.4K Feb 20 14:46]  ENGINE
в”‚В В  в”‚В В  в”њв”Ђв”Ђ [drwx------ u0_a287  u0_a287  3.4K Feb 20 14:36]  GUARDIAN
в”‚В В  в”‚В В  в”њв”Ђв”Ђ [drwx------ u0_a287  u0_a287  3.4K Feb 24 15:40]  IMMUNITY
в”‚В В  в”‚В В  в””в”Ђв”Ђ [drwx------ u0_a287  u0_a287  3.4K Feb 24 15:40]  MIM
в”‚В В  в”‚В В      в””в”Ђв”Ђ [drwx------ u0_a287  u0_a287  3.4K Feb 24 15:40]  DATA
в”‚В В  в”њв”Ђв”Ђ [drwx------ u0_a287  u0_a287  3.4K Feb 24 15:41]  02-SCRIPTS
в”‚В В  в”‚В В  в”њв”Ђв”Ђ [drwx------ u0_a287  u0_a287  3.4K Feb 24 15:41]  AUDIT
в”‚В В  в”‚В В  в”‚В В  в””в”Ђв”Ђ [lrwxrwxrwx u0_a287  u0_a287    82 Feb 22 22:18]  AUDIT -> /data/data/com.termux/files/home/soda/01-ARCHIVO-HISTORICO/02-SCRIPTS/AUDIT
в”‚В В  в”‚В В  в”њв”Ђв”Ђ [drwx------ u0_a287  u0_a287  3.4K Feb 24 15:41]  ENGINE
в”‚В В  в”‚В В  в”‚В В  в””в”Ђв”Ђ [lrwxrwxrwx u0_a287  u0_a287    82 Feb 22 22:18]  ENGINE -> /data/data/com.termux/files/home/soda/01-ARCHIVO-HISTORICO/02-SCRIPTS/ENGINE
в”‚В В  в”‚В В  в”њв”Ђв”Ђ [drwx------ u0_a287  u0_a287  3.4K Feb 24 15:40]  GLOBAL
в”‚В В  в”‚В В  в”‚В В  в””в”Ђв”Ђ [lrwxrwxrwx u0_a287  u0_a287    82 Feb 22 22:18]  GLOBAL -> /data/data/com.termux/files/home/soda/01-ARCHIVO-HISTORICO/02-SCRIPTS/GLOBAL
в”‚В В  в”‚В В  в”њв”Ђв”Ђ [drwx------ u0_a287  u0_a287  3.4K Feb 24 15:41]  GUARDIAN
в”‚В В  в”‚В В  в”њв”Ђв”Ђ [drwx------ u0_a287  u0_a287  3.4K Feb 24 15:41]  IMMUNITY
в”‚В В  в”‚В В  в”њв”Ђв”Ђ [drwx------ u0_a287  u0_a287  3.4K Feb 24 15:41]  MIM
в”‚В В  в”‚В В  в””в”Ђв”Ђ [drwx------ u0_a287  u0_a287  3.4K Feb 16 15:47]  MODULES
в”‚В В  в”‚В В      в”њв”Ђв”Ђ [drwx------ u0_a287  u0_a287  3.4K Feb 24 15:41]  ECONOMY
в”‚В В  в”‚В В      в”‚В В  в”њв”Ђв”Ђ [lrwxrwxrwx u0_a287  u0_a287    98 Feb 22 22:18]  ECONOMY -> /data/data/com.termux/files/home/soda/01-ARCHIVO-HISTORICO/02-SCRIPTS/MODULES/ECONOMY
в”‚В В  в”‚В В      в”‚В В  в””в”Ђв”Ђ [drwx------ u0_a287  u0_a287  3.4K Feb 24 15:41]  SODA
в”‚В В  в”‚В В      в””в”Ђв”Ђ [drwx------ u0_a287  u0_a287  3.4K Feb 16 12:32]  GENERATOR
в”‚В В  в”‚В В          в””в”Ђв”Ђ [drwx------ u0_a287  u0_a287  3.4K Feb 24 15:41]  MIM
в”‚В В  в”‚В В              в”њв”Ђв”Ђ [drwx------ u0_a287  u0_a287  3.4K Feb 24 15:40]  core
в”‚В В  в”‚В В              в”њв”Ђв”Ђ [drwx------ u0_a287  u0_a287  3.4K Feb 24 15:41]  data
в”‚В В  в”‚В В              в”њв”Ђв”Ђ [drwx------ u0_a287  u0_a287  3.4K Feb 24 15:41]  logs
в”‚В В  в”‚В В              в””в”Ђв”Ђ [drwx------ u0_a287  u0_a287  3.4K Feb 16 12:35]  tmp
в”‚В В  в”њв”Ђв”Ђ [drwx------ u0_a287  u0_a287  3.4K Feb 24 15:41]  03-LOG
в”‚В В  в”‚В В  в”њв”Ђв”Ђ [drwx------ u0_a287  u0_a287  3.4K Feb 24 15:41]  AUDIT
в”‚В В  в”‚В В  в”њв”Ђв”Ђ [drwx------ u0_a287  u0_a287  3.4K Feb 24 15:41]  audit
в”‚В В  в”‚В В  в”њв”Ђв”Ђ [drwx------ u0_a287  u0_a287  3.4K Feb 15 22:19]  corruption
в”‚В В  в”‚В В  в”њв”Ђв”Ђ [drwx------ u0_a287  u0_a287  3.4K Feb 15 22:19]  decisions
в”‚В В  в”‚В В  в”њв”Ђв”Ђ [drwx------ u0_a287  u0_a287  3.4K Feb 24 15:41]  economy
в”‚В В  в”‚В В  в”њв”Ђв”Ђ [drwx------ u0_a287  u0_a287  3.4K Feb 24 15:41]  incidents
в”‚В В  в”‚В В  в””в”Ђв”Ђ [drwx------ u0_a287  u0_a287  3.4K Feb 24 15:41]  milestones
в”‚В В  в”њв”Ђв”Ђ [drwx------ u0_a287  u0_a287  3.4K Feb 24 15:41]  04-DOCS
в”‚В В  в”‚В В  в””в”Ђв”Ђ [drwx------ u0_a287  u0_a287  3.4K Feb 15 22:19]  versiones
в”‚В В  в””в”Ђв”Ђ [drwx------ u0_a287  u0_a287  3.4K Feb 24 15:41]  BACKUPS
в”њв”Ђв”Ђ [drwx------ u0_a287  u0_a287  3.4K Feb 24 15:41]  01-MEMORIA
в”‚В В  в”њв”Ђв”Ђ [drwx------ u0_a287  u0_a287  3.4K Feb 24 15:28]  DECISIONES
в”‚В В  в”‚В В  в””в”Ђв”Ђ [drwx------ u0_a287  u0_a287  3.4K Feb 24 15:28]  2026
в”‚В В  в”‚В В      в””в”Ђв”Ђ [drwx------ u0_a287  u0_a287  3.4K Feb 24 15:41]  02
в”‚В В  в”њв”Ђв”Ђ [drwx------ u0_a287  u0_a287  3.4K Feb 24 15:41]  EVENTOS
в”‚В В  в”њв”Ђв”Ђ [drwx------ u0_a287  u0_a287  3.4K Feb 24 15:41]  LECCIONES
в”‚В В  в””в”Ђв”Ђ [drwx------ u0_a287  u0_a287  3.4K Feb 24 15:27]  REFERENCIAS
в”њв”Ђв”Ђ [drwx------ u0_a287  u0_a287  3.4K Feb 23 20:50]  01-MINISTERIOS
в”њв”Ђв”Ђ [drwx------ u0_a287  u0_a287  3.4K Feb 27 07:31]  02-SCRIPTS
в”‚В В  в”њв”Ђв”Ђ [drwx------ u0_a287  u0_a287  3.4K Feb 27 07:31]  GLOBAL
в”‚В В  в”‚В В  в”њв”Ђв”Ђ [-rwx------ u0_a287  u0_a287  1.1K Feb 27 07:31]  snx_reader.sh
в”‚В В  в”‚В В  в””в”Ђв”Ђ [-rwx------ u0_a287  u0_a287  1008 Feb 27 07:31]  snx_tree.sh
в”‚В В  в””в”Ђв”Ђ [drwx------ u0_a287  u0_a287  3.4K Feb 26 21:15]  TUNNEL
в”‚В В      в”њв”Ђв”Ђ [-rwx------ u0_a287  u0_a287  5.0K Feb 26 14:22]  snx_tunnel_init.sh
в”‚В В      в”њв”Ђв”Ђ [-rwx------ u0_a287  u0_a287  1.4K Feb 26 14:25]  snx_tunnel_login.sh
в”‚В В      в””в”Ђв”Ђ [-rwx------ u0_a287  u0_a287   960 Feb 26 21:15]  snx_tunnel_manager.sh
в”њв”Ђв”Ђ [drwx------ u0_a287  u0_a287  3.4K Feb 24 15:57]  02-SISTEMA
в”‚В В  в”њв”Ђв”Ђ [drwx------ u0_a287  u0_a287  3.4K Feb 26 19:10]  API
в”‚В В  в”‚В В  в”њв”Ђв”Ђ [-rw------- u0_a287  u0_a287   233 Feb 26 19:10]  api.py
в”‚В В  в”‚В В  в””в”Ђв”Ђ [-rw------- u0_a287  u0_a287    34 Feb 25 09:33]  snx_bridge.py
в”‚В В  в”њв”Ђв”Ђ [drwx------ u0_a287  u0_a287  3.4K Feb 24 15:57]  BACKEND
в”‚В В  в”‚В В  в””в”Ђв”Ђ [-rwx------ u0_a287  u0_a287   673 Feb 24 23:44]  snx_backend.sh
в”‚В В  в”њв”Ђв”Ђ [drwx------ u0_a287  u0_a287  3.4K Feb 24 15:44]  CORE
в”‚В В  в”‚В В  в””в”Ђв”Ђ [-rwx------ u0_a287  u0_a287  2.0K Feb 24 15:44]  snx_doc_backup.sh
в”‚В В  в”њв”Ђв”Ђ [drwx------ u0_a287  u0_a287  3.4K Feb 26 23:45]  DAEMON
в”‚В В  в”‚В В  в”њв”Ђв”Ђ [-rwx------ u0_a287  u0_a287   377 Feb 24 23:22]  snx_daemon.sh
в”‚В В  в”‚В В  в””в”Ђв”Ђ [-rwxr-xr-x u0_a287  u0_a287  3.3K Feb 27 00:04]  snx_tunnel_persistent.sh
в”‚В В  в”њв”Ђв”Ђ [drwx------ u0_a287  u0_a287  3.4K Feb 24 15:41]  ENGINE
в”‚В В  в”њв”Ђв”Ђ [drwx------ u0_a287  u0_a287  3.4K Feb 24 15:41]  ESTADO
в”‚В В  в”њв”Ђв”Ђ [drwx------ u0_a287  u0_a287  3.4K Feb 24 15:41]  GLOBAL
в”‚В В  в”њв”Ђв”Ђ [drwx------ u0_a287  u0_a287  3.4K Feb 24 15:41]  GUARDIAN
в”‚В В  в”њв”Ђв”Ђ [drwx------ u0_a287  u0_a287  3.4K Feb 24 15:41]  IMMUNITY
в”‚В В  в”њв”Ђв”Ђ [drwx------ u0_a287  u0_a287  3.4K Feb 22 22:02]  LIB
в”‚В В  в”‚В В  в”њв”Ђв”Ђ [drwx------ u0_a287  u0_a287  3.4K Feb 22 22:02]  bash
в”‚В В  в”‚В В  в””в”Ђв”Ђ [drwx------ u0_a287  u0_a287  3.4K Feb 22 22:02]  python
в”‚В В  в”њв”Ђв”Ђ [drwx------ u0_a287  u0_a287  3.4K Feb 24 15:41]  MIM
в”‚В В  в””в”Ђв”Ђ [drwx------ u0_a287  u0_a287  3.4K Feb 24 15:41]  REGISTRO
в”њв”Ђв”Ђ [drwx------ u0_a287  u0_a287  3.4K Feb 26 14:22]  03-CONFIG
в”‚В В  в””в”Ђв”Ђ [drwx------ u0_a287  u0_a287  3.4K Feb 26 14:22]  tunnel
в”‚В В      в””в”Ђв”Ђ [-rw------- u0_a287  u0_a287     0 Feb 26 14:22]  config.yml
в”њв”Ђв”Ђ [drwx------ u0_a287  u0_a287  3.4K Feb 23 05:59]  03-OPERACIONES
в”‚В В  в”њв”Ђв”Ђ [drwx------ u0_a287  u0_a287  3.4K Feb 22 22:02]  BRIDGES
в”‚В В  в”њв”Ђв”Ђ [drwx------ u0_a287  u0_a287  3.4K Feb 24 15:41]  ECONOMY
в”‚В В  в”њв”Ђв”Ђ [drwx------ u0_a287  u0_a287  3.4K Feb 22 22:02]  LEGACY
в”‚В В  в”‚В В  в”њв”Ђв”Ђ [lrwxrwxrwx u0_a287  u0_a287    82 Feb 22 22:02]  AUDIT -> /data/data/com.termux/files/home/soda/01-ARCHIVO-HISTORICO/02-SCRIPTS/AUDIT
в”‚В В  в”‚В В  в”њв”Ђв”Ђ [lrwxrwxrwx u0_a287  u0_a287    98 Feb 22 22:02]  ECONOMY -> /data/data/com.termux/files/home/soda/01-ARCHIVO-HISTORICO/02-SCRIPTS/MODULES/ECONOMY
в”‚В В  в”‚В В  в”њв”Ђв”Ђ [lrwxrwxrwx u0_a287  u0_a287    82 Feb 22 22:02]  ENGINE -> /data/data/com.termux/files/home/soda/01-ARCHIVO-HISTORICO/02-SCRIPTS/ENGINE
в”‚В В  в”‚В В  в””в”Ђв”Ђ [lrwxrwxrwx u0_a287  u0_a287    82 Feb 22 22:02]  GLOBAL -> /data/data/com.termux/files/home/soda/01-ARCHIVO-HISTORICO/02-SCRIPTS/GLOBAL
в”‚В В  в””в”Ђв”Ђ [drwx------ u0_a287  u0_a287  4.0K Feb 24 15:41]  NATIVOS
в”њв”Ђв”Ђ [drwx------ u0_a287  u0_a287  3.4K Feb 24 15:41]  04-COMUNICACIONES
в”‚В В  в”њв”Ђв”Ђ [drwx------ u0_a287  u0_a287  3.4K Feb 22 22:02]  CLI
в”‚В В  в”њв”Ђв”Ђ [drwx------ u0_a287  u0_a287  3.4K Feb 24 15:41]  TELEGRAM
в”‚В В  в”њв”Ђв”Ђ [drwx------ u0_a287  u0_a287  3.4K Feb 25 09:32]  WEBAPP
в”‚В В  в”‚В В  в”њв”Ђв”Ђ [drwx------ u0_a287  u0_a287  3.4K Feb 25 09:32]  node_modules
в”‚В В  в”‚В В  в”‚В В  в”њв”Ђв”Ђ [drwx------ u0_a287  u0_a287  3.4K Feb 25 09:32]  @ampproject
в”‚В В  в”‚В В  в”‚В В  в”њв”Ђв”Ђ [drwx------ u0_a287  u0_a287  3.4K Feb 25 09:32]  @esbuild
в”‚В В  в”‚В В  в”‚В В  в”њв”Ђв”Ђ [drwx------ u0_a287  u0_a287  3.4K Feb 25 09:32]  @jridgewell
в”‚В В  в”‚В В  в”‚В В  в”њв”Ђв”Ђ [drwx------ u0_a287  u0_a287  3.4K Feb 25 09:32]  @rollup
в”‚В В  в”‚В В  в”‚В В  в”њв”Ђв”Ђ [drwx------ u0_a287  u0_a287  3.4K Feb 25 09:32]  @sveltejs
в”‚В В  в”‚В В  в”‚В В  в””в”Ђв”Ђ [drwx------ u0_a287  u0_a287  3.4K Feb 25 09:32]  @types
в”‚В В  в”‚В В  в”њв”Ђв”Ђ [-rw------- u0_a287  u0_a287    85 Feb 25 09:32]  package-lock.json
в”‚В В  в”‚В В  в””в”Ђв”Ђ [drwx------ u0_a287  u0_a287  3.4K Feb 25 09:12]  src
в”‚В В  в”‚В В      в”њв”Ђв”Ђ [-rw------- u0_a287  u0_a287    74 Feb 25 09:12]  App.svelte
в”‚В В  в”‚В В      в”њв”Ђв”Ђ [-rw------- u0_a287  u0_a287   549 Feb 25 09:11]  Monitor.svelte
в”‚В В  в”‚В В      в””в”Ђв”Ђ [drwx------ u0_a287  u0_a287  3.4K Feb 24 15:41]  lib
в”‚В В  в””в”Ђв”Ђ [drwx------ u0_a287  u0_a287  3.4K Feb 24 15:41]  WEBAPP_BACKUP_20260223222530
в”‚В В      в”њв”Ђв”Ђ [drwx------ u0_a287  u0_a287  3.4K Feb 24 15:41]  node_modules
в”‚В В      в”‚В В  в”њв”Ђв”Ђ [drwx------ u0_a287  u0_a287  3.4K Feb 23 21:00]  @esbuild
в”‚В В      в”‚В В  в”‚В В  в””в”Ђв”Ђ [drwx------ u0_a287  u0_a287  3.4K Feb 24 15:41]  android-arm64
в”‚В В      в”‚В В  в”‚В В      в””в”Ђв”Ђ [drwx------ u0_a287  u0_a287  3.4K Feb 24 15:41]  bin
в”‚В В      в”‚В В  в”њв”Ђв”Ђ [drwx------ u0_a287  u0_a287  3.4K Feb 23 21:00]  @jridgewell
в”‚В В      в”‚В В  в”‚В В  в”њв”Ђв”Ђ [drwx------ u0_a287  u0_a287  3.4K Feb 24 15:41]  gen-mapping
в”‚В В      в”‚В В  в”‚В В  в”‚В В  в”њв”Ђв”Ђ [drwx------ u0_a287  u0_a287  3.4K Feb 24 15:41]  dist
в”‚В В      в”‚В В  в”‚В В  в”‚В В  в”‚В В  в””в”Ђв”Ђ [drwx------ u0_a287  u0_a287  3.4K Feb 24 15:41]  types
в”‚В В      в”‚В В  в”‚В В  в”‚В В  в”њв”Ђв”Ђ [drwx------ u0_a287  u0_a287  3.4K Feb 24 15:41]  src
в”‚В В      в”‚В В  в”‚В В  в”‚В В  в””в”Ђв”Ђ [drwx------ u0_a287  u0_a287  3.4K Feb 24 15:41]  types
в”‚В В      в”‚В В  в”‚В В  в”њв”Ђв”Ђ [drwx------ u0_a287  u0_a287  3.4K Feb 24 15:41]  remapping
в”‚В В      в”‚В В  в”‚В В  в”‚В В  в”њв”Ђв”Ђ [drwx------ u0_a287  u0_a287  3.4K Feb 24 15:41]  dist
в”‚В В      в”‚В В  в”‚В В  в”‚В В  в”њв”Ђв”Ђ [drwx------ u0_a287  u0_a287  3.4K Feb 24 15:41]  src
в”‚В В      в”‚В В  в”‚В В  в”‚В В  в””в”Ђв”Ђ [drwx------ u0_a287  u0_a287  3.4K Feb 24 15:41]  types
в”‚В В      в”‚В В  в”‚В В  в”њв”Ђв”Ђ [drwx------ u0_a287  u0_a287  3.4K Feb 24 15:41]  resolve-uri
в”‚В В      в”‚В В  в”‚В В  в”‚В В  в””в”Ђв”Ђ [drwx------ u0_a287  u0_a287  3.4K Feb 24 15:41]  dist
в”‚В В      в”‚В В  в”‚В В  в”‚В В      в””в”Ђв”Ђ [drwx------ u0_a287  u0_a287  3.4K Feb 24 15:41]  types
в”‚В В      в”‚В В  в”‚В В  в”њв”Ђв”Ђ [drwx------ u0_a287  u0_a287  3.4K Feb 24 15:41]  sourcemap-codec
в”‚В В      в”‚В В  в”‚В В  в”‚В В  в”њв”Ђв”Ђ [drwx------ u0_a287  u0_a287  3.4K Feb 24 15:41]  dist
в”‚В В      в”‚В В  в”‚В В  в”‚В В  в”њв”Ђв”Ђ [drwx------ u0_a287  u0_a287  3.4K Feb 24 15:41]  src
в”‚В В      в”‚В В  в”‚В В  в”‚В В  в””в”Ђв”Ђ [drwx------ u0_a287  u0_a287  3.4K Feb 24 15:41]  types
в”‚В В      в”‚В В  в”‚В В  в””в”Ђв”Ђ [drwx------ u0_a287  u0_a287  3.4K Feb 24 15:41]  trace-mapping
в”‚В В      в”‚В В  в”‚В В      в”њв”Ђв”Ђ [drwx------ u0_a287  u0_a287  3.4K Feb 24 15:41]  dist
в”‚В В      в”‚В В  в”‚В В      в”њв”Ђв”Ђ [drwx------ u0_a287  u0_a287  3.4K Feb 24 15:41]  src
в”‚В В      в”‚В В  в”‚В В      в””в”Ђв”Ђ [drwx------ u0_a287  u0_a287  3.4K Feb 24 15:41]  types
в”‚В В      в”‚В В  в”њв”Ђв”Ђ [drwx------ u0_a287  u0_a287  3.4K Feb 23 21:00]  @rollup
в”‚В В      в”‚В В  в”‚В В  в””в”Ђв”Ђ [drwx------ u0_a287  u0_a287  3.4K Feb 24 15:41]  rollup-android-arm64
в”‚В В      в”‚В В  в”њв”Ђв”Ђ [drwx------ u0_a287  u0_a287  3.4K Feb 23 21:00]  @sveltejs
в”‚В В      в”‚В В  в”‚В В  в”њв”Ђв”Ђ [drwx------ u0_a287  u0_a287  3.4K Feb 24 15:41]  acorn-typescript
в”‚В В      в”‚В В  в”‚В В  в””в”Ђв”Ђ [drwx------ u0_a287  u0_a287  3.4K Feb 24 15:41]  vite-plugin-svelte
в”‚В В      в”‚В В  в”‚В В      в”њв”Ђв”Ђ [drwx------ u0_a287  u0_a287  3.4K Feb 24 15:41]  src
в”‚В В      в”‚В В  в”‚В В      в”‚В В  в”њв”Ђв”Ђ [drwx------ u0_a287  u0_a287  3.4K Feb 24 15:41]  plugins
в”‚В В      в”‚В В  в”‚В В      в”‚В В  в”‚В В  в””в”Ђв”Ђ [drwx------ u0_a287  u0_a287  3.4K Feb 24 15:41]  inspector
в”‚В В      в”‚В В  в”‚В В      в”‚В В  в”‚В В      в””в”Ђв”Ђ [drwx------ u0_a287  u0_a287  3.4K Feb 24 15:41]  runtime
в”‚В В      в”‚В В  в”‚В В      в”‚В В  в”њв”Ђв”Ђ [drwx------ u0_a287  u0_a287  3.4K Feb 24 15:41]  types
в”‚В В      в”‚В В  в”‚В В      в”‚В В  в””в”Ђв”Ђ [drwx------ u0_a287  u0_a287  3.4K Feb 24 15:41]  utils
в”‚В В      в”‚В В  в”‚В В      в””в”Ђв”Ђ [drwx------ u0_a287  u0_a287  3.4K Feb 24 15:41]  types
в”‚В В      в”‚В В  в”њв”Ђв”Ђ [drwx------ u0_a287  u0_a287  3.4K Feb 23 21:00]  @types
в”‚В В      в”‚В В  в”‚В В  в”њв”Ђв”Ђ [drwx------ u0_a287  u0_a287  3.4K Feb 24 15:41]  estree
в”‚В В      в”‚В В  в”‚В В  в””в”Ђв”Ђ [drwx------ u0_a287  u0_a287  3.4K Feb 24 15:41]  trusted-types
в”‚В В      в”‚В В  в”‚В В      в””в”Ђв”Ђ [drwx------ u0_a287  u0_a287  3.4K Feb 24 15:41]  lib
в”‚В В      в”‚В В  в”њв”Ђв”Ђ [drwx------ u0_a287  u0_a287  3.4K Feb 24 15:41]  acorn
в”‚В В      в”‚В В  в”‚В В  в”њв”Ђв”Ђ [drwx------ u0_a287  u0_a287  3.4K Feb 24 15:41]  bin
в”‚В В      в”‚В В  в”‚В В  в””в”Ђв”Ђ [drwx------ u0_a287  u0_a287  3.4K Feb 24 15:41]  dist
в”‚В В      в”‚В В  в”њв”Ђв”Ђ [drwx------ u0_a287  u0_a287  3.4K Feb 24 15:41]  aria-query
в”‚В В      в”‚В В  в”‚В В  в””в”Ђв”Ђ [drwx------ u0_a287  u0_a287  3.4K Feb 24 15:41]  lib
в”‚В В      в”‚В В  в”‚В В      в”њв”Ђв”Ђ [drwx------ u0_a287  u0_a287  3.4K Feb 23 21:00]  etc
в”‚В В      в”‚В В  в”‚В В      в”‚В В  в””в”Ђв”Ђ [drwx------ u0_a287  u0_a287  3.4K Feb 24 15:41]  roles
в”‚В В      в”‚В В  в”‚В В      в”‚В В      в”њв”Ђв”Ђ [drwx------ u0_a287  u0_a287  3.4K Feb 24 15:41]  abstract
в”‚В В      в”‚В В  в”‚В В      в”‚В В      в”њв”Ђв”Ђ [drwx------ u0_a287  u0_a287  3.4K Feb 24 15:41]  dpub
в”‚В В      в”‚В В  в”‚В В      в”‚В В      в”њв”Ђв”Ђ [drwx------ u0_a287  u0_a287  3.4K Feb 24 15:41]  graphics
в”‚В В      в”‚В В  в”‚В В      в”‚В В      в””в”Ђв”Ђ [drwx------ u0_a287  u0_a287  4.0K Feb 24 15:41]  literal
в”‚В В      в”‚В В  в”‚В В      в””в”Ђв”Ђ [drwx------ u0_a287  u0_a287  3.4K Feb 24 15:41]  util
в”‚В В      в”‚В В  в”њв”Ђв”Ђ [drwx------ u0_a287  u0_a287  3.4K Feb 24 15:41]  axobject-query
в”‚В В      в”‚В В  в”‚В В  в””в”Ђв”Ђ [drwx------ u0_a287  u0_a287  3.4K Feb 24 15:41]  lib
в”‚В В      в”‚В В  в”‚В В      в”њв”Ђв”Ђ [drwx------ u0_a287  u0_a287  3.4K Feb 23 21:00]  etc
в”‚В В      в”‚В В  в”‚В В      в”‚В В  в””в”Ђв”Ђ [drwx------ u0_a287  u0_a287  8.0K Feb 24 15:41]  objects
в”‚В В      в”‚В В  в”‚В В      в””в”Ђв”Ђ [drwx------ u0_a287  u0_a287  3.4K Feb 24 15:41]  util
в”‚В В      в”‚В В  в”њв”Ђв”Ђ [drwx------ u0_a287  u0_a287  3.4K Feb 24 15:41]  clsx
в”‚В В      в”‚В В  в”‚В В  в””в”Ђв”Ђ [drwx------ u0_a287  u0_a287  3.4K Feb 24 15:41]  dist
в”‚В В      в”‚В В  в”њв”Ђв”Ђ [drwx------ u0_a287  u0_a287  3.4K Feb 24 15:41]  deepmerge
в”‚В В      в”‚В В  в”‚В В  в””в”Ђв”Ђ [drwx------ u0_a287  u0_a287  3.4K Feb 24 15:41]  dist
в”‚В В      в”‚В В  в”њв”Ђв”Ђ [drwx------ u0_a287  u0_a287  3.4K Feb 24 15:41]  devalue
в”‚В В      в”‚В В  в”‚В В  в”њв”Ђв”Ђ [drwx------ u0_a287  u0_a287  3.4K Feb 24 15:41]  src
в”‚В В      в”‚В В  в”‚В В  в””в”Ђв”Ђ [drwx------ u0_a287  u0_a287  3.4K Feb 24 15:41]  types
в”‚В В      в”‚В В  в”њв”Ђв”Ђ [drwx------ u0_a287  u0_a287  3.4K Feb 24 15:41]  esbuild
в”‚В В      в”‚В В  в”‚В В  в”њв”Ђв”Ђ [drwx------ u0_a287  u0_a287  3.4K Feb 24 15:41]  bin
в”‚В В      в”‚В В  в”‚В В  в””в”Ђв”Ђ [drwx------ u0_a287  u0_a287  3.4K Feb 24 15:41]  lib
в”‚В В      в”‚В В  в”њв”Ђв”Ђ [drwx------ u0_a287  u0_a287  3.4K Feb 24 15:41]  esm-env
в”‚В В      в”‚В В  в”њв”Ђв”Ђ [drwx------ u0_a287  u0_a287  3.4K Feb 24 15:41]  esrap
в”‚В В      в”‚В В  в”‚В В  в”њв”Ђв”Ђ [drwx------ u0_a287  u0_a287  3.4K Feb 24 15:41]  src
в”‚В В      в”‚В В  в”‚В В  в”‚В В  в””в”Ђв”Ђ [drwx------ u0_a287  u0_a287  3.4K Feb 24 15:41]  languages
в”‚В В      в”‚В В  в”‚В В  в”‚В В      в”њв”Ђв”Ђ [drwx------ u0_a287  u0_a287  3.4K Feb 24 15:41]  ts
в”‚В В      в”‚В В  в”‚В В  в”‚В В      в””в”Ђв”Ђ [drwx------ u0_a287  u0_a287  3.4K Feb 24 15:41]  tsx
в”‚В В      в”‚В В  в”‚В В  в””в”Ђв”Ђ [drwx------ u0_a287  u0_a287  3.4K Feb 24 15:41]  types
в”‚В В      в”‚В В  в”њв”Ђв”Ђ [drwx------ u0_a287  u0_a287  3.4K Feb 24 15:41]  fdir
в”‚В В      в”‚В В  в”‚В В  в””в”Ђв”Ђ [drwx------ u0_a287  u0_a287  3.4K Feb 24 15:41]  dist
в”‚В В      в”‚В В  в”њв”Ђв”Ђ [drwx------ u0_a287  u0_a287  3.4K Feb 24 15:41]  is-reference
в”‚В В      в”‚В В  в”‚В В  в”њв”Ђв”Ђ [drwx------ u0_a287  u0_a287  3.4K Feb 24 15:41]  src
в”‚В В      в”‚В В  в”‚В В  в””в”Ђв”Ђ [drwx------ u0_a287  u0_a287  3.4K Feb 24 15:41]  types
в”‚В В      в”‚В В  в”њв”Ђв”Ђ [drwx------ u0_a287  u0_a287  3.4K Feb 24 15:41]  locate-character
в”‚В В      в”‚В В  в”‚В В  в”њв”Ђв”Ђ [drwx------ u0_a287  u0_a287  3.4K Feb 24 15:41]  src
в”‚В В      в”‚В В  в”‚В В  в””в”Ђв”Ђ [drwx------ u0_a287  u0_a287  3.4K Feb 24 15:41]  types
в”‚В В      в”‚В В  в”њв”Ђв”Ђ [drwx------ u0_a287  u0_a287  3.4K Feb 24 15:41]  magic-string
в”‚В В      в”‚В В  в”‚В В  в””в”Ђв”Ђ [drwx------ u0_a287  u0_a287  3.4K Feb 24 15:41]  dist
в”‚В В      в”‚В В  в”њв”Ђв”Ђ [drwx------ u0_a287  u0_a287  3.4K Feb 24 15:41]  nanoid
в”‚В В      в”‚В В  в”‚В В  в”њв”Ђв”Ђ [drwx------ u0_a287  u0_a287  3.4K Feb 24 15:41]  async
в”‚В В      в”‚В В  в”‚В В  в”њв”Ђв”Ђ [drwx------ u0_a287  u0_a287  3.4K Feb 24 15:41]  bin
в”‚В В      в”‚В В  в”‚В В  в”њв”Ђв”Ђ [drwx------ u0_a287  u0_a287  3.4K Feb 24 15:41]  non-secure
в”‚В В      в”‚В В  в”‚В В  в””в”Ђв”Ђ [drwx------ u0_a287  u0_a287  3.4K Feb 24 15:41]  url-alphabet
в”‚В В      в”‚В В  в”њв”Ђв”Ђ [drwx------ u0_a287  u0_a287  3.4K Feb 24 15:41]  obug
в”‚В В      в”‚В В  в”‚В В  в””в”Ђв”Ђ [drwx------ u0_a287  u0_a287  3.4K Feb 24 15:41]  dist
в”‚В В      в”‚В В  в”њв”Ђв”Ђ [drwx------ u0_a287  u0_a287  3.4K Feb 24 15:41]  picocolors
в”‚В В      в”‚В В  в”њв”Ђв”Ђ [drwx------ u0_a287  u0_a287  3.4K Feb 24 15:41]  picomatch
в”‚В В      в”‚В В  в”‚В В  в””в”Ђв”Ђ [drwx------ u0_a287  u0_a287  3.4K Feb 24 15:41]  lib
в”‚В В      в”‚В В  в”њв”Ђв”Ђ [drwx------ u0_a287  u0_a287  3.4K Feb 24 15:41]  postcss
в”‚В В      в”‚В В  в”‚В В  в””в”Ђв”Ђ [drwx------ u0_a287  u0_a287  3.4K Feb 24 15:41]  lib
в”‚В В      в”‚В В  в”њв”Ђв”Ђ [drwx------ u0_a287  u0_a287  3.4K Feb 24 15:41]  regexparam
в”‚В В      в”‚В В  в”‚В В  в””в”Ђв”Ђ [drwx------ u0_a287  u0_a287  3.4K Feb 24 15:41]  dist
в”‚В В      в”‚В В  в”њв”Ђв”Ђ [drwx------ u0_a287  u0_a287  3.4K Feb 24 15:41]  rollup
в”‚В В      в”‚В В  в”‚В В  в””в”Ђв”Ђ [drwx------ u0_a287  u0_a287  3.4K Feb 24 15:41]  dist
в”‚В В      в”‚В В  в”‚В В      в”њв”Ђв”Ђ [drwx------ u0_a287  u0_a287  3.4K Feb 24 15:41]  bin
в”‚В В      в”‚В В  в”‚В В      в”њв”Ђв”Ђ [drwx------ u0_a287  u0_a287  3.4K Feb 24 15:41]  es
в”‚В В      в”‚В В  в”‚В В      в”‚В В  в””в”Ђв”Ђ [drwx------ u0_a287  u0_a287  3.4K Feb 24 15:41]  shared
в”‚В В      в”‚В В  в”‚В В      в””в”Ђв”Ђ [drwx------ u0_a287  u0_a287  3.4K Feb 24 15:41]  shared
в”‚В В      в”‚В В  в”њв”Ђв”Ђ [drwx------ u0_a287  u0_a287  3.4K Feb 24 15:41]  source-map-js
в”‚В В      в”‚В В  в”‚В В  в””в”Ђв”Ђ [drwx------ u0_a287  u0_a287  3.4K Feb 24 15:41]  lib
в”‚В В      в”‚В В  в”њв”Ђв”Ђ [drwx------ u0_a287  u0_a287  3.4K Feb 24 15:41]  svelte
в”‚В В      в”‚В В  в”‚В В  в”њв”Ђв”Ђ [drwx------ u0_a287  u0_a287  3.4K Feb 24 15:41]  compiler
в”‚В В      в”‚В В  в”‚В В  в”њв”Ђв”Ђ [drwx------ u0_a287  u0_a287  3.4K Feb 24 15:41]  src
в”‚В В      в”‚В В  в”‚В В  в”‚В В  в”њв”Ђв”Ђ [drwx------ u0_a287  u0_a287  3.4K Feb 24 15:41]  animate
в”‚В В      в”‚В В  в”‚В В  в”‚В В  в”њв”Ђв”Ђ [drwx------ u0_a287  u0_a287  3.4K Feb 24 15:41]  attachments
в”‚В В      в”‚В В  в”‚В В  в”‚В В  в”њв”Ђв”Ђ [drwx------ u0_a287  u0_a287  3.4K Feb 24 15:41]  compiler
в”‚В В      в”‚В В  в”‚В В  в”‚В В  в”‚В В  в”њв”Ђв”Ђ [drwx------ u0_a287  u0_a287  3.4K Feb 24 15:41]  migrate
в”‚В В      в”‚В В  в”‚В В  в”‚В В  в”‚В В  в”њв”Ђв”Ђ [drwx------ u0_a287  u0_a287  3.4K Feb 24 15:41]  phases
в”‚В В      в”‚В В  в”‚В В  в”‚В В  в”‚В В  в”‚В В  в”њв”Ђв”Ђ [drwx------ u0_a287  u0_a287  3.4K Feb 24 15:41]  1-parse
в”‚В В      в”‚В В  в”‚В В  в”‚В В  в”‚В В  в”‚В В  в”‚В В  в”њв”Ђв”Ђ [drwx------ u0_a287  u0_a287  3.4K Feb 24 15:41]  read
в”‚В В      в”‚В В  в”‚В В  в”‚В В  в”‚В В  в”‚В В  в”‚В В  в”њв”Ђв”Ђ [drwx------ u0_a287  u0_a287  3.4K Feb 24 15:41]  state
в”‚В В      в”‚В В  в”‚В В  в”‚В В  в”‚В В  в”‚В В  в”‚В В  в””в”Ђв”Ђ [drwx------ u0_a287  u0_a287  3.4K Feb 24 15:41]  utils
в”‚В В      в”‚В В  в”‚В В  в”‚В В  в”‚В В  в”‚В В  в”њв”Ђв”Ђ [drwx------ u0_a287  u0_a287  3.4K Feb 24 15:41]  2-analyze
в”‚В В      в”‚В В  в”‚В В  в”‚В В  в”‚В В  в”‚В В  в”‚В В  в”њв”Ђв”Ђ [drwx------ u0_a287  u0_a287  3.4K Feb 24 15:41]  css
в”‚В В      в”‚В В  в”‚В В  в”‚В В  в”‚В В  в”‚В В  в”‚В В  в”њв”Ђв”Ђ [drwx------ u0_a287  u0_a287  3.4K Feb 24 15:41]  utils
в”‚В В      в”‚В В  в”‚В В  в”‚В В  в”‚В В  в”‚В В  в”‚В В  в””в”Ђв”Ђ [drwx------ u0_a287  u0_a287  4.0K Feb 24 15:41]  visitors
в”‚В В      в”‚В В  в”‚В В  в”‚В В  в”‚В В  в”‚В В  в”‚В В      в””в”Ђв”Ђ [drwx------ u0_a287  u0_a287  3.4K Feb 24 15:41]  shared
в”‚В В      в”‚В В  в”‚В В  в”‚В В  в”‚В В  в”‚В В  в”‚В В          в””в”Ђв”Ђ [drwx------ u0_a287  u0_a287  3.4K Feb 24 15:41]  a11y
в”‚В В      в”‚В В  в”‚В В  в”‚В В  в”‚В В  в”‚В В  в””в”Ђв”Ђ [drwx------ u0_a287  u0_a287  3.4K Feb 24 15:41]  3-transform
в”‚В В      в”‚В В  в”‚В В  в”‚В В  в”‚В В  в”‚В В      в”њв”Ђв”Ђ [drwx------ u0_a287  u0_a287  3.4K Feb 24 15:41]  client
в”‚В В      в”‚В В  в”‚В В  в”‚В В  в”‚В В  в”‚В В      в”‚В В  в”њв”Ђв”Ђ [drwx------ u0_a287  u0_a287  3.4K Feb 24 15:41]  transform-template
в”‚В В      в”‚В В  в”‚В В  в”‚В В  в”‚В В  в”‚В В      в”‚В В  в””в”Ђв”Ђ [drwx------ u0_a287  u0_a287  3.4K Feb 24 15:41]  visitors
в”‚В В      в”‚В В  в”‚В В  в”‚В В  в”‚В В  в”‚В В      в”‚В В      в””в”Ђв”Ђ [drwx------ u0_a287  u0_a287  3.4K Feb 24 15:41]  shared
в”‚В В      в”‚В В  в”‚В В  в”‚В В  в”‚В В  в”‚В В      в”њв”Ђв”Ђ [drwx------ u0_a287  u0_a287  3.4K Feb 24 15:41]  css
в”‚В В      в”‚В В  в”‚В В  в”‚В В  в”‚В В  в”‚В В      в”њв”Ђв”Ђ [drwx------ u0_a287  u0_a287  3.4K Feb 24 15:41]  server
в”‚В В      в”‚В В  в”‚В В  в”‚В В  в”‚В В  в”‚В В      в”‚В В  в””в”Ђв”Ђ [drwx------ u0_a287  u0_a287  3.4K Feb 24 15:41]  visitors
в”‚В В      в”‚В В  в”‚В В  в”‚В В  в”‚В В  в”‚В В      в”‚В В      в””в”Ђв”Ђ [drwx------ u0_a287  u0_a287  3.4K Feb 24 15:41]  shared
в”‚В В      в”‚В В  в”‚В В  в”‚В В  в”‚В В  в”‚В В      в””в”Ђв”Ђ [drwx------ u0_a287  u0_a287  3.4K Feb 24 15:41]  shared
в”‚В В      в”‚В В  в”‚В В  в”‚В В  в”‚В В  в”њв”Ђв”Ђ [drwx------ u0_a287  u0_a287  3.4K Feb 24 15:41]  preprocess
в”‚В В      в”‚В В  в”‚В В  в”‚В В  в”‚В В  в”њв”Ђв”Ђ [drwx------ u0_a287  u0_a287  3.4K Feb 24 15:41]  print
в”‚В В      в”‚В В  в”‚В В  в”‚В В  в”‚В В  в””в”Ђв”Ђ [drwx------ u0_a287  u0_a287  3.4K Feb 24 15:41]  utils
в”‚В В      в”‚В В  в”‚В В  в”‚В В  в”њв”Ђв”Ђ [drwx------ u0_a287  u0_a287  3.4K Feb 24 15:41]  easing
в”‚В В      в”‚В В  в”‚В В  в”‚В В  в”њв”Ђв”Ђ [drwx------ u0_a287  u0_a287  3.4K Feb 24 15:41]  events
в”‚В В      в”‚В В  в”‚В В  в”‚В В  в”њв”Ђв”Ђ [drwx------ u0_a287  u0_a287  3.4K Feb 24 15:41]  internal
в”‚В В      в”‚В В  в”‚В В  в”‚В В  в”‚В В  в”њв”Ђв”Ђ [drwx------ u0_a287  u0_a287  3.4K Feb 24 15:41]  client
в”‚В В      в”‚В В  в”‚В В  в”‚В В  в”‚В В  в”‚В В  в”њв”Ђв”Ђ [drwx------ u0_a287  u0_a287  3.4K Feb 24 15:41]  dev
в”‚В В      в”‚В В  в”‚В В  в”‚В В  в”‚В В  в”‚В В  в”њв”Ђв”Ђ [drwx------ u0_a287  u0_a287  3.4K Feb 24 15:41]  dom
в”‚В В      в”‚В В  в”‚В В  в”‚В В  в”‚В В  в”‚В В  в”‚В В  в”њв”Ђв”Ђ [drwx------ u0_a287  u0_a287  3.4K Feb 24 15:41]  blocks
в”‚В В      в”‚В В  в”‚В В  в”‚В В  в”‚В В  в”‚В В  в”‚В В  в”њв”Ђв”Ђ [drwx------ u0_a287  u0_a287  3.4K Feb 24 15:41]  elements
в”‚В В      в”‚В В  в”‚В В  в”‚В В  в”‚В В  в”‚В В  в”‚В В  в”‚В В  в””в”Ђв”Ђ [drwx------ u0_a287  u0_a287  3.4K Feb 24 15:41]  bindings
в”‚В В      в”‚В В  в”‚В В  в”‚В В  в”‚В В  в”‚В В  в”‚В В  в””в”Ђв”Ђ [drwx------ u0_a287  u0_a287  3.4K Feb 24 15:41]  legacy
в”‚В В      в”‚В В  в”‚В В  в”‚В В  в”‚В В  в”‚В В  в””в”Ђв”Ђ [drwx------ u0_a287  u0_a287  3.4K Feb 24 15:41]  reactivity
в”‚В В      в”‚В В  в”‚В В  в”‚В В  в”‚В В  в”њв”Ђв”Ђ [drwx------ u0_a287  u0_a287  3.4K Feb 24 15:41]  flags
в”‚В В      в”‚В В  в”‚В В  в”‚В В  в”‚В В  в”њв”Ђв”Ђ [drwx------ u0_a287  u0_a287  3.4K Feb 24 15:41]  server
в”‚В В      в”‚В В  в”‚В В  в”‚В В  в”‚В В  в”‚В В  в””в”Ђв”Ђ [drwx------ u0_a287  u0_a287  3.4K Feb 24 15:41]  blocks
в”‚В В      в”‚В В  в”‚В В  в”‚В В  в”‚В В  в””в”Ђв”Ђ [drwx------ u0_a287  u0_a287  3.4K Feb 24 15:41]  shared
в”‚В В      в”‚В В  в”‚В В  в”‚В В  в”њв”Ђв”Ђ [drwx------ u0_a287  u0_a287  3.4K Feb 24 15:41]  legacy
в”‚В В      в”‚В В  в”‚В В  в”‚В В  в”њв”Ђв”Ђ [drwx------ u0_a287  u0_a287  3.4K Feb 24 15:41]  motion
в”‚В В      в”‚В В  в”‚В В  в”‚В В  в”њв”Ђв”Ђ [drwx------ u0_a287  u0_a287  3.4K Feb 24 15:41]  reactivity
в”‚В В      в”‚В В  в”‚В В  в”‚В В  в”‚В В  в””в”Ђв”Ђ [drwx------ u0_a287  u0_a287  3.4K Feb 24 15:41]  window
в”‚В В      в”‚В В  в”‚В В  в”‚В В  в”њв”Ђв”Ђ [drwx------ u0_a287  u0_a287  3.4K Feb 24 15:41]  server
в”‚В В      в”‚В В  в”‚В В  в”‚В В  в”њв”Ђв”Ђ [drwx------ u0_a287  u0_a287  3.4K Feb 24 15:41]  store
в”‚В В      в”‚В В  в”‚В В  в”‚В В  в”‚В В  в””в”Ђв”Ђ [drwx------ u0_a287  u0_a287  3.4K Feb 24 15:41]  shared
в”‚В В      в”‚В В  в”‚В В  в”‚В В  в””в”Ђв”Ђ [drwx------ u0_a287  u0_a287  3.4K Feb 24 15:41]  transition
в”‚В В      в”‚В В  в”‚В В  в””в”Ђв”Ђ [drwx------ u0_a287  u0_a287  3.4K Feb 24 15:41]  types
в”‚В В      в”‚В В  в”‚В В      в””в”Ђв”Ђ [drwx------ u0_a287  u0_a287  3.4K Feb 24 15:41]  compiler
в”‚В В      в”‚В В  в”њв”Ђв”Ђ [drwx------ u0_a287  u0_a287  3.4K Feb 24 15:41]  svelte-spa-router
в”‚В В      в”‚В В  в”њв”Ђв”Ђ [drwx------ u0_a287  u0_a287  3.4K Feb 24 15:41]  tinyglobby
в”‚В В      в”‚В В  в”‚В В  в””в”Ђв”Ђ [drwx------ u0_a287  u0_a287  3.4K Feb 24 15:41]  dist
в”‚В В      в”‚В В  в”њв”Ђв”Ђ [drwx------ u0_a287  u0_a287  3.4K Feb 24 15:41]  vite
в”‚В В      в”‚В В  в”‚В В  в”њв”Ђв”Ђ [drwx------ u0_a287  u0_a287  3.4K Feb 24 15:41]  bin
в”‚В В      в”‚В В  в”‚В В  в”њв”Ђв”Ђ [drwx------ u0_a287  u0_a287  3.4K Feb 23 21:00]  dist
в”‚В В      в”‚В В  в”‚В В  в”‚В В  в”њв”Ђв”Ђ [drwx------ u0_a287  u0_a287  3.4K Feb 24 15:41]  client
в”‚В В      в”‚В В  в”‚В В  в”‚В В  в””в”Ђв”Ђ [drwx------ u0_a287  u0_a287  3.4K Feb 24 15:41]  node
в”‚В В      в”‚В В  в”‚В В  в”‚В В      в””в”Ђв”Ђ [drwx------ u0_a287  u0_a287  3.4K Feb 24 15:41]  chunks
в”‚В В      в”‚В В  в”‚В В  в”њв”Ђв”Ђ [drwx------ u0_a287  u0_a287  3.4K Feb 24 15:41]  misc
в”‚В В      в”‚В В  в”‚В В  в””в”Ђв”Ђ [drwx------ u0_a287  u0_a287  3.4K Feb 24 15:41]  types
в”‚В В      в”‚В В  в”‚В В      в””в”Ђв”Ђ [drwx------ u0_a287  u0_a287  3.4K Feb 24 15:41]  internal
в”‚В В      в”‚В В  в”њв”Ђв”Ђ [drwx------ u0_a287  u0_a287  3.4K Feb 24 15:41]  vitefu
в”‚В В      в”‚В В  в”‚В В  в””в”Ђв”Ђ [drwx------ u0_a287  u0_a287  3.4K Feb 24 15:41]  src
в”‚В В      в”‚В В  в””в”Ђв”Ђ [drwx------ u0_a287  u0_a287  3.4K Feb 24 15:41]  zimmerframe
в”‚В В      в”‚В В      в”њв”Ђв”Ђ [drwx------ u0_a287  u0_a287  3.4K Feb 24 15:41]  src
в”‚В В      в”‚В В      в””в”Ђв”Ђ [drwx------ u0_a287  u0_a287  3.4K Feb 24 15:41]  types
в”‚В В      в”њв”Ђв”Ђ [drwx------ u0_a287  u0_a287  3.4K Feb 24 15:41]  public
в”‚В В      в””в”Ђв”Ђ [drwx------ u0_a287  u0_a287  3.4K Feb 24 15:41]  src
в”‚В В          в”њв”Ђв”Ђ [drwx------ u0_a287  u0_a287  3.4K Feb 24 15:41]  components
в”‚В В          в”њв”Ђв”Ђ [drwx------ u0_a287  u0_a287  3.4K Feb 24 15:41]  lib
в”‚В В          в”њв”Ђв”Ђ [drwx------ u0_a287  u0_a287  3.4K Feb 24 15:41]  stores
в”‚В В          в””в”Ђв”Ђ [drwx------ u0_a287  u0_a287  3.4K Feb 24 15:41]  styles
в”њв”Ђв”Ђ [drwx------ u0_a287  u0_a287  3.4K Feb 27 07:31]  05-LOGS
в”‚В В  в”њв”Ђв”Ђ [drwx------ u0_a287  u0_a287  3.4K Feb 27 07:31]  SYSTEM
в”‚В В  в”‚В В  в”њв”Ђв”Ђ [-rw------- u0_a287  u0_a287   458 Feb 27 07:31]  reader_20260227_0731.log
в”‚В В  в”‚В В  в””в”Ђв”Ђ [-rw------- u0_a287  u0_a287   47K Feb 27 07:31]  tree_20260227_0731.log
в”‚В В  в””в”Ђв”Ђ [drwx------ u0_a287  u0_a287  3.4K Feb 26 23:46]  TUNNEL
в”‚В В      в”њв”Ђв”Ђ [-rw------- u0_a287  u0_a287  474K Feb 27 07:31]  tunnel_202602.log
в”‚В В      в””в”Ђв”Ђ [-rw------- u0_a287  u0_a287   33K Feb 27 00:14]  tunnel_20260226.log
в”њв”Ђв”Ђ [drwx------ u0_a287  u0_a287  3.4K Feb 24 15:41]  05-REGISTROS
в”‚В В  в”њв”Ђв”Ђ [drwx------ u0_a287  u0_a287  3.4K Feb 24 15:41]  ARCHIVO
в”‚В В  в”‚В В  в”њв”Ђв”Ђ [drwx------ u0_a287  u0_a287  3.4K Feb 24 15:41]  AUDIT
в”‚В В  в”‚В В  в”њв”Ђв”Ђ [drwx------ u0_a287  u0_a287  3.4K Feb 24 15:41]  audit
в”‚В В  в”‚В В  в”њв”Ђв”Ђ [drwx------ u0_a287  u0_a287  3.4K Feb 24 15:41]  economy
в”‚В В  в”‚В В  в”њв”Ђв”Ђ [drwx------ u0_a287  u0_a287  3.4K Feb 24 15:41]  incidents
в”‚В В  в”‚В В  в””в”Ђв”Ђ [drwx------ u0_a287  u0_a287  3.4K Feb 24 15:41]  milestones
в”‚В В  в”њв”Ђв”Ђ [drwx------ u0_a287  u0_a287  3.4K Feb 22 22:02]  AUDIT
в”‚В В  в”њв”Ђв”Ђ [drwx------ u0_a287  u0_a287  3.4K Feb 24 15:41]  ECONOMY
в”‚В В  в”‚В В  в””в”Ђв”Ђ [drwx------ u0_a287  u0_a287  3.4K Feb 24 15:41]  snapshots
в”‚В В  в”њв”Ђв”Ђ [drwx------ u0_a287  u0_a287  3.4K Feb 22 22:02]  INCIDENTS
в”‚В В  в”њв”Ђв”Ђ [drwx------ u0_a287  u0_a287  3.4K Feb 24 15:41]  OANDA
в”‚В В  в”њв”Ђв”Ђ [drwx------ u0_a287  u0_a287  3.4K Feb 24 15:41]  SYSTEM
в”‚В В  в””в”Ђв”Ђ [drwx------ u0_a287  u0_a287  3.4K Feb 24 15:41]  WEBAPP
в”њв”Ђв”Ђ [drwx------ u0_a287  u0_a287  3.4K Feb 23 06:00]  06-DOCUMENTACION
в”‚В В  в”њв”Ђв”Ђ [drwx------ u0_a287  u0_a287  3.4K Feb 24 15:41]  ARCHIVO
в”‚В В  в”њв”Ђв”Ђ [drwx------ u0_a287  u0_a287  3.4K Feb 24 15:41]  ARQUITECTURA
в”‚В В  в”њв”Ђв”Ђ [drwx------ u0_a287  u0_a287  3.4K Feb 24 15:41]  DECISIONES
в”‚В В  в”њв”Ђв”Ђ [drwx------ u0_a287  u0_a287  3.4K Feb 24 15:41]  EXPORTS
в”‚В В  в”њв”Ђв”Ђ [drwx------ u0_a287  u0_a287  3.4K Feb 24 15:41]  MANUALES
в”‚В В  в””в”Ђв”Ђ [drwx------ u0_a287  u0_a287  3.4K Feb 24 15:41]  REPORTES
в”њв”Ђв”Ђ [drwx------ u0_a287  u0_a287  3.4K Feb 24 15:40]  API
в”њв”Ђв”Ђ [drwx------ u0_a287  u0_a287  3.4K Feb 24 15:40]  AUDIT
в”‚В В  в”њв”Ђв”Ђ [drwx------ u0_a287  u0_a287  3.4K Feb 24 15:40]  MIGRACIONES_20260223_055958
в”‚В В  в”њв”Ђв”Ђ [drwx------ u0_a287  u0_a287  3.4K Feb 24 15:40]  VAULT_BACKUP_20260223_001542
в”‚В В  в””в”Ђв”Ђ [drwx------ u0_a287  u0_a287  3.4K Feb 24 15:40]  VAULT_BACKUP_20260223_001634
в”њв”Ђв”Ђ [drwx------ u0_a287  u0_a287  3.4K Feb 24 15:40]  CORE
в”њв”Ђв”Ђ [drwx------ u0_a287  u0_a287  3.4K Feb 24 15:40]  DAEMON
в”њв”Ђв”Ђ [drwx------ u0_a287  u0_a287  3.4K Feb 24 15:40]  ECONOMY
в”њв”Ђв”Ђ [drwx------ u0_a287  u0_a287  3.4K Feb 24 15:40]  LOGS
в”њв”Ђв”Ђ [drwx------ u0_a287  u0_a287  3.4K Feb 24 15:40]  MODULES
в”‚В В  в”њв”Ђв”Ђ [drwx------ u0_a287  u0_a287  3.4K Feb 24 15:40]  AUDIT
в”‚В В  в”њв”Ђв”Ђ [drwx------ u0_a287  u0_a287  3.4K Feb 24 15:40]  ECONOMY
в”‚В В  в”њв”Ђв”Ђ [drwx------ u0_a287  u0_a287  3.4K Feb 24 15:40]  MIM
в”‚В В  в””в”Ђв”Ђ [drwx------ u0_a287  u0_a287  3.4K Feb 21 15:47]  TELEGRAM
в”њв”Ђв”Ђ [drwx------ u0_a287  u0_a287  3.4K Feb 24 23:37]  STATE
в”‚В В  в”њв”Ђв”Ђ [-rw------- u0_a287  u0_a287   17K Feb 24 23:37]  logs.txt
в”‚В В  в””в”Ђв”Ђ [-rw------- u0_a287  u0_a287     0 Feb 24 23:37]  state.json
в”њв”Ђв”Ђ [drwx------ u0_a287  u0_a287  3.4K Feb 24 15:40]  TELEGRAM
в”њв”Ђв”Ђ [drwx------ u0_a287  u0_a287  3.4K Feb 24 15:40]  VAULT
в”њв”Ђв”Ђ [drwx------ u0_a287  u0_a287  3.4K Feb 24 15:40]  WEBAPP
в”‚В В  в”њв”Ђв”Ђ [drwx------ u0_a287  u0_a287  3.4K Feb 21 15:47]  static
в”‚В В  в””в”Ђв”Ђ [drwx------ u0_a287  u0_a287  3.4K Feb 24 15:40]  templates
в””в”Ђв”Ђ [drwx------ u0_a287  u0_a287  3.4K Feb 24 15:45]  backups
    в””в”Ђв”Ђ [-rw------- u0_a287  u0_a287  1.8K Feb 24 15:45]  snx_backup_20260224_1545.tar.gz

330 directories, 25 files
[2026-02-27 07:31:56] 
[2026-02-27 07:31:56] Archivos vacГ­os o sospechosos:
/data/data/com.termux/files/home/soda/STATE/state.json
/data/data/com.termux/files/home/soda/03-CONFIG/tunnel/config.yml
[2026-02-27 07:31:56] 
[2026-02-27 07:31:56] Scripts sin permisos de ejecuciГіn:
/data/data/com.termux/files/home/soda/02-SCRIPTS/TUNNEL/snx_tunnel_init.sh
/data/data/com.termux/files/home/soda/02-SCRIPTS/TUNNEL/snx_tunnel_login.sh
/data/data/com.termux/files/home/soda/02-SCRIPTS/TUNNEL/snx_tunnel_manager.sh
/data/data/com.termux/files/home/soda/02-SCRIPTS/GLOBAL/snx_tree.sh
/data/data/com.termux/files/home/soda/02-SCRIPTS/GLOBAL/snx_reader.sh
/data/data/com.termux/files/home/soda/02-SISTEMA/CORE/snx_doc_backup.sh
/data/data/com.termux/files/home/soda/02-SISTEMA/DAEMON/snx_daemon.sh
/data/data/com.termux/files/home/soda/02-SISTEMA/BACKEND/snx_backend.sh
[2026-02-27 07:31:56] 
[2026-02-27 07:31:56] Servicios runit activos:
[2026-02-27 07:31:56] 
[2026-02-27 07:31:56] TamaГ±o total del sistema:
1.8M	/data/data/com.termux/files/home/soda
[2026-02-27 07:31:56] 
[2026-02-27 07:31:56] === FIN DE AUDITORГЌA ===
[2026-02-27 07:31:56] Reporte guardado en: /data/data/com.termux/files/home/soda/05-LOGS/SYSTEM/tree_20260227_0731.log
