[2026-02-26 18:32:29] === SODA‑NEXUS | Iniciando daemon de túnel Pinggy ===
[2026-02-26 18:32:29] Backend no activo. Iniciando Flask...
[2026-02-26 18:32:39] Iniciando túnel Pinggy...
[2026-02-26 18:32:47] === SODA‑NEXUS | Iniciando daemon de túnel Pinggy ===
[2026-02-26 18:32:47] Backend no activo. Iniciando Flask...
[2026-02-26 18:32:54] Iniciando túnel Pinggy...
[2026-02-26 18:50:41] === SODA‑NEXUS | Iniciando daemon de túnel Pinggy ===
[2026-02-26 18:50:41] Backend no activo. Iniciando Flask...
[2026-02-26 18:50:51] === SODA‑NEXUS | Iniciando daemon de túnel Pinggy ===
[2026-02-26 18:50:51] Backend no activo. Iniciando Flask...
[2026-02-26 18:51:08] === SODA‑NEXUS | Iniciando daemon de túnel Pinggy ===
[2026-02-26 18:51:08] Backend no activo. Iniciando Flask...
[2026-02-26 18:51:41] === SODA‑NEXUS | Iniciando daemon de túnel Pinggy ===
[2026-02-26 18:51:41] Backend no activo. Iniciando Flask...
[2026-02-26 18:52:09] === SODA‑NEXUS | Iniciando daemon de túnel Pinggy ===
[2026-02-26 18:52:09] Backend no activo. Iniciando Flask...
[2026-02-26 18:52:25] === SODA‑NEXUS | Iniciando daemon de túnel Pinggy ===
[2026-02-26 18:52:32] Backend no activo. Iniciando Flask...
[2026-02-26 18:52:44] === SODA‑NEXUS | Iniciando daemon de túnel Pinggy ===
[2026-02-26 18:52:44] Backend no activo. Iniciando Flask...
[2026-02-26 18:52:54] === SODA‑NEXUS | Iniciando daemon de túnel Pinggy ===
[2026-02-26 18:52:54] Backend no activo. Iniciando Flask...
[2026-02-26 18:53:20] === SODA‑NEXUS | Iniciando daemon de túnel Pinggy ===
[2026-02-26 18:53:20] Backend no activo. Iniciando Flask...
[2026-02-26 18:53:46] === SODA‑NEXUS | Iniciando daemon de túnel Pinggy ===
[2026-02-26 18:53:46] Backend no activo. Iniciando Flask...
[2026-02-26 18:54:06] === SODA‑NEXUS | Iniciando daemon de túnel Pinggy ===
[2026-02-26 18:54:06] Backend no activo. Iniciando Flask...
[2026-02-26 18:54:37] === SODA‑NEXUS | Iniciando daemon de túnel Pinggy ===
[2026-02-26 18:54:37] Backend no activo. Iniciando Flask...
[2026-02-26 18:55:07] === SODA‑NEXUS | Iniciando daemon de túnel Pinggy ===
[2026-02-26 18:55:07] Backend no activo. Iniciando Flask...
[2026-02-26 18:55:38] === SODA‑NEXUS | Iniciando daemon de túnel Pinggy ===
[2026-02-26 18:55:38] Backend no activo. Iniciando Flask...
[2026-02-26 18:55:55] === SODA‑NEXUS | Iniciando daemon de túnel Pinggy ===
[2026-02-26 18:55:55] Backend no activo. Iniciando Flask...
[2026-02-26 18:56:00] === SODA‑NEXUS | Iniciando daemon de túnel Pinggy ===
[2026-02-26 18:56:00] Backend no activo. Iniciando Flask...
[2026-02-26 18:56:10] === SODA‑NEXUS | Iniciando daemon de túnel Pinggy ===
[2026-02-26 18:56:10] Backend no activo. Iniciando Flask...
[2026-02-26 18:56:42] === SODA‑NEXUS | Iniciando daemon de túnel Pinggy ===
[2026-02-26 18:56:42] Backend no activo. Iniciando Flask...
[2026-02-26 18:57:47] === SODA‑NEXUS | Iniciando daemon de túnel Pinggy ===
[2026-02-26 18:57:47] Backend no activo. Iniciando Flask...
[2026-02-26 18:58:22] === SODA‑NEXUS | Iniciando daemon de túnel Pinggy ===
[2026-02-26 18:58:22] Backend no activo. Iniciando Flask...
[2026-02-26 18:59:21] === SODA‑NEXUS | Iniciando daemon de túnel Pinggy ===
[2026-02-26 18:59:21] Backend no activo. Iniciando Flask...
[2026-02-26 19:00:14] === SODA‑NEXUS | Iniciando daemon de túnel Pinggy ===
[2026-02-26 19:00:14] Backend no activo. Iniciando Flask...
[2026-02-26 19:00:57] === SODA‑NEXUS | Iniciando daemon de túnel Pinggy ===
[2026-02-26 19:00:57] Backend no activo. Iniciando Flask...
[2026-02-26 19:01:01] === SODA‑NEXUS | Iniciando daemon de túnel Pinggy ===
[2026-02-26 19:01:02] Backend no activo. Iniciando Flask...
[2026-02-26 19:01:12] === SODA‑NEXUS | Iniciando daemon de túnel Pinggy ===
[2026-02-26 19:01:12] Backend no activo. Iniciando Flask...
[2026-02-26 19:01:17] === SODA‑NEXUS | Iniciando daemon de túnel Pinggy ===
[2026-02-26 19:01:17] Backend no activo. Iniciando Flask...
[2026-02-26 19:01:22] === SODA‑NEXUS | Iniciando daemon de túnel Pinggy ===
[2026-02-26 19:01:22] Backend no activo. Iniciando Flask...
[2026-02-26 19:01:27] === SODA‑NEXUS | Iniciando daemon de túnel Pinggy ===
[2026-02-26 19:01:27] Backend no activo. Iniciando Flask...
[2026-02-26 19:01:33] === SODA‑NEXUS | Iniciando daemon de túnel Pinggy ===
[2026-02-26 19:01:33] Backend no activo. Iniciando Flask...
[2026-02-26 19:01:38] === SODA‑NEXUS | Iniciando daemon de túnel Pinggy ===
[2026-02-26 19:01:38] Backend no activo. Iniciando Flask...
[2026-02-26 19:01:43] === SODA‑NEXUS | Iniciando daemon de túnel Pinggy ===
[2026-02-26 19:01:43] Backend no activo. Iniciando Flask...
[2026-02-26 19:01:48] === SODA‑NEXUS | Iniciando daemon de túnel Pinggy ===
[2026-02-26 19:01:48] Backend no activo. Iniciando Flask...
[2026-02-26 19:01:53] === SODA‑NEXUS | Iniciando daemon de túnel Pinggy ===
[2026-02-26 19:01:53] Backend no activo. Iniciando Flask...
[2026-02-26 19:01:58] === SODA‑NEXUS | Iniciando daemon de túnel Pinggy ===
[2026-02-26 19:01:58] Backend no activo. Iniciando Flask...
[2026-02-26 19:02:03] === SODA‑NEXUS | Iniciando daemon de túnel Pinggy ===
[2026-02-26 19:02:03] Backend no activo. Iniciando Flask...
[2026-02-26 19:02:09] === SODA‑NEXUS | Iniciando daemon de túnel Pinggy ===
[2026-02-26 19:02:09] Backend no activo. Iniciando Flask...
[2026-02-26 19:02:14] === SODA‑NEXUS | Iniciando daemon de túnel Pinggy ===
[2026-02-26 19:02:14] Backend no activo. Iniciando Flask...
[2026-02-26 19:02:19] === SODA‑NEXUS | Iniciando daemon de túnel Pinggy ===
[2026-02-26 19:02:19] Backend no activo. Iniciando Flask...
[2026-02-26 19:02:24] === SODA‑NEXUS | Iniciando daemon de túnel Pinggy ===
[2026-02-26 19:02:24] Backend no activo. Iniciando Flask...
[2026-02-26 19:02:29] === SODA‑NEXUS | Iniciando daemon de túnel Pinggy ===
[2026-02-26 19:02:29] Backend no activo. Iniciando Flask...
[2026-02-26 19:02:34] === SODA‑NEXUS | Iniciando daemon de túnel Pinggy ===
[2026-02-26 19:02:34] Backend no activo. Iniciando Flask...
[2026-02-26 19:02:39] === SODA‑NEXUS | Iniciando daemon de túnel Pinggy ===
[2026-02-26 19:02:39] Backend no activo. Iniciando Flask...
[2026-02-26 19:02:44] === SODA‑NEXUS | Iniciando daemon de túnel Pinggy ===
[2026-02-26 19:02:44] Backend no activo. Iniciando Flask...
[2026-02-26 19:02:50] === SODA‑NEXUS | Iniciando daemon de túnel Pinggy ===
[2026-02-26 19:02:50] Backend no activo. Iniciando Flask...
[2026-02-26 19:02:55] === SODA‑NEXUS | Iniciando daemon de túnel Pinggy ===
[2026-02-26 19:02:55] Backend no activo. Iniciando Flask...
[2026-02-26 19:03:00] === SODA‑NEXUS | Iniciando daemon de túnel Pinggy ===
[2026-02-26 19:03:00] Backend no activo. Iniciando Flask...
[2026-02-26 19:03:05] === SODA‑NEXUS | Iniciando daemon de túnel Pinggy ===
[2026-02-26 19:03:05] Backend no activo. Iniciando Flask...
[2026-02-26 19:03:10] === SODA‑NEXUS | Iniciando daemon de túnel Pinggy ===
[2026-02-26 19:03:10] Backend no activo. Iniciando Flask...
[2026-02-26 19:03:15] === SODA‑NEXUS | Iniciando daemon de túnel Pinggy ===
[2026-02-26 19:03:15] Backend no activo. Iniciando Flask...
[2026-02-26 19:03:21] === SODA‑NEXUS | Iniciando daemon de túnel Pinggy ===
[2026-02-26 19:03:21] Backend no activo. Iniciando Flask...
[2026-02-26 19:03:26] === SODA‑NEXUS | Iniciando daemon de túnel Pinggy ===
[2026-02-26 19:03:26] Backend no activo. Iniciando Flask...
[2026-02-26 19:03:31] === SODA‑NEXUS | Iniciando daemon de túnel Pinggy ===
[2026-02-26 19:03:31] Backend no activo. Iniciando Flask...
[2026-02-26 19:03:42] === SODA‑NEXUS | Iniciando daemon de túnel Pinggy ===
[2026-02-26 19:03:42] Backend no activo. Iniciando Flask...
[2026-02-26 19:03:47] === SODA‑NEXUS | Iniciando daemon de túnel Pinggy ===
[2026-02-26 19:03:47] Backend no activo. Iniciando Flask...
[2026-02-26 19:04:16] === SODA‑NEXUS | Iniciando daemon de túnel Pinggy ===
[2026-02-26 19:04:16] Backend no activo. Iniciando Flask...
[2026-02-26 19:04:30] === SODA‑NEXUS | Iniciando daemon de túnel Pinggy ===
[2026-02-26 19:04:31] Backend no activo. Iniciando Flask...
[2026-02-26 19:04:42] === SODA‑NEXUS | Iniciando daemon de túnel Pinggy ===
[2026-02-26 19:04:42] Backend no activo. Iniciando Flask...
[2026-02-26 19:04:52] === SODA‑NEXUS | Iniciando daemon de túnel Pinggy ===
[2026-02-26 19:04:52] Backend no activo. Iniciando Flask...
[2026-02-26 19:05:00] === SODA‑NEXUS | Iniciando daemon de túnel Pinggy ===
[2026-02-26 19:05:00] Backend no activo. Iniciando Flask...
[2026-02-26 19:05:17] === SODA‑NEXUS | Iniciando daemon de túnel Pinggy ===
[2026-02-26 19:05:17] Backend no activo. Iniciando Flask...
[2026-02-26 19:05:31] === SODA‑NEXUS | Iniciando daemon de túnel Pinggy ===
[2026-02-26 19:05:31] Backend no activo. Iniciando Flask...
[2026-02-26 19:05:42] === SODA‑NEXUS | Iniciando daemon de túnel Pinggy ===
[2026-02-26 19:05:42] Backend no activo. Iniciando Flask...
[2026-02-26 19:06:41] === SODA‑NEXUS | Iniciando daemon de túnel Pinggy ===
[2026-02-26 19:06:41] Backend no activo. Iniciando Flask...
[2026-02-26 19:07:14] === SODA‑NEXUS | Iniciando daemon de túnel Pinggy ===
[2026-02-26 19:07:14] Backend no activo. Iniciando Flask...
[2026-02-26 19:07:21] === SODA‑NEXUS | Iniciando daemon de túnel Pinggy ===
[2026-02-26 19:07:21] Backend no activo. Iniciando Flask...
[2026-02-26 19:07:33] === SODA‑NEXUS | Iniciando daemon de túnel Pinggy ===
[2026-02-26 19:07:33] Backend no activo. Iniciando Flask...
[2026-02-26 19:07:41] === SODA‑NEXUS | Iniciando daemon de túnel Pinggy ===
[2026-02-26 19:07:41] Backend no activo. Iniciando Flask...
[2026-02-26 19:09:34] === SODA‑NEXUS | Iniciando daemon de túnel Pinggy ===
[2026-02-26 19:09:34] Backend no activo. Iniciando Flask...
[2026-02-26 19:10:27] === SODA‑NEXUS | Iniciando daemon de túnel Pinggy ===
[2026-02-26 19:10:27] Backend no activo. Iniciando Flask...
[2026-02-26 19:10:35] === SODA‑NEXUS | Iniciando daemon de túnel Pinggy ===
[2026-02-26 19:10:35] Backend no activo. Iniciando Flask...
[2026-02-26 19:11:28] === SODA‑NEXUS | Iniciando daemon de túnel Pinggy ===
[2026-02-26 19:11:28] Backend no activo. Iniciando Flask...
[2026-02-26 19:11:36] === SODA‑NEXUS | Iniciando daemon de túnel Pinggy ===
[2026-02-26 19:11:36] Backend no activo. Iniciando Flask...
[2026-02-26 19:12:41] === SODA‑NEXUS | Iniciando daemon de túnel Pinggy ===
[2026-02-26 19:12:41] Backend no activo. Iniciando Flask...
[2026-02-26 19:13:22] === SODA‑NEXUS | Iniciando daemon de túnel Pinggy ===
[2026-02-26 19:13:22] Backend no activo. Iniciando Flask...
[2026-02-26 19:13:29] === SODA‑NEXUS | Iniciando daemon de túnel Pinggy ===
[2026-02-26 19:13:29] Backend no activo. Iniciando Flask...
[2026-02-26 19:13:39] === SODA‑NEXUS | Iniciando daemon de túnel Pinggy ===
[2026-02-26 19:13:39] Backend no activo. Iniciando Flask...
[2026-02-26 19:13:41] === SODA‑NEXUS | Iniciando daemon de túnel Pinggy ===
[2026-02-26 19:13:41] Backend no activo. Iniciando Flask...
[2026-02-26 19:14:10] === SODA‑NEXUS | Iniciando daemon de túnel Pinggy ===
[2026-02-26 19:14:10] Backend no activo. Iniciando Flask...
[2026-02-26 19:14:41] === SODA‑NEXUS | Iniciando daemon de túnel Pinggy ===
[2026-02-26 19:14:41] Backend no activo. Iniciando Flask...
[2026-02-26 19:16:07] === SODA‑NEXUS | Iniciando daemon de túnel Pinggy ===
[2026-02-26 19:16:07] Backend no activo. Iniciando Flask...
[2026-02-26 19:17:15] === SODA‑NEXUS | Iniciando daemon de túnel Pinggy ===
[2026-02-26 19:17:16] Backend no activo. Iniciando Flask...
[2026-02-26 19:17:41] === SODA‑NEXUS | Iniciando daemon de túnel Pinggy ===
[2026-02-26 19:17:41] Backend no activo. Iniciando Flask...
[2026-02-26 19:18:26] === SODA‑NEXUS | Iniciando daemon de túnel Pinggy ===
[2026-02-26 19:18:26] Backend no activo. Iniciando Flask...
[2026-02-26 19:18:35] === SODA‑NEXUS | Iniciando daemon de túnel Pinggy ===
[2026-02-26 19:18:35] Backend no activo. Iniciando Flask...
[2026-02-26 19:18:45] === SODA‑NEXUS | Iniciando daemon de túnel Pinggy ===
[2026-02-26 19:18:45] Backend no activo. Iniciando Flask...
[2026-02-26 19:19:11] === SODA‑NEXUS | Iniciando daemon de túnel Pinggy ===
[2026-02-26 19:19:11] Backend no activo. Iniciando Flask...
[2026-02-26 19:19:19] === SODA‑NEXUS | Iniciando daemon de túnel Pinggy ===
[2026-02-26 19:19:19] Backend no activo. Iniciando Flask...
[2026-02-26 19:19:41] === SODA‑NEXUS | Iniciando daemon de túnel Pinggy ===
[2026-02-26 19:19:41] Backend no activo. Iniciando Flask...
[2026-02-26 19:21:16] === SODA‑NEXUS | Iniciando daemon de túnel Pinggy ===
[2026-02-26 19:21:16] Backend no activo. Iniciando Flask...
[2026-02-26 19:22:03] === SODA‑NEXUS | Iniciando daemon de túnel Pinggy ===
[2026-02-26 19:22:03] Backend no activo. Iniciando Flask...
[2026-02-26 19:22:22] === SODA‑NEXUS | Iniciando daemon de túnel Pinggy ===
[2026-02-26 19:22:22] Backend no activo. Iniciando Flask...
[2026-02-26 19:23:32] === SODA‑NEXUS | Iniciando daemon de túnel Pinggy ===
[2026-02-26 19:23:33] Backend no activo. Iniciando Flask...
[2026-02-26 19:24:29] === SODA‑NEXUS | Iniciando daemon de túnel Pinggy ===
[2026-02-26 19:24:29] Backend no activo. Iniciando Flask...
[2026-02-26 19:25:11] === SODA‑NEXUS | Iniciando daemon de túnel Pinggy ===
[2026-02-26 19:25:11] Backend no activo. Iniciando Flask...
[2026-02-26 19:26:20] === SODA‑NEXUS | Iniciando daemon de túnel Pinggy ===
[2026-02-26 19:26:20] Backend no activo. Iniciando Flask...
[2026-02-26 19:27:42] === SODA‑NEXUS | Iniciando daemon de túnel Pinggy ===
[2026-02-26 19:27:42] Backend no activo. Iniciando Flask...
[2026-02-26 19:29:41] === SODA‑NEXUS | Iniciando daemon de túnel Pinggy ===
[2026-02-26 19:29:41] Backend no activo. Iniciando Flask...
[2026-02-26 19:31:24] === SODA‑NEXUS | Iniciando daemon de túnel Pinggy ===
[2026-02-26 19:31:24] Backend no activo. Iniciando Flask...
[2026-02-26 19:31:33] === SODA‑NEXUS | Iniciando daemon de túnel Pinggy ===
[2026-02-26 19:31:33] Backend no activo. Iniciando Flask...
[2026-02-26 19:32:24] === SODA‑NEXUS | Iniciando daemon de túnel Pinggy ===
[2026-02-26 19:32:24] Backend no activo. Iniciando Flask...
[2026-02-26 19:34:24] === SODA‑NEXUS | Iniciando daemon de túnel Pinggy ===
[2026-02-26 19:34:24] Backend no activo. Iniciando Flask...
[2026-02-26 19:35:33] === SODA‑NEXUS | Iniciando daemon de túnel Pinggy ===
[2026-02-26 19:35:33] Backend no activo. Iniciando Flask...
[2026-02-26 19:36:41] === SODA‑NEXUS | Iniciando daemon de túnel Pinggy ===
[2026-02-26 19:36:41] Backend no activo. Iniciando Flask...
[2026-02-26 19:38:23] === SODA‑NEXUS | Iniciando daemon de túnel Pinggy ===
[2026-02-26 19:38:23] Backend no activo. Iniciando Flask...
[2026-02-26 19:40:23] === SODA‑NEXUS | Iniciando daemon de túnel Pinggy ===
[2026-02-26 19:40:23] Backend no activo. Iniciando Flask...
[2026-02-26 19:41:58] === SODA‑NEXUS | Iniciando daemon de túnel Pinggy ===
[2026-02-26 19:41:58] Backend no activo. Iniciando Flask...
[2026-02-26 19:42:20] === SODA‑NEXUS | Iniciando daemon de túnel Pinggy ===
[2026-02-26 19:42:20] Backend no activo. Iniciando Flask...
[2026-02-26 19:43:24] === SODA‑NEXUS | Iniciando daemon de túnel Pinggy ===
[2026-02-26 19:43:24] Backend no activo. Iniciando Flask...
[2026-02-26 19:44:36] === SODA‑NEXUS | Iniciando daemon de túnel Pinggy ===
[2026-02-26 19:44:36] Backend no activo. Iniciando Flask...
[2026-02-26 19:45:41] === SODA‑NEXUS | Iniciando daemon de túnel Pinggy ===
[2026-02-26 19:45:41] Backend no activo. Iniciando Flask...
[2026-02-26 19:46:00] === SODA‑NEXUS | Iniciando daemon de túnel Pinggy ===
[2026-02-26 19:46:00] Backend no activo. Iniciando Flask...
[2026-02-26 19:46:47] === SODA‑NEXUS | Iniciando daemon de túnel Pinggy ===
[2026-02-26 19:46:47] Backend no activo. Iniciando Flask...
[2026-02-26 19:48:24] === SODA‑NEXUS | Iniciando daemon de túnel Pinggy ===
[2026-02-26 19:48:24] Backend no activo. Iniciando Flask...
[2026-02-26 19:50:24] === SODA‑NEXUS | Iniciando daemon de túnel Pinggy ===
[2026-02-26 19:50:24] Backend no activo. Iniciando Flask...
[2026-02-26 19:52:18] === SODA‑NEXUS | Iniciando daemon de túnel Pinggy ===
[2026-02-26 19:52:18] Backend no activo. Iniciando Flask...
[2026-02-26 19:53:42] === SODA‑NEXUS | Iniciando daemon de túnel Pinggy ===
[2026-02-26 19:53:42] Backend no activo. Iniciando Flask...
[2026-02-26 19:53:47] === SODA‑NEXUS | Iniciando daemon de túnel Pinggy ===
[2026-02-26 19:53:47] Backend no activo. Iniciando Flask...
[2026-02-26 19:53:53] === SODA‑NEXUS | Iniciando daemon de túnel Pinggy ===
[2026-02-26 19:53:53] Backend no activo. Iniciando Flask...
[2026-02-26 19:55:41] === SODA‑NEXUS | Iniciando daemon de túnel Pinggy ===
[2026-02-26 19:55:41] Backend no activo. Iniciando Flask...
[2026-02-26 19:56:41] === SODA‑NEXUS | Iniciando daemon de túnel Pinggy ===
[2026-02-26 19:56:41] Backend no activo. Iniciando Flask...
[2026-02-26 19:58:21] === SODA‑NEXUS | Iniciando daemon de túnel Pinggy ===
[2026-02-26 19:58:21] Backend no activo. Iniciando Flask...
[2026-02-26 19:59:26] === SODA‑NEXUS | Iniciando daemon de túnel Pinggy ===
[2026-02-26 19:59:26] Backend no activo. Iniciando Flask...
[2026-02-26 20:00:25] === SODA‑NEXUS | Iniciando daemon de túnel Pinggy ===
[2026-02-26 20:00:25] Backend no activo. Iniciando Flask...
[2026-02-26 20:01:34] === SODA‑NEXUS | Iniciando daemon de túnel Pinggy ===
[2026-02-26 20:01:34] Backend no activo. Iniciando Flask...
[2026-02-26 20:03:24] === SODA‑NEXUS | Iniciando daemon de túnel Pinggy ===
[2026-02-26 20:03:24] Backend no activo. Iniciando Flask...
[2026-02-26 20:04:41] === SODA‑NEXUS | Iniciando daemon de túnel Pinggy ===
[2026-02-26 20:04:41] Backend no activo. Iniciando Flask...
[2026-02-26 20:06:24] === SODA‑NEXUS | Iniciando daemon de túnel Pinggy ===
[2026-02-26 20:06:24] Backend no activo. Iniciando Flask...
[2026-02-26 20:08:20] === SODA‑NEXUS | Iniciando daemon de túnel Pinggy ===
[2026-02-26 20:08:20] Backend no activo. Iniciando Flask...
[2026-02-26 20:08:48] === SODA‑NEXUS | Iniciando daemon de túnel Pinggy ===
[2026-02-26 20:08:48] Backend no activo. Iniciando Flask...
[2026-02-26 20:09:41] === SODA‑NEXUS | Iniciando daemon de túnel Pinggy ===
[2026-02-26 20:09:41] Backend no activo. Iniciando Flask...
[2026-02-26 20:11:24] === SODA‑NEXUS | Iniciando daemon de túnel Pinggy ===
[2026-02-26 20:11:24] Backend no activo. Iniciando Flask...
[2026-02-26 20:11:41] === SODA‑NEXUS | Iniciando daemon de túnel Pinggy ===
[2026-02-26 20:11:41] Backend no activo. Iniciando Flask...
[2026-02-26 20:12:16] === SODA‑NEXUS | Iniciando daemon de túnel Pinggy ===
[2026-02-26 20:12:16] Backend no activo. Iniciando Flask...
[2026-02-26 20:12:42] === SODA‑NEXUS | Iniciando daemon de túnel Pinggy ===
[2026-02-26 20:12:42] Backend no activo. Iniciando Flask...
[2026-02-26 20:14:13] === SODA‑NEXUS | Iniciando daemon de túnel Pinggy ===
[2026-02-26 20:14:13] Backend no activo. Iniciando Flask...
[2026-02-26 20:15:40] === SODA‑NEXUS | Iniciando daemon de túnel Pinggy ===
[2026-02-26 20:15:40] Backend no activo. Iniciando Flask...
[2026-02-26 20:16:36] === SODA‑NEXUS | Iniciando daemon de túnel Pinggy ===
[2026-02-26 20:16:36] Backend no activo. Iniciando Flask...
[2026-02-26 20:17:25] === SODA‑NEXUS | Iniciando daemon de túnel Pinggy ===
[2026-02-26 20:17:25] Backend no activo. Iniciando Flask...
[2026-02-26 20:19:11] === SODA‑NEXUS | Iniciando daemon de túnel Pinggy ===
[2026-02-26 20:19:11] Backend no activo. Iniciando Flask...
[2026-02-26 20:19:26] === SODA‑NEXUS | Iniciando daemon de túnel Pinggy ===
[2026-02-26 20:19:26] Backend no activo. Iniciando Flask...
[2026-02-26 20:20:41] === SODA‑NEXUS | Iniciando daemon de túnel Pinggy ===
[2026-02-26 20:20:41] Backend no activo. Iniciando Flask...
[2026-02-26 20:21:42] === SODA‑NEXUS | Iniciando daemon de túnel Pinggy ===
[2026-02-26 20:21:42] Backend no activo. Iniciando Flask...
[2026-02-26 20:21:47] === SODA‑NEXUS | Iniciando daemon de túnel Pinggy ===
[2026-02-26 20:21:47] Backend no activo. Iniciando Flask...
[2026-02-26 20:22:41] === SODA‑NEXUS | Iniciando daemon de túnel Pinggy ===
[2026-02-26 20:22:41] Backend no activo. Iniciando Flask...
[2026-02-26 20:24:25] === SODA‑NEXUS | Iniciando daemon de túnel Pinggy ===
[2026-02-26 20:24:25] Backend no activo. Iniciando Flask...
[2026-02-26 20:25:11] === SODA‑NEXUS | Iniciando daemon de túnel Pinggy ===
[2026-02-26 20:25:11] Backend no activo. Iniciando Flask...
[2026-02-26 20:26:23] === SODA‑NEXUS | Iniciando daemon de túnel Pinggy ===
[2026-02-26 20:26:23] Backend no activo. Iniciando Flask...
[2026-02-26 20:28:24] === SODA‑NEXUS | Iniciando daemon de túnel Pinggy ===
[2026-02-26 20:28:24] Backend no activo. Iniciando Flask...
[2026-02-26 20:29:12] === SODA‑NEXUS | Iniciando daemon de túnel Pinggy ===
[2026-02-26 20:29:13] Backend no activo. Iniciando Flask...
[2026-02-26 20:30:26] === SODA‑NEXUS | Iniciando daemon de túnel Pinggy ===
[2026-02-26 20:30:26] Backend no activo. Iniciando Flask...
[2026-02-26 20:31:41] === SODA‑NEXUS | Iniciando daemon de túnel Pinggy ===
[2026-02-26 20:31:41] Backend no activo. Iniciando Flask...
[2026-02-26 20:32:23] === SODA‑NEXUS | Iniciando daemon de túnel Pinggy ===
[2026-02-26 20:32:23] Backend no activo. Iniciando Flask...
[2026-02-26 20:32:28] === SODA‑NEXUS | Iniciando daemon de túnel Pinggy ===
[2026-02-26 20:32:28] Backend no activo. Iniciando Flask...
[2026-02-26 20:32:33] === SODA‑NEXUS | Iniciando daemon de túnel Pinggy ===
[2026-02-26 20:32:33] Backend no activo. Iniciando Flask...
[2026-02-26 20:32:38] === SODA‑NEXUS | Iniciando daemon de túnel Pinggy ===
[2026-02-26 20:32:38] Backend no activo. Iniciando Flask...
[2026-02-26 20:32:44] === SODA‑NEXUS | Iniciando daemon de túnel Pinggy ===
[2026-02-26 20:32:44] Backend no activo. Iniciando Flask...
[2026-02-26 20:32:49] === SODA‑NEXUS | Iniciando daemon de túnel Pinggy ===
[2026-02-26 20:32:49] Backend no activo. Iniciando Flask...
[2026-02-26 20:32:54] === SODA‑NEXUS | Iniciando daemon de túnel Pinggy ===
[2026-02-26 20:32:54] Backend no activo. Iniciando Flask...
[2026-02-26 20:32:59] === SODA‑NEXUS | Iniciando daemon de túnel Pinggy ===
[2026-02-26 20:32:59] Backend no activo. Iniciando Flask...
[2026-02-26 20:33:04] === SODA‑NEXUS | Iniciando daemon de túnel Pinggy ===
[2026-02-26 20:33:04] Backend no activo. Iniciando Flask...
[2026-02-26 20:33:09] === SODA‑NEXUS | Iniciando daemon de túnel Pinggy ===
[2026-02-26 20:33:09] Backend no activo. Iniciando Flask...
[2026-02-26 20:33:14] === SODA‑NEXUS | Iniciando daemon de túnel Pinggy ===
[2026-02-26 20:33:14] Backend no activo. Iniciando Flask...
[2026-02-26 20:33:20] === SODA‑NEXUS | Iniciando daemon de túnel Pinggy ===
[2026-02-26 20:33:20] Backend no activo. Iniciando Flask...
[2026-02-26 20:33:25] === SODA‑NEXUS | Iniciando daemon de túnel Pinggy ===
[2026-02-26 20:33:25] Backend no activo. Iniciando Flask...
[2026-02-26 20:33:30] === SODA‑NEXUS | Iniciando daemon de túnel Pinggy ===
[2026-02-26 20:33:30] Backend no activo. Iniciando Flask...
[2026-02-26 20:33:35] === SODA‑NEXUS | Iniciando daemon de túnel Pinggy ===
[2026-02-26 20:33:35] Backend no activo. Iniciando Flask...
[2026-02-26 20:33:40] === SODA‑NEXUS | Iniciando daemon de túnel Pinggy ===
[2026-02-26 20:33:40] Backend no activo. Iniciando Flask...
[2026-02-26 20:33:45] === SODA‑NEXUS | Iniciando daemon de túnel Pinggy ===
[2026-02-26 20:33:45] Backend no activo. Iniciando Flask...
[2026-02-26 20:33:50] === SODA‑NEXUS | Iniciando daemon de túnel Pinggy ===
[2026-02-26 20:33:50] Backend no activo. Iniciando Flask...
[2026-02-26 20:33:55] === SODA‑NEXUS | Iniciando daemon de túnel Pinggy ===
[2026-02-26 20:33:56] Backend no activo. Iniciando Flask...
[2026-02-26 20:34:41] === SODA‑NEXUS | Iniciando daemon de túnel Pinggy ===
[2026-02-26 20:34:41] Backend no activo. Iniciando Flask...
[2026-02-26 20:36:41] === SODA‑NEXUS | Iniciando daemon de túnel Pinggy ===
[2026-02-26 20:36:41] Backend no activo. Iniciando Flask...
[2026-02-26 20:38:30] === SODA‑NEXUS | Iniciando daemon de túnel Pinggy ===
[2026-02-26 20:38:30] Backend no activo. Iniciando Flask...
[2026-02-26 20:40:04] === SODA‑NEXUS | Iniciando daemon de túnel Pinggy ===
[2026-02-26 20:40:04] Backend no activo. Iniciando Flask...
[2026-02-26 20:40:41] === SODA‑NEXUS | Iniciando daemon de túnel Pinggy ===
[2026-02-26 20:40:41] Backend no activo. Iniciando Flask...
[2026-02-26 20:41:06] === SODA‑NEXUS | Iniciando daemon de túnel Pinggy ===
[2026-02-26 20:41:06] Backend no activo. Iniciando Flask...
[2026-02-26 20:41:23] === SODA‑NEXUS | Iniciando daemon de túnel Pinggy ===
[2026-02-26 20:41:23] Backend no activo. Iniciando Flask...
[2026-02-26 20:41:50] === SODA‑NEXUS | Iniciando daemon de túnel Pinggy ===
[2026-02-26 20:41:50] Backend no activo. Iniciando Flask...
[2026-02-26 20:41:57] === SODA‑NEXUS | Iniciando daemon de túnel Pinggy ===
[2026-02-26 20:41:57] Backend no activo. Iniciando Flask...
[2026-02-26 20:42:06] === SODA‑NEXUS | Iniciando daemon de túnel Pinggy ===
[2026-02-26 20:42:06] Backend no activo. Iniciando Flask...
[2026-02-26 20:42:07] === SODA‑NEXUS | Iniciando daemon de túnel Pinggy ===
[2026-02-26 20:42:07] Backend no activo. Iniciando Flask...
[2026-02-26 20:42:30] === SODA‑NEXUS | Iniciando daemon de túnel Pinggy ===
[2026-02-26 20:42:30] Backend no activo. Iniciando Flask...
[2026-02-26 20:43:04] === SODA‑NEXUS | Iniciando daemon de túnel Pinggy ===
[2026-02-26 20:43:04] Backend no activo. Iniciando Flask...
[2026-02-26 20:43:14] === SODA‑NEXUS | Iniciando daemon de túnel Pinggy ===
[2026-02-26 20:43:14] Backend no activo. Iniciando Flask...
[2026-02-26 20:43:24] === SODA‑NEXUS | Iniciando daemon de túnel Pinggy ===
[2026-02-26 20:43:25] Backend no activo. Iniciando Flask...
[2026-02-26 20:43:40] === SODA‑NEXUS | Iniciando daemon de túnel Pinggy ===
[2026-02-26 20:43:40] Backend no activo. Iniciando Flask...
[2026-02-26 20:43:42] === SODA‑NEXUS | Iniciando daemon de túnel Pinggy ===
[2026-02-26 20:43:42] Backend no activo. Iniciando Flask...
[2026-02-26 20:43:47] === SODA‑NEXUS | Iniciando daemon de túnel Pinggy ===
[2026-02-26 20:43:47] Backend no activo. Iniciando Flask...
[2026-02-26 20:43:52] === SODA‑NEXUS | Iniciando daemon de túnel Pinggy ===
[2026-02-26 20:43:52] Backend no activo. Iniciando Flask...
[2026-02-26 20:44:31] === SODA‑NEXUS | Iniciando daemon de túnel Pinggy ===
[2026-02-26 20:44:31] Backend no activo. Iniciando Flask...
[2026-02-26 20:44:44] === SODA‑NEXUS | Iniciando daemon de túnel Pinggy ===
[2026-02-26 20:44:44] Backend no activo. Iniciando Flask...
[2026-02-26 20:45:06] === SODA‑NEXUS | Iniciando daemon de túnel Pinggy ===
[2026-02-26 20:45:06] Backend no activo. Iniciando Flask...
[2026-02-26 20:45:51] === SODA‑NEXUS | Iniciando daemon de túnel Pinggy ===
[2026-02-26 20:45:51] Backend no activo. Iniciando Flask...
[2026-02-26 20:47:19] === SODA‑NEXUS | Iniciando daemon de túnel Pinggy ===
[2026-02-26 20:47:19] Backend no activo. Iniciando Flask...
[2026-02-26 20:47:49] === SODA‑NEXUS | Iniciando daemon de túnel Pinggy ===
[2026-02-26 20:47:49] Backend no activo. Iniciando Flask...
[2026-02-26 20:49:28] === SODA‑NEXUS | Iniciando daemon de túnel Pinggy ===
[2026-02-26 20:49:28] Backend no activo. Iniciando Flask...
[2026-02-26 20:50:03] === SODA‑NEXUS | Iniciando daemon de túnel Pinggy ===
[2026-02-26 20:50:03] Backend no activo. Iniciando Flask...
[2026-02-26 20:52:00] === SODA‑NEXUS | Iniciando daemon de túnel Pinggy ===
[2026-02-26 20:52:00] Backend no activo. Iniciando Flask...
[2026-02-26 20:53:09] Iniciando túnel Pinggy...
[2026-02-26 20:53:13] === SODA‑NEXUS | Iniciando daemon de túnel Pinggy ===
[2026-02-26 20:53:13] Backend no activo. Esperando servicio snx-backend...
[2026-02-26 20:53:18] Iniciando túnel Pinggy...
[2026-02-26 21:09:44] === SODA‑NEXUS | Iniciando daemon de túnel Pinggy ===
[2026-02-26 21:09:44] Backend no activo. Esperando servicio snx-backend...
[2026-02-26 21:09:49] Iniciando túnel Pinggy...
[2026-02-26 21:19:06] === SODA‑NEXUS | Iniciando daemon de túnel Pinggy ===
[2026-02-26 21:19:06] Backend no activo. Esperando servicio snx-backend...
[2026-02-26 21:19:11] Iniciando túnel Pinggy...
[2026-02-26 22:19:43] Túnel activo: https://pishy-2607-fb92-1c85-b852-741b-d45c-a060-13d7.a.free.pinggy.link
[2026-02-26 22:19:43] Esperando reconexión si el túnel cae...
[2026-02-26 22:20:10] Iniciando túnel Pinggy...
[2026-02-26 23:21:31] Túnel activo: https://pofep-2607-fb92-1c85-b852-741b-d45c-a060-13d7.a.free.pinggy.link
[2026-02-26 23:21:31] Esperando reconexión si el túnel cae...
[2026-02-26 23:22:31] Iniciando túnel Pinggy...
[2026-02-26 23:47:46] Túnel activo: https://ktwrn-2607-fb92-1c85-b852-741b-d45c-a060-13d7.a.free.pinggy.link
[2026-02-26 23:47:46] Esperando reconexión si el túnel cae...
[2026-02-26 23:48:17] Iniciando túnel Pinggy...
[2026-02-26 23:56:00] Túnel activo: https://qlsgu-172-56-99-172.a.free.pinggy.link
[2026-02-26 23:56:00] Esperando reconexión si el túnel cae...
[2026-02-26 23:56:05] Iniciando túnel Pinggy...
[2026-02-27 00:00:04] Túnel activo: https://lsarh-2607-fb92-1c85-b852-741b-d45c-a060-13d7.a.free.pinggy.link
[2026-02-27 00:00:04] Esperando reconexión si el túnel cae...
[2026-02-27 00:00:34] Iniciando túnel Pinggy...
[2026-02-27 00:03:25] Túnel activo: https://exanf-2607-fb92-1c85-b852-741b-d45c-a060-13d7.a.free.pinggy.link
[2026-02-27 00:03:26] Esperando reconexión si el túnel cae...
[2026-02-27 00:03:31] Iniciando túnel Pinggy...
[2026-02-27 00:03:34] Túnel activo: https://lyjef-2607-fb92-1c85-b852-741b-d45c-a060-13d7.a.free.pinggy.link
[2026-02-27 00:03:34] Esperando reconexión si el túnel cae...
[2026-02-27 00:03:39] Iniciando túnel Pinggy...
[2026-02-27 00:04:54] Túnel activo: https://pqorb-2607-fb92-1c85-b852-741b-d45c-a060-13d7.a.free.pinggy.link
[2026-02-27 00:04:54] Esperando reconexión si el túnel cae...
[2026-02-27 00:04:59] Iniciando túnel Pinggy...
[2026-02-27 00:05:28] Túnel activo: https://flece-2607-fb92-1c85-b852-741b-d45c-a060-13d7.a.free.pinggy.link
[2026-02-27 00:05:28] Esperando reconexión si el túnel cae...
[2026-02-27 00:05:33] Iniciando túnel Pinggy...
[2026-02-27 00:06:02] Túnel activo: https://eehpe-2607-fb92-1c85-b852-741b-d45c-a060-13d7.a.free.pinggy.link
[2026-02-27 00:06:02] Esperando reconexión si el túnel cae...
[2026-02-27 00:06:07] Iniciando túnel Pinggy...
[2026-02-27 00:06:36] Túnel activo: https://ltfnm-2607-fb92-1c85-b852-741b-d45c-a060-13d7.a.free.pinggy.link
[2026-02-27 00:06:36] Esperando reconexión si el túnel cae...
[2026-02-27 00:06:41] Iniciando túnel Pinggy...
[2026-02-27 00:07:10] Túnel activo: https://zrtbf-2607-fb92-1c85-b852-741b-d45c-a060-13d7.a.free.pinggy.link
[2026-02-27 00:07:10] Esperando reconexión si el túnel cae...
[2026-02-27 00:07:15] Iniciando túnel Pinggy...
[2026-02-27 00:07:44] Túnel activo: https://kfget-2607-fb92-1c85-b852-741b-d45c-a060-13d7.a.free.pinggy.link
[2026-02-27 00:07:44] Esperando reconexión si el túnel cae...
[2026-02-27 00:07:49] Iniciando túnel Pinggy...
[2026-02-27 00:08:18] Túnel activo: https://epfkr-2607-fb92-1c85-b852-741b-d45c-a060-13d7.a.free.pinggy.link
[2026-02-27 00:08:18] Esperando reconexión si el túnel cae...
[2026-02-27 00:08:23] Iniciando túnel Pinggy...
[2026-02-27 00:08:52] Túnel activo: https://sjpjd-2607-fb92-1c85-b852-741b-d45c-a060-13d7.a.free.pinggy.link
[2026-02-27 00:08:52] Esperando reconexión si el túnel cae...
[2026-02-27 00:08:57] Iniciando túnel Pinggy...
[2026-02-27 00:09:26] Túnel activo: https://dadxa-2607-fb92-1c85-b852-741b-d45c-a060-13d7.a.free.pinggy.link
[2026-02-27 00:09:26] Esperando reconexión si el túnel cae...
[2026-02-27 00:09:31] Iniciando túnel Pinggy...
[2026-02-27 00:10:00] Túnel activo: https://klmnh-2607-fb92-1c85-b852-741b-d45c-a060-13d7.a.free.pinggy.link
[2026-02-27 00:10:00] Esperando reconexión si el túnel cae...
[2026-02-27 00:10:05] Iniciando túnel Pinggy...
[2026-02-27 00:10:34] Túnel activo: https://puahd-2607-fb92-1c85-b852-741b-d45c-a060-13d7.a.free.pinggy.link
[2026-02-27 00:10:34] Esperando reconexión si el túnel cae...
[2026-02-27 00:10:39] Iniciando túnel Pinggy...
[2026-02-27 00:11:08] Túnel activo: https://uxekl-2607-fb92-1c85-b852-741b-d45c-a060-13d7.a.free.pinggy.link
[2026-02-27 00:11:08] Esperando reconexión si el túnel cae...
[2026-02-27 00:11:13] Iniciando túnel Pinggy...
[2026-02-27 00:11:42] Túnel activo: https://mwsql-2607-fb92-1c85-b852-741b-d45c-a060-13d7.a.free.pinggy.link
[2026-02-27 00:11:42] Esperando reconexión si el túnel cae...
[2026-02-27 00:11:47] Iniciando túnel Pinggy...
[2026-02-27 00:12:16] Túnel activo: https://mpphj-2607-fb92-1c85-b852-741b-d45c-a060-13d7.a.free.pinggy.link
[2026-02-27 00:12:16] Esperando reconexión si el túnel cae...
[2026-02-27 00:12:21] Iniciando túnel Pinggy...
[2026-02-27 00:12:50] Túnel activo: https://ikhfo-2607-fb92-1c85-b852-741b-d45c-a060-13d7.a.free.pinggy.link
[2026-02-27 00:12:50] Esperando reconexión si el túnel cae...
[2026-02-27 00:12:55] Iniciando túnel Pinggy...
[2026-02-27 00:13:24] Túnel activo: https://iiqet-2607-fb92-1c85-b852-741b-d45c-a060-13d7.a.free.pinggy.link
[2026-02-27 00:13:24] Esperando reconexión si el túnel cae...
[2026-02-27 00:13:29] Iniciando túnel Pinggy...
[2026-02-27 00:13:58] Túnel activo: https://mvvoi-2607-fb92-1c85-b852-741b-d45c-a060-13d7.a.free.pinggy.link
[2026-02-27 00:13:58] Esperando reconexión si el túnel cae...
[2026-02-27 00:14:03] Iniciando túnel Pinggy...
[2026-02-27 00:14:32] Túnel activo: https://luama-172-56-99-172.a.free.pinggy.link
[2026-02-27 00:14:32] Esperando reconexión si el túnel cae...
[2026-02-27 00:14:37] Iniciando túnel Pinggy...
