Mar 03 12:56:15.936 [notice] Tor 0.4.9.5 running on Linux with Libevent 2.1.12-stable, OpenSSL 3.6.1, Zlib 1.3.2, Liblzma 5.8.2, Libzstd N/A and Unknown N/A as libc.
Mar 03 12:56:15.936 [notice] Tor can't help you if you use it wrong! Learn how to be safe at https://support.torproject.org/faq/staying-anonymous/
Mar 03 12:56:15.937 [notice] Read configuration file "/data/data/com.termux/files/home/soda/02-SISTEMA/TOR/torrc_snx_v1".
Mar 03 12:56:15.939 [notice] Opening Socks listener on 127.0.0.1:9050
Mar 03 12:56:15.940 [notice] Opened Socks listener connection (ready) on 127.0.0.1:9050
Mar 03 12:56:15.000 [notice] Tor 0.4.9.5 opening log file.
Mar 03 12:56:15.928 [notice] We compiled with OpenSSL 30600010: OpenSSL 3.6.1 27 Jan 2026 and we are running with OpenSSL 30600010: 3.6.1. These two versions should be binary compatible.
Mar 03 12:56:15.936 [notice] Tor 0.4.9.5 running on Linux with Libevent 2.1.12-stable, OpenSSL 3.6.1, Zlib 1.3.2, Liblzma 5.8.2, Libzstd N/A and Unknown N/A as libc.
Mar 03 12:56:15.936 [notice] Tor can't help you if you use it wrong! Learn how to be safe at https://support.torproject.org/faq/staying-anonymous/
Mar 03 12:56:15.937 [notice] Read configuration file "/data/data/com.termux/files/home/soda/02-SISTEMA/TOR/torrc_snx_v1".
Mar 03 12:56:15.939 [notice] Opening Socks listener on 127.0.0.1:9050
Mar 03 12:56:15.940 [notice] Opened Socks listener connection (ready) on 127.0.0.1:9050
Mar 03 12:56:16.000 [notice] Set list of supported TLS groups to: ?*X25519MLKEM768 / ?SecP256r1MLKEM768 / *P-256:?X25519:P-224
Mar 03 12:56:16.000 [notice] Bootstrapped 0% (starting): Starting
Mar 03 12:56:16.000 [notice] Starting with guard context "default"
Mar 03 12:56:17.000 [notice] Bootstrapped 5% (conn): Connecting to a relay
Mar 03 12:56:17.000 [notice] Bootstrapped 10% (conn_done): Connected to a relay
Mar 03 12:56:18.000 [notice] Bootstrapped 14% (handshake): Handshaking with a relay
Mar 03 12:56:19.000 [notice] Bootstrapped 15% (handshake_done): Handshake with a relay done
Mar 03 12:56:19.000 [notice] Bootstrapped 20% (onehop_create): Establishing an encrypted directory connection
Mar 03 12:56:20.000 [notice] Bootstrapped 25% (requesting_status): Asking for networkstatus consensus
Mar 03 12:56:20.000 [notice] Bootstrapped 30% (loading_status): Loading networkstatus consensus
Mar 03 12:56:22.000 [notice] I learned some more directory information, but not enough to build a circuit: We have no usable consensus.
Mar 03 12:56:22.000 [notice] Bootstrapped 40% (loading_keys): Loading authority key certs
Mar 03 12:56:23.000 [notice] The current consensus has no exit nodes. Tor can only build internal paths, such as paths to onion services.
Mar 03 12:56:23.000 [notice] Bootstrapped 45% (requesting_descriptors): Asking for relay descriptors
Mar 03 12:56:23.000 [notice] I learned some more directory information, but not enough to build a circuit: We need more microdescriptors: we have 0/9767, and can only build 0% of likely paths. (We have 0% of guards bw, 0% of midpoint bw, and 0% of end bw (no exits in consensus, using mid) = 0% of path bw.)
Mar 03 12:56:24.000 [notice] Bootstrapped 50% (loading_descriptors): Loading relay descriptors
Mar 03 12:56:25.000 [notice] I learned some more directory information, but not enough to build a circuit: We need more microdescriptors: we have 0/9767, and can only build 0% of likely paths. (We have 0% of guards bw, 0% of midpoint bw, and 0% of end bw (no exits in consensus, using mid) = 0% of path bw.)
Mar 03 12:57:31.000 [notice] The current consensus contains exit nodes. Tor can build exit and internal paths.
Mar 03 12:57:47.000 [notice] Bootstrapped 56% (loading_descriptors): Loading relay descriptors
Mar 03 12:57:50.000 [notice] Bootstrapped 62% (loading_descriptors): Loading relay descriptors
Mar 03 12:57:53.000 [notice] Bootstrapped 69% (loading_descriptors): Loading relay descriptors
Mar 03 12:57:54.000 [notice] Bootstrapped 75% (enough_dirinfo): Loaded enough directory info to build circuits
Mar 03 12:57:54.000 [notice] Bootstrapped 90% (ap_handshake_done): Handshake finished with a relay to build circuits
Mar 03 12:57:54.000 [notice] Bootstrapped 95% (circuit_create): Establishing a Tor circuit
Mar 03 12:57:55.000 [notice] Bootstrapped 100% (done): Done
Mar 03 13:00:57.000 [notice] All current guards excluded by path restriction type 2; using an additional guard.
Mar 03 13:03:49.000 [notice] Received reload signal (hup). Reloading config and resetting internal state.
Mar 03 13:03:49.000 [notice] Read configuration file "/data/data/com.termux/files/home/soda/02-SISTEMA/TOR/torrc_snx_v1".
Mar 03 13:03:49.000 [notice] Tor 0.4.9.5 opening log file.
Mar 03 13:04:02.000 [notice] All current guards excluded by path restriction type 2; using an additional guard.
Mar 03 13:11:16.000 [notice] All current guards excluded by path restriction type 2; using an additional guard.
Mar 03 13:13:20.000 [notice] All current guards excluded by path restriction type 2; using an additional guard.
Mar 03 13:48:44.000 [notice] Catching signal TERM, exiting cleanly.
