Mar 03 13:22:11.992 [notice] Tor 0.4.9.5 running on Linux with Libevent 2.1.12-stable, OpenSSL 3.6.1, Zlib 1.3.2, Liblzma 5.8.2, Libzstd N/A and Unknown N/A as libc.
Mar 03 13:22:11.992 [notice] Tor can't help you if you use it wrong! Learn how to be safe at https://support.torproject.org/faq/staying-anonymous/
Mar 03 13:22:11.993 [notice] Read configuration file "/data/data/com.termux/files/home/soda/02-SISTEMA/TOR/torrc_snx_monitor_v2".
Mar 03 13:22:11.998 [notice] Opening Socks listener on 127.0.0.1:9050
Mar 03 13:22:11.998 [warn] Could not bind to 127.0.0.1:9050: Address already in use. Is Tor already running?
Mar 03 13:22:11.998 [warn] Failed to parse/validate config: Failed to bind one of the listener ports.
Mar 03 13:22:11.998 [err] Reading config failed--see warnings above.
Mar 04 20:54:00.572 [notice] Tor 0.4.9.5 running on Linux with Libevent 2.1.12-stable, OpenSSL 3.6.1, Zlib 1.3.2, Liblzma 5.8.2, Libzstd N/A and Unknown N/A as libc.
Mar 04 20:54:00.572 [notice] Tor can't help you if you use it wrong! Learn how to be safe at https://support.torproject.org/faq/staying-anonymous/
Mar 04 20:54:00.574 [notice] Read configuration file "/data/data/com.termux/files/home/soda/02-SISTEMA/TOR/torrc_snx_monitor_v2".
Mar 04 20:54:00.585 [notice] Opening Socks listener on 127.0.0.1:9050
Mar 04 20:54:00.585 [notice] Opened Socks listener connection (ready) on 127.0.0.1:9050
Mar 04 20:54:00.000 [notice] Set list of supported TLS groups to: ?*X25519MLKEM768 / ?SecP256r1MLKEM768 / *P-256:?X25519:P-224
Mar 04 20:54:00.000 [notice] Bootstrapped 0% (starting): Starting
Mar 04 20:54:02.000 [notice] Starting with guard context "default"
Mar 04 20:54:03.000 [notice] Bootstrapped 5% (conn): Connecting to a relay
Mar 04 20:54:03.000 [notice] Bootstrapped 10% (conn_done): Connected to a relay
Mar 04 20:54:04.000 [notice] Bootstrapped 14% (handshake): Handshaking with a relay
Mar 04 20:54:04.000 [notice] Bootstrapped 15% (handshake_done): Handshake with a relay done
Mar 04 20:54:04.000 [notice] Bootstrapped 20% (onehop_create): Establishing an encrypted directory connection
Mar 04 20:54:04.000 [notice] Bootstrapped 25% (requesting_status): Asking for networkstatus consensus
Mar 04 20:54:04.000 [notice] Bootstrapped 30% (loading_status): Loading networkstatus consensus
Mar 04 20:54:09.000 [notice] Bootstrapped 45% (requesting_descriptors): Asking for relay descriptors
Mar 04 20:54:09.000 [notice] I learned some more directory information, but not enough to build a circuit: We need more microdescriptors: we have 6615/9765, and can only build 34% of likely paths. (We have 71% of guards bw, 77% of midpoint bw, and 62% of exit bw = 34% of path bw.)
Mar 04 20:54:11.000 [notice] Bootstrapped 63% (loading_descriptors): Loading relay descriptors
Mar 04 20:54:17.000 [notice] Bootstrapped 71% (loading_descriptors): Loading relay descriptors
Mar 04 20:54:18.000 [notice] Bootstrapped 75% (enough_dirinfo): Loaded enough directory info to build circuits
Mar 04 20:54:19.000 [notice] Bootstrapped 90% (ap_handshake_done): Handshake finished with a relay to build circuits
Mar 04 20:54:19.000 [notice] Bootstrapped 95% (circuit_create): Establishing a Tor circuit
Mar 04 20:54:20.000 [notice] Bootstrapped 100% (done): Done
Mar 04 20:56:06.401 [notice] Tor 0.4.9.5 running on Linux with Libevent 2.1.12-stable, OpenSSL 3.6.1, Zlib 1.3.2, Liblzma 5.8.2, Libzstd N/A and Unknown N/A as libc.
Mar 04 20:56:06.401 [notice] Tor can't help you if you use it wrong! Learn how to be safe at https://support.torproject.org/faq/staying-anonymous/
Mar 04 20:56:06.402 [notice] Read configuration file "/data/data/com.termux/files/home/soda/02-SISTEMA/TOR/torrc_snx_monitor_v2".
Mar 04 20:56:06.404 [notice] Opening Socks listener on 127.0.0.1:9050
Mar 04 20:56:06.404 [warn] Could not bind to 127.0.0.1:9050: Address already in use. Is Tor already running?
Mar 04 20:56:06.405 [warn] Failed to parse/validate config: Failed to bind one of the listener ports.
Mar 04 20:56:06.405 [err] Reading config failed--see warnings above.
Mar 05 00:24:20.000 [notice] All current guards excluded by path restriction type 2; using an additional guard.
Mar 05 02:54:03.000 [notice] Heartbeat: Tor's uptime is 6:00 hours, with 15 circuits open. I've sent 3.31 MB and received 19.70 MB. I've received 0 connections on IPv4 and 0 on IPv6. I've made 6 connections with IPv4 and 0 with IPv6.
Mar 05 02:54:03.000 [notice] While bootstrapping, fetched this many bytes: 745708 (consensus network-status fetch); 10788426 (microdescriptor fetch)
Mar 05 02:54:03.000 [notice] While not bootstrapping, fetched this many bytes: 49562 (consensus network-status fetch); 5148006 (microdescriptor fetch)
Mar 05 02:54:03.000 [notice] Heartbeat: Our onion service received 0 v3 INTRODUCE2 cells and attempted to launch 0 rendezvous circuits.
Mar 05 03:24:11.000 [notice] Our directory information is no longer up-to-date enough to build circuits: We're missing descriptors for 1/3 of our primary entry guards (total microdescriptors: 9702/9740). That's ok. We will try to fetch missing descriptors soon.
Mar 05 03:24:11.000 [notice] I learned some more directory information, but not enough to build a circuit: We're missing descriptors for 1/3 of our primary entry guards (total microdescriptors: 9702/9740). That's ok. We will try to fetch missing descriptors soon.
Mar 05 03:24:13.000 [notice] We now have enough directory information to build circuits.
Mar 05 04:47:50.000 [notice] All current guards excluded by path restriction type 2; using an additional guard.
Mar 05 08:54:03.000 [notice] Heartbeat: Tor's uptime is 12:00 hours, with 15 circuits open. I've sent 6.34 MB and received 22.75 MB. I've received 0 connections on IPv4 and 0 on IPv6. I've made 8 connections with IPv4 and 0 with IPv6.
Mar 05 08:54:03.000 [notice] While bootstrapping, fetched this many bytes: 745708 (consensus network-status fetch); 10788426 (microdescriptor fetch)
Mar 05 08:54:03.000 [notice] While not bootstrapping, fetched this many bytes: 98528 (consensus network-status fetch); 5393645 (microdescriptor fetch)
Mar 05 08:54:03.000 [notice] Heartbeat: Our onion service received 0 v3 INTRODUCE2 cells and attempted to launch 0 rendezvous circuits.
