/data/data/com.termux/files/home/soda/03-OPERACIONES
в”њв”Ђв”Ђ BACKEND
в”‚В В  в”њв”Ђв”Ђ snx_backend_v1.py
в”‚В В  в””в”Ђв”Ђ snx_backend_v1_port5051.py
в”њв”Ђв”Ђ SNX-MONITOR.html
в”њв”Ђв”Ђ TELEGRAM
в”њв”Ђв”Ђ WEB
в”‚В В  в””в”Ђв”Ђ monitor
в”‚В В      в”њв”Ђв”Ђ config.js
в”‚В В      в”њв”Ђв”Ђ extensiones_monitor_v1.js
в”‚В В      в”њв”Ђв”Ђ index-2.html
в”‚В В      в”њв”Ђв”Ђ index-3.html
в”‚В В      в”њв”Ђв”Ђ index.html
в”‚В В      в”њв”Ђв”Ђ monitor-2.js
в”‚В В      в”њв”Ђв”Ђ monitor.js
в”‚В В      в”њв”Ђв”Ђ panel_institucional_v1.js
в”‚В В      в”њв”Ђв”Ђ snx-logs-2.js
в”‚В В      в””в”Ђв”Ђ snx-logs.js
в”њв”Ђв”Ђ WEBAPP
в”‚В В  в”њв”Ђв”Ђ README.md
в”‚В В  в”њв”Ђв”Ђ create-vite
в”‚В В  в”њв”Ђв”Ђ esbuild@0.27.3
в”‚В В  в”њв”Ђв”Ђ index.html
в”‚В В  в”њв”Ђв”Ђ jsconfig.json
в”‚В В  в”њв”Ђв”Ђ node
в”‚В В  в”њв”Ђв”Ђ node_modules
в”‚В В  в”‚В В  в”њв”Ђв”Ђ @esbuild
в”‚В В  в”‚В В  в”њв”Ђв”Ђ @jridgewell
в”‚В В  в”‚В В  в”њв”Ђв”Ђ @rollup
в”‚В В  в”‚В В  в”њв”Ђв”Ђ @sveltejs
в”‚В В  в”‚В В  в”њв”Ђв”Ђ @types
в”‚В В  в”‚В В  в”њв”Ђв”Ђ acorn
в”‚В В  в”‚В В  в”њв”Ђв”Ђ aria-query
в”‚В В  в”‚В В  в”њв”Ђв”Ђ axobject-query
в”‚В В  в”‚В В  в”њв”Ђв”Ђ clsx
в”‚В В  в”‚В В  в”њв”Ђв”Ђ deepmerge
в”‚В В  в”‚В В  в”њв”Ђв”Ђ devalue
в”‚В В  в”‚В В  в”њв”Ђв”Ђ esbuild
в”‚В В  в”‚В В  в”њв”Ђв”Ђ esm-env
в”‚В В  в”‚В В  в”њв”Ђв”Ђ esrap
в”‚В В  в”‚В В  в”њв”Ђв”Ђ fdir
в”‚В В  в”‚В В  в”њв”Ђв”Ђ is-reference
в”‚В В  в”‚В В  в”њв”Ђв”Ђ locate-character
в”‚В В  в”‚В В  в”њв”Ђв”Ђ magic-string
в”‚В В  в”‚В В  в”њв”Ђв”Ђ nanoid
в”‚В В  в”‚В В  в”њв”Ђв”Ђ obug
в”‚В В  в”‚В В  в”њв”Ђв”Ђ picocolors
в”‚В В  в”‚В В  в”њв”Ђв”Ђ picomatch
в”‚В В  в”‚В В  в”њв”Ђв”Ђ postcss
в”‚В В  в”‚В В  в”њв”Ђв”Ђ rollup
в”‚В В  в”‚В В  в”њв”Ђв”Ђ source-map-js
в”‚В В  в”‚В В  в”њв”Ђв”Ђ svelte
в”‚В В  в”‚В В  в”њв”Ђв”Ђ tinyglobby
в”‚В В  в”‚В В  в”њв”Ђв”Ђ vite
в”‚В В  в”‚В В  в”њв”Ђв”Ђ vitefu
в”‚В В  в”‚В В  в””в”Ђв”Ђ zimmerframe
в”‚В В  в”њв”Ђв”Ђ npx
в”‚В В  в”њв”Ђв”Ђ package-lock.json
в”‚В В  в”њв”Ђв”Ђ package.json
в”‚В В  в”њв”Ђв”Ђ public
в”‚В В  в”‚В В  в””в”Ђв”Ђ vite.svg
в”‚В В  в”њв”Ђв”Ђ src
в”‚В В  в”‚В В  в”њв”Ђв”Ђ App.svelte
в”‚В В  в”‚В В  в”њв”Ђв”Ђ Monitor.svelte
в”‚В В  в”‚В В  в””в”Ђв”Ђ api.js
в”‚В В  в”њв”Ђв”Ђ svelte.config.js
в”‚В В  в”њв”Ђв”Ђ vite
в”‚В В  в”њв”Ђв”Ђ vite.config.js
в”‚В В  в””в”Ђв”Ђ webapp@0.0.0
в”њв”Ђв”Ђ WEBAPP_BACKUP_20260223222530
в”‚В В  в””в”Ђв”Ђ node_modules
в”њв”Ђв”Ђ index.html
в”њв”Ђв”Ђ monitor
в”њв”Ђв”Ђ monitor.js
в”њв”Ђв”Ђ snx_ia_operaciones.sh
в””в”Ђв”Ђ snx_prepare_pages.sh

42 directories, 34 files
